#-----------------------------------------------------------
# Vivado v2020.1 (64-bit)
# SW Build 2902540 on Wed May 27 19:54:49 MDT 2020
# IP Build 2902112 on Wed May 27 22:43:36 MDT 2020
# Start of session at: Sat Sep 19 17:35:04 2020
# Process ID: 4336
# Current directory: C:/Users/ASUS/Desktop/¯§´¸/Vivado/Lab 1/RippleCarryAdder
# Command line: vivado.exe -gui_launcher_event rodinguilauncherevent5592 C:\Users\ASUS\Desktop\¯§´¸\Vivado\Lab 1\RippleCarryAdder\RippleCarryAdder.xpr
# Log file: C:/Users/ASUS/Desktop/¯§´¸/Vivado/Lab 1/RippleCarryAdder/vivado.log
# Journal file: C:/Users/ASUS/Desktop/¯§´¸/Vivado/Lab 1/RippleCarryAdder\vivado.jou
#-----------------------------------------------------------
start_gui
open_project {C:/Users/ASUS/Desktop/¯§´¸/Vivado/Lab 1/RippleCarryAdder/RippleCarryAdder.xpr}
Scanning sources...
Finished scanning sources
INFO: [IP_Flow 19-234] Refreshing IP repositories
INFO: [IP_Flow 19-1704] No user IP repositories specified
INFO: [IP_Flow 19-2313] Loaded Vivado IP repository 'C:/Xilinx/Vivado/2020.1/data/ip'.
open_project: Time (s): cpu = 00:00:13 ; elapsed = 00:00:05 . Memory (MB): peak = 1024.973 ; gain = 0.000
update_compile_order -fileset sources_1
add_files -norecurse C:/Users/ASUS/Downloads/Lab1_TeamX_RippleCarryAdder.v
update_compile_order -fileset sources_1
exit
INFO: [Common 17-206] Exiting Vivado at Sat Sep 19 17:40:31 2020...
