Vivado Simulator 2020.1
Copyright 1986-1999, 2001-2020 Xilinx, Inc. All Rights Reserved.
Running: D:/Vivado/Vivado/2020.1/bin/unwrapped/win64.o/xelab.exe -wto 0e97c0c4b27d454591460c8c94a19ac7 --incr --debug typical --relax --mt 2 -L xil_defaultlib -L unisims_ver -L unimacro_ver -L secureip --snapshot Lab2_Team3_Decode_and_Execute_t_behav xil_defaultlib.Lab2_Team3_Decode_and_Execute_t xil_defaultlib.glbl -log elaborate.log 
Using 2 slave threads.
Starting static elaboration
Pass Through NonSizing Optimizer
Completed static elaboration
Starting simulation data flow analysis
Completed simulation data flow analysis
Time Resolution for simulation is 1ps
Compiling module xil_defaultlib.MUX
Compiling module xil_defaultlib.XNOR
Compiling module xil_defaultlib.XOR
Compiling module xil_defaultlib.zero
Compiling module xil_defaultlib.one
Compiling module xil_defaultlib.adder
Compiling module xil_defaultlib.f_bit_adder
Compiling module xil_defaultlib.NAND
Compiling module xil_defaultlib.div
Compiling module xil_defaultlib.oAND
Compiling module xil_defaultlib.mul
Compiling module xil_defaultlib.AND
Compiling module xil_defaultlib.Multiplier
Compiling module xil_defaultlib.Decode_and_Execute_default
Compiling module xil_defaultlib.Lab2_Team3_Decode_and_Execute_t
Compiling module xil_defaultlib.glbl
Built simulation snapshot Lab2_Team3_Decode_and_Execute_t_behav
