#
# A fatal error has been detected by the Java Runtime Environment:
#
#  EXCEPTION_ACCESS_VIOLATION (0xc0000005) at pc=0x00007ff809f1f555, pid=7576, tid=324
#
# JRE version: Java(TM) SE Runtime Environment (9.0+11) (build 9.0.4+11)
# Java VM: Java HotSpot(TM) 64-Bit Server VM (9.0.4+11, mixed mode, tiered, compressed oops, g1 gc, windows-amd64)
# Problematic frame:
# C  [librdi_common.dll+0x18f555]
#
# No core dump will be written. Minidumps are not enabled by default on client versions of Windows
#
# If you would like to submit a bug report, please visit:
#   http://bugreport.java.com/bugreport/crash.jsp
# The crash happened outside the Java Virtual Machine in native code.
# See problematic frame for where to report the bug.
#

---------------  S U M M A R Y ------------

Command Line: -Dsun.java2d.pmoffscreen=false -Dsun.java2d.xrender=false -Dsun.java2d.d3d=false -Dsun.awt.nopixfmt=true -Dsun.java2d.dpiaware=true -Dsun.java2d.uiScale.enabled=false -Xverify:none -Dswing.aatext=true -XX:-UsePerfData -Djdk.map.althashing.threshold=512 -XX:StringTableSize=4072 --add-opens=java.base/java.nio=ALL-UNNAMED --add-opens=java.desktop/sun.swing=ALL-UNNAMED --add-opens=java.desktop/javax.swing=ALL-UNNAMED --add-opens=java.desktop/javax.swing.tree=ALL-UNNAMED --add-opens=java.desktop/javax.swing.plaf.basic=ALL-UNNAMED --add-opens=java.desktop/javax.swing.plaf.synth=ALL-UNNAMED --add-opens=java.desktop/com.sun.awt=ALL-UNNAMED -XX:NewSize=60m -XX:MaxNewSize=60m -Xms128m -Xmx3072m -Xss5m 

Host: Intel(R) Core(TM) i5-4460  CPU @ 3.20GHz, 4 cores, 15G,  Windows 10 , 64 bit Build 19041 (10.0.19041.546)
Time: Tue Nov 10 12:04:21 2020 Taipei Standard Time elapsed time: 6034 seconds (0d 1h 40m 34s)

---------------  T H R E A D  ---------------

Current thread (0x00000291ab726800):  JavaThread "AWT-EventQueue-0" [_thread_in_native, id=324, stack(0x000000a944800000,0x000000a944d00000)]

Stack: [0x000000a944800000,0x000000a944d00000],  sp=0x000000a944cfaae0,  free space=5098k
Native frames: (J=compiled Java code, j=interpreted, Vv=VM code, C=native code)
C  [librdi_common.dll+0x18f555]
C  [librdi_common.dll+0x1842d5]
C  [librdi_common.dll+0x14d40a]
C  [librdi_wavedata.dll+0x1e1faf]
C  [librdi_wavedata.dll+0x262fbf]
C  [librdi_wavedata.dll+0x26acd9]
C  [librdi_wavedata.dll+0x23b40b]
C  [librdi_wavedata.dll+0x277c67]
C  0x000002919afd763a

Java frames: (J=compiled Java code, j=interpreted, Vv=VM code)
J 22666  ui.views.waveform.waveformi.WVExecutive_getTooltipTextDelayed(J)Ljava/lang/String; (0 bytes) @ 0x000002919afd75a1 [0x000002919afd7560+0x0000000000000041]
J 22661 c1 ui.views.waveform.b.a.bW(Ljava/awt/event/MouseEvent;)V (135 bytes) @ 0x0000029195663324 [0x0000029195662c80+0x00000000000006a4]
J 21673 c1 ui.views.waveform.b.a.mouseMoved(Ljava/awt/event/MouseEvent;)V (32 bytes) @ 0x0000029195365544 [0x0000029195364fa0+0x00000000000005a4]
J 20949 c2 java.awt.AWTEventMulticaster.mouseMoved(Ljava/awt/event/MouseEvent;)V java.desktop@9.0.4 (27 bytes) @ 0x000002919adb0af4 [0x000002919adb0a40+0x00000000000000b4]
J 20949 c2 java.awt.AWTEventMulticaster.mouseMoved(Ljava/awt/event/MouseEvent;)V java.desktop@9.0.4 (27 bytes) @ 0x000002919adb0ab4 [0x000002919adb0a40+0x0000000000000074]
J 21796 c2 javax.swing.JComponent.processMouseMotionEvent(Ljava/awt/event/MouseEvent;)V java.desktop@9.0.4 (46 bytes) @ 0x000002919aeb1dd8 [0x000002919aeb1d40+0x0000000000000098]
J 21671 c1 ui.frmwork.c.i.processMouseMotionEvent(Ljava/awt/event/MouseEvent;)V (131 bytes) @ 0x0000029195363dc4 [0x0000029195362f00+0x0000000000000ec4]
J 14630 c2 java.awt.Container.processEvent(Ljava/awt/AWTEvent;)V java.desktop@9.0.4 (22 bytes) @ 0x000002919a126b98 [0x000002919a126a20+0x0000000000000178]
J 22959 c2 java.awt.Component.dispatchEventImpl(Ljava/awt/AWTEvent;)V java.desktop@9.0.4 (739 bytes) @ 0x000002919a41b12c [0x000002919a41a7c0+0x000000000000096c]
J 22794 c2 java.awt.Container.dispatchEventImpl(Ljava/awt/AWTEvent;)V java.desktop@9.0.4 (129 bytes) @ 0x000002919b00df7c [0x000002919b00df20+0x000000000000005c]
J 22679 c2 java.awt.LightweightDispatcher.retargetMouseEvent(Ljava/awt/Component;ILjava/awt/event/MouseEvent;)V java.desktop@9.0.4 (350 bytes) @ 0x000002919afeb77c [0x000002919afeb1e0+0x000000000000059c]
J 21061 c2 java.awt.LightweightDispatcher.processMouseEvent(Ljava/awt/event/MouseEvent;)Z java.desktop@9.0.4 (265 bytes) @ 0x000002919add515c [0x000002919add49a0+0x00000000000007bc]
J 22794 c2 java.awt.Container.dispatchEventImpl(Ljava/awt/AWTEvent;)V java.desktop@9.0.4 (129 bytes) @ 0x000002919b00e424 [0x000002919b00df20+0x0000000000000504]
J 23443 c2 java.awt.Window.dispatchEventImpl(Ljava/awt/AWTEvent;)V java.desktop@9.0.4 (23 bytes) @ 0x000002919a8fea0c [0x000002919a8fe9c0+0x000000000000004c]
J 10779 c2 java.awt.EventQueue$3.run()Ljava/lang/Object; java.desktop@9.0.4 (5 bytes) @ 0x000002919a2401d4 [0x000002919a23fce0+0x00000000000004f4]
v  ~StubRoutines::call_stub
J 4417  java.security.AccessController.doPrivileged(Ljava/security/PrivilegedAction;Ljava/security/AccessControlContext;)Ljava/lang/Object; java.base@9.0.4 (0 bytes) @ 0x0000029199decdc6 [0x0000029199decd60+0x0000000000000066]
J 18434 c2 java.awt.EventQueue$4.run()Ljava/lang/Object; java.desktop@9.0.4 (5 bytes) @ 0x000002919aac4e34 [0x000002919aac4be0+0x0000000000000254]
v  ~StubRoutines::call_stub
J 4417  java.security.AccessController.doPrivileged(Ljava/security/PrivilegedAction;Ljava/security/AccessControlContext;)Ljava/lang/Object; java.base@9.0.4 (0 bytes) @ 0x0000029199decdc6 [0x0000029199decd60+0x0000000000000066]
J 10239 c2 java.awt.EventQueue.dispatchEvent(Ljava/awt/AWTEvent;)V java.desktop@9.0.4 (80 bytes) @ 0x0000029199cfb44c [0x0000029199cfb0c0+0x000000000000038c]
J 10748 c2 ui.frmwork.b.d.dispatchEvent(Ljava/awt/AWTEvent;)V (34 bytes) @ 0x000002919a23095c [0x000002919a230880+0x00000000000000dc]
J 22682 c2 java.awt.EventDispatchThread.pumpOneEventForFilters(I)V java.desktop@9.0.4 (218 bytes) @ 0x000002919afedcc0 [0x000002919afed8a0+0x0000000000000420]
J 17732% c2 java.awt.EventDispatchThread.pumpEventsForFilter(ILjava/awt/Conditional;Ljava/awt/EventFilter;)V java.desktop@9.0.4 (47 bytes) @ 0x000002919aa0a9f8 [0x000002919aa0a8e0+0x0000000000000118]
j  java.awt.EventDispatchThread.pumpEventsForHierarchy(ILjava/awt/Conditional;Ljava/awt/Component;)V+11 java.desktop@9.0.4
j  java.awt.EventDispatchThread.pumpEvents(ILjava/awt/Conditional;)V+4 java.desktop@9.0.4
j  java.awt.EventDispatchThread.pumpEvents(Ljava/awt/Conditional;)V+3 java.desktop@9.0.4
j  java.awt.EventDispatchThread.run()V+9 java.desktop@9.0.4
v  ~StubRoutines::call_stub

siginfo: EXCEPTION_ACCESS_VIOLATION (0xc0000005), reading address 0xffffffffffffffff


Register to memory mapping:

RIP=0x00007ff809f1f555 librdi_common.dll
RAX=0x0000029185f78001 is an unknown value
RBX=0x90007a65f63b26d5 is an unknown value
RCX=0x0000029185f780e0 is an unknown value
RDX=0x90007a65f63b26d5 is an unknown value
RSP=0x000000a944cfaae0 is pointing into the stack for thread: 0x00000291ab726800
RBP=0x000000a944cfac10 is pointing into the stack for thread: 0x00000291ab726800
RSI=0x0000029212565320 is an unknown value
RDI=0x000000a944cfacf8 is pointing into the stack for thread: 0x00000291ab726800
R8 =0x000000a944cfacf8 is pointing into the stack for thread: 0x00000291ab726800
R9 =0x0000000000000000 is an unknown value
R10=0x00000291b5a9f558 is an unknown value
R11=0x0000029211fe6eb8 is an unknown value
R12=0x000000a944cfacf8 is pointing into the stack for thread: 0x00000291ab726800
R13=0x0000000000000000 is an unknown value
R14=0x00000291824a93e0 is an unknown value
R15=0x90007a65f63b26d5 is an unknown value


Registers:
RAX=0x0000029185f78001, RBX=0x90007a65f63b26d5, RCX=0x0000029185f780e0, RDX=0x90007a65f63b26d5
RSP=0x000000a944cfaae0, RBP=0x000000a944cfac10, RSI=0x0000029212565320, RDI=0x000000a944cfacf8
R8 =0x000000a944cfacf8, R9 =0x0000000000000000, R10=0x00000291b5a9f558, R11=0x0000029211fe6eb8
R12=0x000000a944cfacf8, R13=0x0000000000000000, R14=0x00000291824a93e0, R15=0x90007a65f63b26d5
RIP=0x00007ff809f1f555, EFLAGS=0x0000000000010202

Top of Stack: (sp=0x000000a944cfaae0)
0x000000a944cfaae0:   000000a944cfae90 00007ffffea72f07
0x000000a944cfaaf0:   000000a900000000 90007a65f63b26d5
0x000000a944cfab00:   90007a65f63b26d5 00007ff809f142d5
0x000000a944cfab10:   00000000000055f0 00007ffffea7319f
0x000000a944cfab20:   00002867e91eba96 0000000000000000
0x000000a944cfab30:   00000291b87990a0 0000029211fe6e90
0x000000a944cfab40:   0000000000000002 00007ff809f7cfe5
0x000000a944cfab50:   00000291b053d800 0000029211fe6e98
0x000000a944cfab60:   0000029211fe6ed8 0000029211fe6e90
0x000000a944cfab70:   fffffffffffffffe 00007ff80a5dd489
0x000000a944cfab80:   fffffffffffffffe 00007ff80ad8e630
0x000000a944cfab90:   0000029211fe6e90 000002918246ea88
0x000000a944cfaba0:   000000a944cfacf8 00007ff809f7c2d6
0x000000a944cfabb0:   0000029211fe6e90 000000a944cfacf8
0x000000a944cfabc0:   0000029200000002 0000000000000000
0x000000a944cfabd0:   fffffffffffffffe 000000000000000f 

Instructions: (pc=0x00007ff809f1f555)
0x00007ff809f1f535:   20 48 8b d9 e8 22 c4 04 00 48 8b c8 48 8b d3 e8
0x00007ff809f1f545:   27 0d 05 00 84 c0 75 08 33 c0 48 83 c4 20 5b c3
0x00007ff809f1f555:   48 8b 4b 50 48 85 c9 74 0a 48 83 c4 20 5b e9 68
0x00007ff809f1f565:   e2 04 00 48 8b d3 48 8d 0d 36 71 84 00 e8 59 b7 



---------------  P R O C E S S  ---------------

Java Threads: ( => current thread )
  0x00000291b61c2000 JavaThread "Relaunch Simulation Thread" [_thread_blocked, id=13256, stack(0x000000a949d00000,0x000000a94a200000)]
  0x00000291b61c7000 JavaThread "Image Animator 1" daemon [_thread_blocked, id=12144, stack(0x000000a94a600000,0x000000a94ab00000)]
  0x00000291b61c1000 JavaThread "Swing-Shell" daemon [_thread_blocked, id=14904, stack(0x000000a948e00000,0x000000a949300000)]
  0x00000291b61c3800 JavaThread "SyntheticaAnimation 50" daemon [_thread_blocked, id=20796, stack(0x000000a947f00000,0x000000a948400000)]
  0x00000291b61bf000 JavaThread "SyntheticaAnimation 50" daemon [_thread_blocked, id=2780, stack(0x000000a947a00000,0x000000a947f00000)]
  0x00000291b61c0800 JavaThread "Update Runs Swing Worker Thread" [_thread_blocked, id=5116, stack(0x000000a948900000,0x000000a948e00000)]
  0x00000291ab7e5800 JavaThread "hw_ila_monitor" [_thread_blocked, id=12768, stack(0x000000a947500000,0x000000a947a00000)]
  0x00000291ab7e1800 JavaThread "Refresh Filesets Swing Worker Thread" [_thread_blocked, id=23464, stack(0x000000a945c00000,0x000000a946100000)]
  0x00000291ab7e0000 JavaThread "SyntheticaAnimation 70" daemon [_thread_blocked, id=7580, stack(0x000000a945700000,0x000000a945c00000)]
  0x00000291ab7e4000 JavaThread "SyntheticaAnimation 25" daemon [_thread_blocked, id=8436, stack(0x000000a947000000,0x000000a947500000)]
  0x00000291ab7df800 JavaThread "SyntheticaAnimation 50" daemon [_thread_blocked, id=2332, stack(0x000000a946b00000,0x000000a947000000)]
  0x00000291ab7e2800 JavaThread "Monitor HEventQueue Thread" [_thread_blocked, id=8176, stack(0x000000a946600000,0x000000a946b00000)]
  0x00000291ab7e6000 JavaThread "SyntheticaCleanerThread" daemon [_thread_blocked, id=6744, stack(0x000000a946100000,0x000000a946600000)]
  0x00000291ab7e1000 JavaThread "Batik CleanerThread" daemon [_thread_blocked, id=4852, stack(0x000000a944d00000,0x000000a945200000)]
  0x00000291aa8db000 JavaThread "Process Messages Thread" [_thread_blocked, id=19836, stack(0x000000a945200000,0x000000a945700000)]
  0x00000291aa1a8800 JavaThread "Thread-1" [_thread_in_native, id=22676, stack(0x000000a93e500000,0x000000a93f900000)]
=>0x00000291ab726800 JavaThread "AWT-EventQueue-0" [_thread_in_native, id=324, stack(0x000000a944800000,0x000000a944d00000)]
  0x00000291aa98c800 JavaThread "AWT-Shutdown" [_thread_blocked, id=1608, stack(0x000000a944300000,0x000000a944800000)]
  0x00000291ab865000 JavaThread "TimerQueue" daemon [_thread_blocked, id=1832, stack(0x000000a943400000,0x000000a943900000)]
  0x00000291a9e26800 JavaThread "AWT-Windows" daemon [_thread_in_native, id=14856, stack(0x000000a943900000,0x000000a943e00000)]
  0x00000291a9fec800 JavaThread "Java2D Disposer" daemon [_thread_blocked, id=4764, stack(0x000000a942f00000,0x000000a943400000)]
  0x00000291bd739800 JavaThread "Service Thread" daemon [_thread_blocked, id=14972, stack(0x000000a942900000,0x000000a942e00000)]
  0x00000291bcfd2800 JavaThread "Common-Cleaner" daemon [_thread_blocked, id=20204, stack(0x000000a942400000,0x000000a942900000)]
  0x00000291bcfcd800 JavaThread "Sweeper thread" daemon [_thread_blocked, id=10312, stack(0x000000a941f00000,0x000000a942400000)]
  0x0000029185fab000 JavaThread "C1 CompilerThread2" daemon [_thread_blocked, id=15572, stack(0x000000a941e00000,0x000000a941f00000)]
  0x0000029185faa000 JavaThread "C2 CompilerThread1" daemon [_thread_blocked, id=18568, stack(0x000000a941d00000,0x000000a941e00000)]
  0x000002918551f000 JavaThread "C2 CompilerThread0" daemon [_thread_blocked, id=6316, stack(0x000000a941c00000,0x000000a941d00000)]
  0x000002918551e800 JavaThread "Attach Listener" daemon [_thread_blocked, id=8540, stack(0x000000a941700000,0x000000a941c00000)]
  0x00000291bcfe4000 JavaThread "Signal Dispatcher" daemon [_thread_blocked, id=8920, stack(0x000000a941200000,0x000000a941700000)]
  0x00000291bcb11000 JavaThread "Finalizer" daemon [_thread_blocked, id=9420, stack(0x000000a940d00000,0x000000a941200000)]
  0x00000291bcb10800 JavaThread "Reference Handler" daemon [_thread_blocked, id=5340, stack(0x000000a940800000,0x000000a940d00000)]
  0x00000291bdb57000 JavaThread "main" [_thread_blocked, id=6104, stack(0x000000a93e400000,0x000000a93e500000)]

Other Threads:
  0x0000029186ea6000 VMThread "VM Thread" [stack: 0x000000a940700000,0x000000a940800000] [id=14048]
  0x00000291bd620000 WatcherThread [stack: 0x000000a942e00000,0x000000a942f00000] [id=1652]
  0x00000291bd96f800 GCTaskThread "GC Thread#0" [stack: 0x000000a93fc00000,0x000000a93fd00000] [id=8384]
  0x00000291bad02000 GCTaskThread "GC Thread#1" [stack: 0x000000a93fd00000,0x000000a93fe00000] [id=10356]
  0x00000291bacff800 GCTaskThread "GC Thread#2" [stack: 0x000000a93fe00000,0x000000a93ff00000] [id=1044]
  0x00000291bad01800 GCTaskThread "GC Thread#3" [stack: 0x000000a93ff00000,0x000000a940000000] [id=12084]
  0x00000291bdc33800 ConcurrentGCThread "G1 Main Marker" [stack: 0x000000a940500000,0x000000a940600000] [id=3536]
  0x00000291bacfc000 ConcurrentGCThread "G1 Marker#0" [stack: 0x000000a940600000,0x000000a940700000] [id=3004]
  0x00000291bdc32800 ConcurrentGCThread "G1 Refine#0" [stack: 0x000000a940300000,0x000000a940400000] [id=1424]
  0x00000291bdd0a000 ConcurrentGCThread "G1 Refine#1" [stack: 0x000000a940200000,0x000000a940300000] [id=3724]
  0x00000291bd3a0000 ConcurrentGCThread "G1 Refine#2" [stack: 0x000000a940100000,0x000000a940200000] [id=1856]
  0x00000291bd931000 ConcurrentGCThread "G1 Refine#3" [stack: 0x000000a940000000,0x000000a940100000] [id=23312]
  0x00000291bdc33000 ConcurrentGCThread "G1 Young RemSet Sampling" [stack: 0x000000a940400000,0x000000a940500000] [id=10828]

Threads with active compile tasks:

VM state:not at safepoint (normal execution)

VM Mutex/Monitor currently owned by a thread: None

Heap address: 0x0000000700000000, size: 3072 MB, Compressed Oops mode: Zero based, Oop shift amount: 3
Narrow klass base: 0x0000000000000000, Narrow klass shift: 3
Compressed class space size: 1073741824 Address: 0x00000007c0000000

Heap:
 garbage-first heap   total 227328K, used 110180K [0x0000000700000000, 0x00000007001006f0, 0x00000007c0000000)
  region size 1024K, 24 young (24576K), 1 survivors (1024K)
 Metaspace       used 94084K, capacity 98903K, committed 99148K, reserved 1134592K
  class space    used 13517K, capacity 14401K, committed 14412K, reserved 1048576K
Heap Regions: E=young(eden), S=young(survivor), O=old, HS=humongous(starts), HC=humongous(continues), CS=collection set, F=free, A=archive, TS=gc time stamp, AC=allocation context, TAMS=top-at-mark-start (previous, next)
|   0|0x0000000700000000, 0x00000007000ffff0, 0x0000000700100000| 99%| O|  |TS  0|AC  0|TAMS 0x0000000700000000, 0x0000000700000000|
|   1|0x0000000700100000, 0x00000007001ff650, 0x0000000700200000| 99%| O|  |TS  0|AC  0|TAMS 0x0000000700100000, 0x0000000700100000|
|   2|0x0000000700200000, 0x0000000700300000, 0x0000000700300000|100%|HS|  |TS  0|AC  0|TAMS 0x0000000700200000, 0x0000000700200000|
|   3|0x0000000700300000, 0x0000000700400000, 0x0000000700400000|100%|HC|  |TS  0|AC  0|TAMS 0x0000000700300000, 0x0000000700300000|
|   4|0x0000000700400000, 0x0000000700500000, 0x0000000700500000|100%|HS|  |TS  0|AC  0|TAMS 0x0000000700400000, 0x0000000700400000|
|   5|0x0000000700500000, 0x00000007005fffe8, 0x0000000700600000| 99%| O|  |TS  0|AC  0|TAMS 0x0000000700500000, 0x0000000700500000|
|   6|0x0000000700600000, 0x00000007006f6d30, 0x0000000700700000| 96%| O|  |TS  0|AC  0|TAMS 0x0000000700600000, 0x0000000700600000|
|   7|0x0000000700700000, 0x00000007007f7660, 0x0000000700800000| 96%| O|  |TS  0|AC  0|TAMS 0x0000000700700000, 0x0000000700700000|
|   8|0x0000000700800000, 0x00000007008e8ea0, 0x0000000700900000| 90%| O|  |TS  0|AC  0|TAMS 0x0000000700800000, 0x0000000700800000|
|   9|0x0000000700900000, 0x00000007009fffd8, 0x0000000700a00000| 99%| O|  |TS  0|AC  0|TAMS 0x0000000700900000, 0x0000000700900000|
|  10|0x0000000700a00000, 0x0000000700ab86c8, 0x0000000700b00000| 72%| O|  |TS  0|AC  0|TAMS 0x0000000700a00000, 0x0000000700a00000|
|  11|0x0000000700b00000, 0x0000000700c00000, 0x0000000700c00000|100%| O|  |TS  0|AC  0|TAMS 0x0000000700b00000, 0x0000000700b00000|
|  12|0x0000000700c00000, 0x0000000700cfffe0, 0x0000000700d00000| 99%| O|  |TS  0|AC  0|TAMS 0x0000000700c00000, 0x0000000700c00000|
|  13|0x0000000700d00000, 0x0000000700dffff8, 0x0000000700e00000| 99%| O|  |TS  0|AC  0|TAMS 0x0000000700d00000, 0x0000000700d00000|
|  14|0x0000000700e00000, 0x0000000700eef850, 0x0000000700f00000| 93%| O|  |TS  0|AC  0|TAMS 0x0000000700e00000, 0x0000000700e00000|
|  15|0x0000000700f00000, 0x0000000700fcf348, 0x0000000701000000| 80%| O|  |TS  0|AC  0|TAMS 0x0000000700f00000, 0x0000000700f00000|
|  16|0x0000000701000000, 0x00000007010fffa8, 0x0000000701100000| 99%| O|  |TS  0|AC  0|TAMS 0x0000000701000000, 0x0000000701000000|
|  17|0x0000000701100000, 0x00000007011ffff8, 0x0000000701200000| 99%| O|  |TS  0|AC  0|TAMS 0x0000000701100000, 0x0000000701100000|
|  18|0x0000000701200000, 0x00000007012fffd0, 0x0000000701300000| 99%| O|  |TS  0|AC  0|TAMS 0x0000000701200000, 0x0000000701200000|
|  19|0x0000000701300000, 0x00000007013ffff8, 0x0000000701400000| 99%| O|  |TS  0|AC  0|TAMS 0x0000000701300000, 0x0000000701300000|
|  20|0x0000000701400000, 0x00000007014ffff0, 0x0000000701500000| 99%| O|  |TS  0|AC  0|TAMS 0x0000000701400000, 0x0000000701400000|
|  21|0x0000000701500000, 0x00000007015fffe0, 0x0000000701600000| 99%| O|  |TS  0|AC  0|TAMS 0x0000000701500000, 0x0000000701500000|
|  22|0x0000000701600000, 0x0000000701700000, 0x0000000701700000|100%| O|  |TS  0|AC  0|TAMS 0x0000000701600000, 0x0000000701600000|
|  23|0x0000000701700000, 0x00000007017ffff0, 0x0000000701800000| 99%| O|  |TS  0|AC  0|TAMS 0x0000000701700000, 0x0000000701700000|
|  24|0x0000000701800000, 0x00000007018fffe8, 0x0000000701900000| 99%| O|  |TS  0|AC  0|TAMS 0x0000000701800000, 0x0000000701800000|
|  25|0x0000000701900000, 0x00000007019ffff8, 0x0000000701a00000| 99%| O|  |TS  0|AC  0|TAMS 0x0000000701900000, 0x0000000701900000|
|  26|0x0000000701a00000, 0x0000000701b00000, 0x0000000701b00000|100%| O|  |TS  0|AC  0|TAMS 0x0000000701a00000, 0x0000000701a00000|
|  27|0x0000000701b00000, 0x0000000701bfffe0, 0x0000000701c00000| 99%| O|  |TS  0|AC  0|TAMS 0x0000000701b00000, 0x0000000701b00000|
|  28|0x0000000701c00000, 0x0000000701d00000, 0x0000000701d00000|100%| O|  |TS  0|AC  0|TAMS 0x0000000701c00000, 0x0000000701c00000|
|  29|0x0000000701d00000, 0x0000000701dffff0, 0x0000000701e00000| 99%| O|  |TS  0|AC  0|TAMS 0x0000000701d00000, 0x0000000701d00000|
|  30|0x0000000701e00000, 0x0000000701effff8, 0x0000000701f00000| 99%| O|  |TS  0|AC  0|TAMS 0x0000000701e00000, 0x0000000701e00000|
|  31|0x0000000701f00000, 0x0000000701ffffe0, 0x0000000702000000| 99%| O|  |TS  0|AC  0|TAMS 0x0000000701f00000, 0x0000000701f00000|
|  32|0x0000000702000000, 0x00000007020ffff0, 0x0000000702100000| 99%| O|  |TS  0|AC  0|TAMS 0x0000000702000000, 0x0000000702000000|
|  33|0x0000000702100000, 0x00000007021fffd0, 0x0000000702200000| 99%| O|  |TS  0|AC  0|TAMS 0x0000000702100000, 0x0000000702100000|
|  34|0x0000000702200000, 0x00000007022ffe58, 0x0000000702300000| 99%| O|  |TS  0|AC  0|TAMS 0x0000000702200000, 0x0000000702200000|
|  35|0x0000000702300000, 0x00000007023ffc78, 0x0000000702400000| 99%| O|  |TS  0|AC  0|TAMS 0x0000000702300000, 0x0000000702300000|
|  36|0x0000000702400000, 0x0000000702500000, 0x0000000702500000|100%| O|  |TS  0|AC  0|TAMS 0x0000000702400000, 0x0000000702400000|
|  37|0x0000000702500000, 0x0000000702600000, 0x0000000702600000|100%| O|  |TS  0|AC  0|TAMS 0x0000000702500000, 0x0000000702500000|
|  38|0x0000000702600000, 0x0000000702700000, 0x0000000702700000|100%| O|  |TS  0|AC  0|TAMS 0x0000000702600000, 0x0000000702600000|
|  39|0x0000000702700000, 0x00000007027fffd0, 0x0000000702800000| 99%| O|  |TS  0|AC  0|TAMS 0x0000000702700000, 0x0000000702700000|
|  40|0x0000000702800000, 0x00000007028fffd0, 0x0000000702900000| 99%| O|  |TS  0|AC  0|TAMS 0x0000000702800000, 0x0000000702800000|
|  41|0x0000000702900000, 0x00000007029ffff8, 0x0000000702a00000| 99%| O|  |TS  0|AC  0|TAMS 0x0000000702900000, 0x0000000702900000|
|  42|0x0000000702a00000, 0x0000000702affff8, 0x0000000702b00000| 99%| O|  |TS  0|AC  0|TAMS 0x0000000702a00000, 0x0000000702a00000|
|  43|0x0000000702b00000, 0x0000000702bffff0, 0x0000000702c00000| 99%| O|  |TS  0|AC  0|TAMS 0x0000000702b00000, 0x0000000702b00000|
|  44|0x0000000702c00000, 0x0000000702cfffe8, 0x0000000702d00000| 99%| O|  |TS  0|AC  0|TAMS 0x0000000702c00000, 0x0000000702c00000|
|  45|0x0000000702d00000, 0x0000000702dfffe8, 0x0000000702e00000| 99%| O|  |TS  0|AC  0|TAMS 0x0000000702d00000, 0x0000000702d00000|
|  46|0x0000000702e00000, 0x0000000702f00000, 0x0000000702f00000|100%| O|  |TS  0|AC  0|TAMS 0x0000000702e00000, 0x0000000702e00000|
|  47|0x0000000702f00000, 0x0000000702ffffe8, 0x0000000703000000| 99%| O|  |TS  0|AC  0|TAMS 0x0000000702f00000, 0x0000000702f00000|
|  48|0x0000000703000000, 0x00000007030ffff0, 0x0000000703100000| 99%| O|  |TS  0|AC  0|TAMS 0x0000000703000000, 0x0000000703000000|
|  49|0x0000000703100000, 0x00000007031fff50, 0x0000000703200000| 99%| O|  |TS  0|AC  0|TAMS 0x0000000703100000, 0x0000000703100000|
|  50|0x0000000703200000, 0x00000007032ffff8, 0x0000000703300000| 99%| O|  |TS  0|AC  0|TAMS 0x0000000703200000, 0x0000000703200000|
|  51|0x0000000703300000, 0x00000007033fffc8, 0x0000000703400000| 99%| O|  |TS  0|AC  0|TAMS 0x0000000703300000, 0x0000000703300000|
|  52|0x0000000703400000, 0x0000000703500000, 0x0000000703500000|100%| O|  |TS  0|AC  0|TAMS 0x0000000703400000, 0x0000000703400000|
|  53|0x0000000703500000, 0x00000007035ff090, 0x0000000703600000| 99%| O|  |TS  0|AC  0|TAMS 0x0000000703500000, 0x0000000703500000|
|  54|0x0000000703600000, 0x00000007036ffff0, 0x0000000703700000| 99%| O|  |TS  0|AC  0|TAMS 0x0000000703600000, 0x0000000703600000|
|  55|0x0000000703700000, 0x00000007037ffff8, 0x0000000703800000| 99%| O|  |TS  0|AC  0|TAMS 0x0000000703700000, 0x0000000703700000|
|  56|0x0000000703800000, 0x0000000703900000, 0x0000000703900000|100%|HS|  |TS  0|AC  0|TAMS 0x0000000703800000, 0x0000000703800000|
|  57|0x0000000703900000, 0x0000000703a00000, 0x0000000703a00000|100%|HC|  |TS  0|AC  0|TAMS 0x0000000703900000, 0x0000000703900000|
|  58|0x0000000703a00000, 0x0000000703b00000, 0x0000000703b00000|100%|HC|  |TS  0|AC  0|TAMS 0x0000000703a00000, 0x0000000703a00000|
|  59|0x0000000703b00000, 0x0000000703c00000, 0x0000000703c00000|100%|HC|  |TS  0|AC  0|TAMS 0x0000000703b00000, 0x0000000703b00000|
|  60|0x0000000703c00000, 0x0000000703d00000, 0x0000000703d00000|100%|HC|  |TS  0|AC  0|TAMS 0x0000000703c00000, 0x0000000703c00000|
|  61|0x0000000703d00000, 0x0000000703e00000, 0x0000000703e00000|100%|HC|  |TS  0|AC  0|TAMS 0x0000000703d00000, 0x0000000703d00000|
|  62|0x0000000703e00000, 0x0000000703f00000, 0x0000000703f00000|100%|HC|  |TS  0|AC  0|TAMS 0x0000000703e00000, 0x0000000703e00000|
|  63|0x0000000703f00000, 0x0000000704000000, 0x0000000704000000|100%|HC|  |TS  0|AC  0|TAMS 0x0000000703f00000, 0x0000000703f00000|
|  64|0x0000000704000000, 0x00000007040fffe8, 0x0000000704100000| 99%| O|  |TS  0|AC  0|TAMS 0x0000000704000000, 0x0000000704000000|
|  65|0x0000000704100000, 0x00000007041fffa0, 0x0000000704200000| 99%| O|  |TS  0|AC  0|TAMS 0x0000000704100000, 0x0000000704100000|
|  66|0x0000000704200000, 0x00000007042ffff8, 0x0000000704300000| 99%| O|  |TS  0|AC  0|TAMS 0x0000000704200000, 0x0000000704200000|
|  67|0x0000000704300000, 0x0000000704400000, 0x0000000704400000|100%| O|  |TS  0|AC  0|TAMS 0x0000000704300000, 0x0000000704300000|
|  68|0x0000000704400000, 0x00000007044fdda0, 0x0000000704500000| 99%| O|  |TS  0|AC  0|TAMS 0x0000000704400000, 0x0000000704400000|
|  69|0x0000000704500000, 0x00000007045fff98, 0x0000000704600000| 99%| O|  |TS  0|AC  0|TAMS 0x0000000704500000, 0x0000000704500000|
|  70|0x0000000704600000, 0x00000007046ffff0, 0x0000000704700000| 99%| O|  |TS  0|AC  0|TAMS 0x0000000704600000, 0x0000000704600000|
|  71|0x0000000704700000, 0x00000007047ffff8, 0x0000000704800000| 99%| O|  |TS  0|AC  0|TAMS 0x0000000704700000, 0x0000000704700000|
|  72|0x0000000704800000, 0x00000007048fffe0, 0x0000000704900000| 99%| O|  |TS  0|AC  0|TAMS 0x0000000704800000, 0x0000000704800000|
|  73|0x0000000704900000, 0x00000007049ff720, 0x0000000704a00000| 99%| O|  |TS  0|AC  0|TAMS 0x0000000704900000, 0x0000000704900000|
|  74|0x0000000704a00000, 0x0000000704affff0, 0x0000000704b00000| 99%| O|  |TS  0|AC  0|TAMS 0x0000000704a00000, 0x0000000704a00000|
|  75|0x0000000704b00000, 0x0000000704bffe30, 0x0000000704c00000| 99%| O|  |TS  0|AC  0|TAMS 0x0000000704b00000, 0x0000000704b00000|
|  76|0x0000000704c00000, 0x0000000704cffff8, 0x0000000704d00000| 99%| O|  |TS  0|AC  0|TAMS 0x0000000704c00000, 0x0000000704c00000|
|  77|0x0000000704d00000, 0x0000000704dffec8, 0x0000000704e00000| 99%| O|  |TS  0|AC  0|TAMS 0x0000000704d00000, 0x0000000704d00000|
|  78|0x0000000704e00000, 0x0000000704efffe8, 0x0000000704f00000| 99%| O|  |TS  0|AC  0|TAMS 0x0000000704e00000, 0x0000000704e00000|
|  79|0x0000000704f00000, 0x0000000704fffff8, 0x0000000705000000| 99%| O|  |TS  0|AC  0|TAMS 0x0000000704f00000, 0x0000000704f00000|
|  80|0x0000000705000000, 0x00000007050ffff8, 0x0000000705100000| 99%| O|  |TS  0|AC  0|TAMS 0x0000000705000000, 0x0000000705000000|
|  81|0x0000000705100000, 0x00000007051fffe8, 0x0000000705200000| 99%| O|  |TS  0|AC  0|TAMS 0x0000000705100000, 0x0000000705100000|
|  82|0x0000000705200000, 0x00000007052b5958, 0x0000000705300000| 70%| O|  |TS  0|AC  0|TAMS 0x0000000705200000, 0x0000000705200000|
|  83|0x0000000705300000, 0x0000000705300000, 0x0000000705400000|  0%| F|  |TS  0|AC  0|TAMS 0x0000000705300000, 0x0000000705300000|
|  84|0x0000000705400000, 0x0000000705400000, 0x0000000705500000|  0%| F|  |TS  0|AC  0|TAMS 0x0000000705400000, 0x0000000705400000|
|  85|0x0000000705500000, 0x0000000705500000, 0x0000000705600000|  0%| F|  |TS  0|AC  0|TAMS 0x0000000705500000, 0x0000000705500000|
|  86|0x0000000705600000, 0x0000000705600000, 0x0000000705700000|  0%| F|  |TS  0|AC  0|TAMS 0x0000000705600000, 0x0000000705600000|
|  87|0x0000000705700000, 0x0000000705700000, 0x0000000705800000|  0%| F|  |TS  0|AC  0|TAMS 0x0000000705700000, 0x0000000705700000|
|  88|0x0000000705800000, 0x0000000705800000, 0x0000000705900000|  0%| F|  |TS  0|AC  0|TAMS 0x0000000705800000, 0x0000000705800000|
|  89|0x0000000705900000, 0x0000000705900000, 0x0000000705a00000|  0%| F|  |TS  0|AC  0|TAMS 0x0000000705900000, 0x0000000705900000|
|  90|0x0000000705a00000, 0x0000000705a00000, 0x0000000705b00000|  0%| F|  |TS  0|AC  0|TAMS 0x0000000705a00000, 0x0000000705a00000|
|  91|0x0000000705b00000, 0x0000000705b00000, 0x0000000705c00000|  0%| F|  |TS  0|AC  0|TAMS 0x0000000705b00000, 0x0000000705b00000|
|  92|0x0000000705c00000, 0x0000000705c00000, 0x0000000705d00000|  0%| F|  |TS  0|AC  0|TAMS 0x0000000705c00000, 0x0000000705c00000|
|  93|0x0000000705d00000, 0x0000000705d00000, 0x0000000705e00000|  0%| F|  |TS  0|AC  0|TAMS 0x0000000705d00000, 0x0000000705d00000|
|  94|0x0000000705e00000, 0x0000000705e00000, 0x0000000705f00000|  0%| F|  |TS  0|AC  0|TAMS 0x0000000705e00000, 0x0000000705e00000|
|  95|0x0000000705f00000, 0x0000000705f00000, 0x0000000706000000|  0%| F|  |TS  0|AC  0|TAMS 0x0000000705f00000, 0x0000000705f00000|
|  96|0x0000000706000000, 0x0000000706100000, 0x0000000706100000|100%|HS|  |TS  0|AC  0|TAMS 0x0000000706000000, 0x0000000706000000|
|  97|0x0000000706100000, 0x0000000706200000, 0x0000000706200000|100%|HC|  |TS  0|AC  0|TAMS 0x0000000706100000, 0x0000000706100000|
|  98|0x0000000706200000, 0x0000000706300000, 0x0000000706300000|100%|HC|  |TS  0|AC  0|TAMS 0x0000000706200000, 0x0000000706200000|
|  99|0x0000000706300000, 0x0000000706300000, 0x0000000706400000|  0%| F|  |TS  0|AC  0|TAMS 0x0000000706300000, 0x0000000706300000|
| 100|0x0000000706400000, 0x0000000706400000, 0x0000000706500000|  0%| F|  |TS  0|AC  0|TAMS 0x0000000706400000, 0x0000000706400000|
| 101|0x0000000706500000, 0x0000000706500000, 0x0000000706600000|  0%| F|  |TS  0|AC  0|TAMS 0x0000000706500000, 0x0000000706500000|
| 102|0x0000000706600000, 0x0000000706600000, 0x0000000706700000|  0%| F|  |TS  0|AC  0|TAMS 0x0000000706600000, 0x0000000706600000|
| 103|0x0000000706700000, 0x0000000706700000, 0x0000000706800000|  0%| F|  |TS  0|AC  0|TAMS 0x0000000706700000, 0x0000000706700000|
| 104|0x0000000706800000, 0x0000000706800000, 0x0000000706900000|  0%| F|  |TS  0|AC  0|TAMS 0x0000000706800000, 0x0000000706800000|
| 105|0x0000000706900000, 0x0000000706900000, 0x0000000706a00000|  0%| F|  |TS  0|AC  0|TAMS 0x0000000706900000, 0x0000000706900000|
| 106|0x0000000706a00000, 0x0000000706a00000, 0x0000000706b00000|  0%| F|  |TS  0|AC  0|TAMS 0x0000000706a00000, 0x0000000706a00000|
| 107|0x0000000706b00000, 0x0000000706b00000, 0x0000000706c00000|  0%| F|  |TS  0|AC  0|TAMS 0x0000000706b00000, 0x0000000706b00000|
| 108|0x0000000706c00000, 0x0000000706c00000, 0x0000000706d00000|  0%| F|  |TS  0|AC  0|TAMS 0x0000000706c00000, 0x0000000706c00000|
| 109|0x0000000706d00000, 0x0000000706d00000, 0x0000000706e00000|  0%| F|  |TS  0|AC  0|TAMS 0x0000000706d00000, 0x0000000706d00000|
| 110|0x0000000706e00000, 0x0000000706e00000, 0x0000000706f00000|  0%| F|  |TS  0|AC  0|TAMS 0x0000000706e00000, 0x0000000706e00000|
| 111|0x0000000706f00000, 0x0000000706f00000, 0x0000000707000000|  0%| F|  |TS  0|AC  0|TAMS 0x0000000706f00000, 0x0000000706f00000|
| 112|0x0000000707000000, 0x0000000707000000, 0x0000000707100000|  0%| F|  |TS  0|AC  0|TAMS 0x0000000707000000, 0x0000000707000000|
| 113|0x0000000707100000, 0x0000000707100000, 0x0000000707200000|  0%| F|  |TS  0|AC  0|TAMS 0x0000000707100000, 0x0000000707100000|
| 114|0x0000000707200000, 0x0000000707200000, 0x0000000707300000|  0%| F|  |TS  0|AC  0|TAMS 0x0000000707200000, 0x0000000707200000|
| 115|0x0000000707300000, 0x0000000707300000, 0x0000000707400000|  0%| F|  |TS  0|AC  0|TAMS 0x0000000707300000, 0x0000000707300000|
| 116|0x0000000707400000, 0x0000000707400000, 0x0000000707500000|  0%| F|  |TS  0|AC  0|TAMS 0x0000000707400000, 0x0000000707400000|
| 117|0x0000000707500000, 0x0000000707500000, 0x0000000707600000|  0%| F|  |TS  0|AC  0|TAMS 0x0000000707500000, 0x0000000707500000|
| 118|0x0000000707600000, 0x0000000707600000, 0x0000000707700000|  0%| F|  |TS  0|AC  0|TAMS 0x0000000707600000, 0x0000000707600000|
| 119|0x0000000707700000, 0x0000000707700000, 0x0000000707800000|  0%| F|  |TS  0|AC  0|TAMS 0x0000000707700000, 0x0000000707700000|
| 120|0x0000000707800000, 0x0000000707800000, 0x0000000707900000|  0%| F|  |TS  0|AC  0|TAMS 0x0000000707800000, 0x0000000707800000|
| 121|0x0000000707900000, 0x0000000707900000, 0x0000000707a00000|  0%| F|  |TS  0|AC  0|TAMS 0x0000000707900000, 0x0000000707900000|
| 122|0x0000000707a00000, 0x0000000707a00000, 0x0000000707b00000|  0%| F|  |TS  0|AC  0|TAMS 0x0000000707a00000, 0x0000000707a00000|
| 123|0x0000000707b00000, 0x0000000707b00000, 0x0000000707c00000|  0%| F|  |TS  0|AC  0|TAMS 0x0000000707b00000, 0x0000000707b00000|
| 124|0x0000000707c00000, 0x0000000707c00000, 0x0000000707d00000|  0%| F|  |TS  0|AC  0|TAMS 0x0000000707c00000, 0x0000000707c00000|
| 125|0x0000000707d00000, 0x0000000707d00000, 0x0000000707e00000|  0%| F|  |TS  0|AC  0|TAMS 0x0000000707d00000, 0x0000000707d00000|
| 126|0x0000000707e00000, 0x0000000707e00000, 0x0000000707f00000|  0%| F|  |TS  0|AC  0|TAMS 0x0000000707e00000, 0x0000000707e00000|
| 127|0x0000000707f00000, 0x0000000707f00000, 0x0000000708000000|  0%| F|  |TS  0|AC  0|TAMS 0x0000000707f00000, 0x0000000707f00000|
| 128|0x0000000708000000, 0x0000000708000000, 0x0000000708100000|  0%| F|  |TS  0|AC  0|TAMS 0x0000000708000000, 0x0000000708000000|
| 129|0x0000000708100000, 0x0000000708100000, 0x0000000708200000|  0%| F|  |TS  0|AC  0|TAMS 0x0000000708100000, 0x0000000708100000|
| 130|0x0000000708200000, 0x0000000708200000, 0x0000000708300000|  0%| F|  |TS  0|AC  0|TAMS 0x0000000708200000, 0x0000000708200000|
| 131|0x0000000708300000, 0x0000000708300000, 0x0000000708400000|  0%| F|  |TS  0|AC  0|TAMS 0x0000000708300000, 0x0000000708300000|
| 132|0x0000000708400000, 0x0000000708400000, 0x0000000708500000|  0%| F|  |TS  0|AC  0|TAMS 0x0000000708400000, 0x0000000708400000|
| 133|0x0000000708500000, 0x0000000708500000, 0x0000000708600000|  0%| F|  |TS  0|AC  0|TAMS 0x0000000708500000, 0x0000000708500000|
| 134|0x0000000708600000, 0x0000000708600000, 0x0000000708700000|  0%| F|  |TS  0|AC  0|TAMS 0x0000000708600000, 0x0000000708600000|
| 135|0x0000000708700000, 0x0000000708700000, 0x0000000708800000|  0%| F|  |TS  0|AC  0|TAMS 0x0000000708700000, 0x0000000708700000|
| 136|0x0000000708800000, 0x0000000708800000, 0x0000000708900000|  0%| F|  |TS  0|AC  0|TAMS 0x0000000708800000, 0x0000000708800000|
| 137|0x0000000708900000, 0x0000000708900000, 0x0000000708a00000|  0%| F|  |TS  0|AC  0|TAMS 0x0000000708900000, 0x0000000708900000|
| 138|0x0000000708a00000, 0x0000000708a00000, 0x0000000708b00000|  0%| F|  |TS  0|AC  0|TAMS 0x0000000708a00000, 0x0000000708a00000|
| 139|0x0000000708b00000, 0x0000000708b00000, 0x0000000708c00000|  0%| F|  |TS  0|AC  0|TAMS 0x0000000708b00000, 0x0000000708b00000|
| 140|0x0000000708c00000, 0x0000000708c00000, 0x0000000708d00000|  0%| F|  |TS  0|AC  0|TAMS 0x0000000708c00000, 0x0000000708c00000|
| 141|0x0000000708d00000, 0x0000000708d00000, 0x0000000708e00000|  0%| F|  |TS  0|AC  0|TAMS 0x0000000708d00000, 0x0000000708d00000|
| 142|0x0000000708e00000, 0x0000000708e00000, 0x0000000708f00000|  0%| F|  |TS  0|AC  0|TAMS 0x0000000708e00000, 0x0000000708e00000|
| 143|0x0000000708f00000, 0x0000000708f00000, 0x0000000709000000|  0%| F|  |TS  0|AC  0|TAMS 0x0000000708f00000, 0x0000000708f00000|
| 144|0x0000000709000000, 0x0000000709000000, 0x0000000709100000|  0%| F|  |TS  0|AC  0|TAMS 0x0000000709000000, 0x0000000709000000|
| 145|0x0000000709100000, 0x0000000709100000, 0x0000000709200000|  0%| F|  |TS  0|AC  0|TAMS 0x0000000709100000, 0x0000000709100000|
| 146|0x0000000709200000, 0x0000000709200000, 0x0000000709300000|  0%| F|  |TS  0|AC  0|TAMS 0x0000000709200000, 0x0000000709200000|
| 147|0x0000000709300000, 0x0000000709300000, 0x0000000709400000|  0%| F|  |TS  0|AC  0|TAMS 0x0000000709300000, 0x0000000709300000|
| 148|0x0000000709400000, 0x0000000709400000, 0x0000000709500000|  0%| F|  |TS  0|AC  0|TAMS 0x0000000709400000, 0x0000000709400000|
| 149|0x0000000709500000, 0x0000000709500000, 0x0000000709600000|  0%| F|  |TS  0|AC  0|TAMS 0x0000000709500000, 0x0000000709500000|
| 150|0x0000000709600000, 0x0000000709600000, 0x0000000709700000|  0%| F|  |TS  0|AC  0|TAMS 0x0000000709600000, 0x0000000709600000|
| 151|0x0000000709700000, 0x0000000709700000, 0x0000000709800000|  0%| F|  |TS  0|AC  0|TAMS 0x0000000709700000, 0x0000000709700000|
| 152|0x0000000709800000, 0x0000000709800000, 0x0000000709900000|  0%| F|  |TS  0|AC  0|TAMS 0x0000000709800000, 0x0000000709800000|
| 153|0x0000000709900000, 0x0000000709900000, 0x0000000709a00000|  0%| F|  |TS  0|AC  0|TAMS 0x0000000709900000, 0x0000000709900000|
| 154|0x0000000709a00000, 0x0000000709a00000, 0x0000000709b00000|  0%| F|  |TS  0|AC  0|TAMS 0x0000000709a00000, 0x0000000709a00000|
| 155|0x0000000709b00000, 0x0000000709b00000, 0x0000000709c00000|  0%| F|  |TS  0|AC  0|TAMS 0x0000000709b00000, 0x0000000709b00000|
| 156|0x0000000709c00000, 0x0000000709c00000, 0x0000000709d00000|  0%| F|  |TS  0|AC  0|TAMS 0x0000000709c00000, 0x0000000709c00000|
| 157|0x0000000709d00000, 0x0000000709d00000, 0x0000000709e00000|  0%| F|  |TS  0|AC  0|TAMS 0x0000000709d00000, 0x0000000709d00000|
| 158|0x0000000709e00000, 0x0000000709e00000, 0x0000000709f00000|  0%| F|  |TS  0|AC  0|TAMS 0x0000000709e00000, 0x0000000709e00000|
| 159|0x0000000709f00000, 0x0000000709f00000, 0x000000070a000000|  0%| F|  |TS  0|AC  0|TAMS 0x0000000709f00000, 0x0000000709f00000|
| 160|0x000000070a000000, 0x000000070a000000, 0x000000070a100000|  0%| F|  |TS  0|AC  0|TAMS 0x000000070a000000, 0x000000070a000000|
| 161|0x000000070a100000, 0x000000070a100000, 0x000000070a200000|  0%| F|  |TS  3|AC  0|TAMS 0x000000070a100000, 0x000000070a100000|
| 162|0x000000070a200000, 0x000000070a29a588, 0x000000070a300000| 60%| S|CS|TS  3|AC  0|TAMS 0x000000070a200000, 0x000000070a200000|
| 163|0x000000070a300000, 0x000000070a300000, 0x000000070a400000|  0%| F|  |TS  3|AC  0|TAMS 0x000000070a300000, 0x000000070a300000|
| 164|0x000000070a400000, 0x000000070a400000, 0x000000070a500000|  0%| F|  |TS  3|AC  0|TAMS 0x000000070a400000, 0x000000070a400000|
| 165|0x000000070a500000, 0x000000070a500000, 0x000000070a600000|  0%| F|  |TS  3|AC  0|TAMS 0x000000070a500000, 0x000000070a500000|
| 166|0x000000070a600000, 0x000000070a600000, 0x000000070a700000|  0%| F|  |TS  3|AC  0|TAMS 0x000000070a600000, 0x000000070a600000|
| 167|0x000000070a700000, 0x000000070a700000, 0x000000070a800000|  0%| F|  |TS  3|AC  0|TAMS 0x000000070a700000, 0x000000070a700000|
| 168|0x000000070a800000, 0x000000070a800000, 0x000000070a900000|  0%| F|  |TS  3|AC  0|TAMS 0x000000070a800000, 0x000000070a800000|
| 169|0x000000070a900000, 0x000000070a900000, 0x000000070aa00000|  0%| F|  |TS  3|AC  0|TAMS 0x000000070a900000, 0x000000070a900000|
| 170|0x000000070aa00000, 0x000000070aa00000, 0x000000070ab00000|  0%| F|  |TS  3|AC  0|TAMS 0x000000070aa00000, 0x000000070aa00000|
| 171|0x000000070ab00000, 0x000000070ab00000, 0x000000070ac00000|  0%| F|  |TS  3|AC  0|TAMS 0x000000070ab00000, 0x000000070ab00000|
| 172|0x000000070ac00000, 0x000000070ac00000, 0x000000070ad00000|  0%| F|  |TS  3|AC  0|TAMS 0x000000070ac00000, 0x000000070ac00000|
| 173|0x000000070ad00000, 0x000000070ad00000, 0x000000070ae00000|  0%| F|  |TS  3|AC  0|TAMS 0x000000070ad00000, 0x000000070ad00000|
| 174|0x000000070ae00000, 0x000000070ae00000, 0x000000070af00000|  0%| F|  |TS  3|AC  0|TAMS 0x000000070ae00000, 0x000000070ae00000|
| 175|0x000000070af00000, 0x000000070af00000, 0x000000070b000000|  0%| F|  |TS  3|AC  0|TAMS 0x000000070af00000, 0x000000070af00000|
| 176|0x000000070b000000, 0x000000070b000000, 0x000000070b100000|  0%| F|  |TS  3|AC  0|TAMS 0x000000070b000000, 0x000000070b000000|
| 177|0x000000070b100000, 0x000000070b100000, 0x000000070b200000|  0%| F|  |TS  3|AC  0|TAMS 0x000000070b100000, 0x000000070b100000|
| 178|0x000000070b200000, 0x000000070b200000, 0x000000070b300000|  0%| F|  |TS  3|AC  0|TAMS 0x000000070b200000, 0x000000070b200000|
| 179|0x000000070b300000, 0x000000070b300000, 0x000000070b400000|  0%| F|  |TS  3|AC  0|TAMS 0x000000070b300000, 0x000000070b300000|
| 180|0x000000070b400000, 0x000000070b400000, 0x000000070b500000|  0%| F|  |TS  3|AC  0|TAMS 0x000000070b400000, 0x000000070b400000|
| 181|0x000000070b500000, 0x000000070b500000, 0x000000070b600000|  0%| F|  |TS  3|AC  0|TAMS 0x000000070b500000, 0x000000070b500000|
| 182|0x000000070b600000, 0x000000070b600000, 0x000000070b700000|  0%| F|  |TS  3|AC  0|TAMS 0x000000070b600000, 0x000000070b600000|
| 183|0x000000070b700000, 0x000000070b700000, 0x000000070b800000|  0%| F|  |TS  3|AC  0|TAMS 0x000000070b700000, 0x000000070b700000|
| 184|0x000000070b800000, 0x000000070b800000, 0x000000070b900000|  0%| F|  |TS  3|AC  0|TAMS 0x000000070b800000, 0x000000070b800000|
| 185|0x000000070b900000, 0x000000070b900000, 0x000000070ba00000|  0%| F|  |TS  3|AC  0|TAMS 0x000000070b900000, 0x000000070b900000|
| 186|0x000000070ba00000, 0x000000070ba00000, 0x000000070bb00000|  0%| F|  |TS  3|AC  0|TAMS 0x000000070ba00000, 0x000000070ba00000|
| 187|0x000000070bb00000, 0x000000070bb00000, 0x000000070bc00000|  0%| F|  |TS  3|AC  0|TAMS 0x000000070bb00000, 0x000000070bb00000|
| 188|0x000000070bc00000, 0x000000070bc00000, 0x000000070bd00000|  0%| F|  |TS  3|AC  0|TAMS 0x000000070bc00000, 0x000000070bc00000|
| 189|0x000000070bd00000, 0x000000070bd00000, 0x000000070be00000|  0%| F|  |TS  3|AC  0|TAMS 0x000000070bd00000, 0x000000070bd00000|
| 190|0x000000070be00000, 0x000000070be00000, 0x000000070bf00000|  0%| F|  |TS  3|AC  0|TAMS 0x000000070be00000, 0x000000070be00000|
| 191|0x000000070bf00000, 0x000000070bf00000, 0x000000070c000000|  0%| F|  |TS  3|AC  0|TAMS 0x000000070bf00000, 0x000000070bf00000|
| 192|0x000000070c000000, 0x000000070c000000, 0x000000070c100000|  0%| F|  |TS  3|AC  0|TAMS 0x000000070c000000, 0x000000070c000000|
| 193|0x000000070c100000, 0x000000070c100000, 0x000000070c200000|  0%| F|  |TS  3|AC  0|TAMS 0x000000070c100000, 0x000000070c100000|
| 194|0x000000070c200000, 0x000000070c200000, 0x000000070c300000|  0%| F|  |TS  3|AC  0|TAMS 0x000000070c200000, 0x000000070c200000|
| 195|0x000000070c300000, 0x000000070c300000, 0x000000070c400000|  0%| F|  |TS  3|AC  0|TAMS 0x000000070c300000, 0x000000070c300000|
| 196|0x000000070c400000, 0x000000070c400000, 0x000000070c500000|  0%| F|  |TS  3|AC  0|TAMS 0x000000070c400000, 0x000000070c400000|
| 197|0x000000070c500000, 0x000000070c500000, 0x000000070c600000|  0%| F|  |TS  3|AC  0|TAMS 0x000000070c500000, 0x000000070c500000|
| 198|0x000000070c600000, 0x000000070c600000, 0x000000070c700000|  0%| F|  |TS  3|AC  0|TAMS 0x000000070c600000, 0x000000070c600000|
| 199|0x000000070c700000, 0x000000070c723c78, 0x000000070c800000| 13%| E|  |TS  3|AC  0|TAMS 0x000000070c700000, 0x000000070c700000|
| 200|0x000000070c800000, 0x000000070c900000, 0x000000070c900000|100%| E|CS|TS  3|AC  0|TAMS 0x000000070c800000, 0x000000070c800000|
| 201|0x000000070c900000, 0x000000070ca00000, 0x000000070ca00000|100%| E|CS|TS  3|AC  0|TAMS 0x000000070c900000, 0x000000070c900000|
| 202|0x000000070ca00000, 0x000000070cb00000, 0x000000070cb00000|100%| E|CS|TS  3|AC  0|TAMS 0x000000070ca00000, 0x000000070ca00000|
| 203|0x000000070cb00000, 0x000000070cc00000, 0x000000070cc00000|100%| E|CS|TS  3|AC  0|TAMS 0x000000070cb00000, 0x000000070cb00000|
| 204|0x000000070cc00000, 0x000000070cd00000, 0x000000070cd00000|100%| E|CS|TS  3|AC  0|TAMS 0x000000070cc00000, 0x000000070cc00000|
| 205|0x000000070cd00000, 0x000000070ce00000, 0x000000070ce00000|100%| E|CS|TS  3|AC  0|TAMS 0x000000070cd00000, 0x000000070cd00000|
| 206|0x000000070ce00000, 0x000000070cf00000, 0x000000070cf00000|100%| E|CS|TS  3|AC  0|TAMS 0x000000070ce00000, 0x000000070ce00000|
| 207|0x000000070cf00000, 0x000000070d000000, 0x000000070d000000|100%| E|CS|TS  3|AC  0|TAMS 0x000000070cf00000, 0x000000070cf00000|
| 208|0x000000070d000000, 0x000000070d100000, 0x000000070d100000|100%| E|CS|TS  3|AC  0|TAMS 0x000000070d000000, 0x000000070d000000|
| 209|0x000000070d100000, 0x000000070d200000, 0x000000070d200000|100%| E|CS|TS  3|AC  0|TAMS 0x000000070d100000, 0x000000070d100000|
| 210|0x000000070d200000, 0x000000070d300000, 0x000000070d300000|100%| E|CS|TS  3|AC  0|TAMS 0x000000070d200000, 0x000000070d200000|
| 211|0x000000070d300000, 0x000000070d400000, 0x000000070d400000|100%| E|CS|TS  3|AC  0|TAMS 0x000000070d300000, 0x000000070d300000|
| 212|0x000000070d400000, 0x000000070d500000, 0x000000070d500000|100%| E|CS|TS  3|AC  0|TAMS 0x000000070d400000, 0x000000070d400000|
| 213|0x000000070d500000, 0x000000070d600000, 0x000000070d600000|100%| E|CS|TS  3|AC  0|TAMS 0x000000070d500000, 0x000000070d500000|
| 214|0x000000070d600000, 0x000000070d700000, 0x000000070d700000|100%| E|CS|TS  3|AC  0|TAMS 0x000000070d600000, 0x000000070d600000|
| 215|0x000000070d700000, 0x000000070d800000, 0x000000070d800000|100%| E|CS|TS  3|AC  0|TAMS 0x000000070d700000, 0x000000070d700000|
| 216|0x000000070d800000, 0x000000070d900000, 0x000000070d900000|100%| E|CS|TS  3|AC  0|TAMS 0x000000070d800000, 0x000000070d800000|
| 217|0x000000070d900000, 0x000000070da00000, 0x000000070da00000|100%| E|CS|TS  3|AC  0|TAMS 0x000000070d900000, 0x000000070d900000|
| 218|0x000000070da00000, 0x000000070db00000, 0x000000070db00000|100%| E|CS|TS  3|AC  0|TAMS 0x000000070da00000, 0x000000070da00000|
| 219|0x000000070db00000, 0x000000070dc00000, 0x000000070dc00000|100%| E|CS|TS  3|AC  0|TAMS 0x000000070db00000, 0x000000070db00000|
| 220|0x000000070dc00000, 0x000000070dd00000, 0x000000070dd00000|100%| E|CS|TS  3|AC  0|TAMS 0x000000070dc00000, 0x000000070dc00000|
| 221|0x000000070dd00000, 0x000000070de00000, 0x000000070de00000|100%| E|CS|TS  3|AC  0|TAMS 0x000000070dd00000, 0x000000070dd00000|

Card table byte_map: [0x0000029189d90000,0x000002918a390000] byte_map_base: 0x0000029186590000

Marking Bits (Prev, Next): (CMBitMap*) 0x00000291bd37e940, (CMBitMap*) 0x00000291bd37e978
 Prev Bits: [0x00000291a10c0000, 0x00000291a40c0000)
 Next Bits: [0x00000291a40c0000, 0x00000291a70c0000)

Polling page: 0x0000029183fc0000

CodeHeap 'non-profiled nmethods': size=120064Kb used=21457Kb max_used=21457Kb free=98606Kb
 bounds [0x0000029199b80000, 0x000002919b080000, 0x00000291a10c0000]
CodeHeap 'profiled nmethods': size=120000Kb used=49914Kb max_used=49914Kb free=70086Kb
 bounds [0x0000029192650000, 0x0000029195780000, 0x0000029199b80000]
CodeHeap 'non-nmethods': size=5696Kb used=1841Kb max_used=1874Kb free=3854Kb
 bounds [0x00000291920c0000, 0x0000029192330000, 0x0000029192650000]
 total_blobs=34017 nmethods=19140 adapters=1199
 compilation: enabled

Compilation events (10 events):
Event: 6034.722 Thread 0x000002918551f000 23575       4       javax.swing.JComponent::rectangleIsObscured (119 bytes)
Event: 6034.728 Thread 0x000002918551f000 nmethod 23575 0x000002919b06d710 code [0x000002919b06d8e0, 0x000002919b06dcb8]
Event: 6034.729 Thread 0x0000029185faa000 nmethod 23574 0x000002919b06e190 code [0x000002919b06e520, 0x000002919b06fba0]
Event: 6034.846 Thread 0x000002918551f000 23576   !   4       javax.swing.JComponent::paint (409 bytes)
Event: 6034.874 Thread 0x0000029185fab000 23577       3       ui.utils.swing.i.b::<init> (11 bytes)
Event: 6034.875 Thread 0x0000029185fab000 nmethod 23577 0x0000029194af3b10 code [0x0000029194af3e00, 0x0000029194af4de0]
Event: 6034.875 Thread 0x0000029185fab000 23578       3       de.javasoft.plaf.synthetica.painter.TextComponentPainter::fillBackground (306 bytes)
Event: 6034.876 Thread 0x0000029185faa000 23579       4       javax.swing.JMenu::isSelected (10 bytes)
Event: 6034.877 Thread 0x0000029185fab000 nmethod 23578 0x0000029194c36510 code [0x0000029194c36a60, 0x0000029194c39de0]
Event: 6034.877 Thread 0x0000029185faa000 nmethod 23579 0x000002919b070c90 code [0x000002919b070e20, 0x000002919b070ed8]

GC Heap History (10 events):
Event: 6029.672 GC heap before
{Heap before GC invocations=256 (full 77):
 garbage-first heap   total 227328K, used 147248K [0x0000000700000000, 0x00000007001006f0, 0x00000007c0000000)
  region size 1024K, 60 young (61440K), 1 survivors (1024K)
 Metaspace       used 93737K, capacity 98117K, committed 98892K, reserved 1134592K
  class space    used 13429K, capacity 14210K, committed 14412K, reserved 1048576K
}
Event: 6029.678 GC heap after
{Heap after GC invocations=257 (full 77):
 garbage-first heap   total 227328K, used 87313K [0x0000000700000000, 0x00000007001006f0, 0x00000007c0000000)
  region size 1024K, 2 young (2048K), 2 survivors (2048K)
 Metaspace       used 93737K, capacity 98117K, committed 98892K, reserved 1134592K
  class space    used 13429K, capacity 14210K, committed 14412K, reserved 1048576K
}
Event: 6030.289 GC heap before
{Heap before GC invocations=257 (full 77):
 garbage-first heap   total 227328K, used 146705K [0x0000000700000000, 0x00000007001006f0, 0x00000007c0000000)
  region size 1024K, 60 young (61440K), 2 survivors (2048K)
 Metaspace       used 94045K, capacity 98903K, committed 99148K, reserved 1134592K
  class space    used 13515K, capacity 14401K, committed 14412K, reserved 1048576K
}
Event: 6030.296 GC heap after
{Heap after GC invocations=258 (full 77):
 garbage-first heap   total 227328K, used 87505K [0x0000000700000000, 0x00000007001006f0, 0x00000007c0000000)
  region size 1024K, 2 young (2048K), 2 survivors (2048K)
 Metaspace       used 94045K, capacity 98903K, committed 99148K, reserved 1134592K
  class space    used 13515K, capacity 14401K, committed 14412K, reserved 1048576K
}
Event: 6031.878 GC heap before
{Heap before GC invocations=258 (full 77):
 garbage-first heap   total 227328K, used 143825K [0x0000000700000000, 0x00000007001006f0, 0x00000007c0000000)
  region size 1024K, 58 young (59392K), 2 survivors (2048K)
 Metaspace       used 94075K, capacity 98903K, committed 99148K, reserved 1134592K
  class space    used 13517K, capacity 14401K, committed 14412K, reserved 1048576K
}
Event: 6032.166 GC heap after
{Heap after GC invocations=259 (full 78):
 garbage-first heap   total 227328K, used 87034K [0x0000000700000000, 0x00000007001006f0, 0x00000007c0000000)
  region size 1024K, 0 young (0K), 0 survivors (0K)
 Metaspace       used 94075K, capacity 98903K, committed 99148K, reserved 1134592K
  class space    used 13517K, capacity 14401K, committed 14412K, reserved 1048576K
}
Event: 6032.418 GC heap before
{Heap before GC invocations=259 (full 78):
 garbage-first heap   total 227328K, used 148474K [0x0000000700000000, 0x00000007001006f0, 0x00000007c0000000)
  region size 1024K, 60 young (61440K), 0 survivors (0K)
 Metaspace       used 94076K, capacity 98903K, committed 99148K, reserved 1134592K
  class space    used 13517K, capacity 14401K, committed 14412K, reserved 1048576K
}
Event: 6032.421 GC heap after
{Heap after GC invocations=260 (full 78):
 garbage-first heap   total 227328K, used 87365K [0x0000000700000000, 0x00000007001006f0, 0x00000007c0000000)
  region size 1024K, 1 young (1024K), 1 survivors (1024K)
 Metaspace       used 94076K, capacity 98903K, committed 99148K, reserved 1134592K
  class space    used 13517K, capacity 14401K, committed 14412K, reserved 1048576K
}
Event: 6034.781 GC heap before
{Heap before GC invocations=260 (full 78):
 garbage-first heap   total 227328K, used 147781K [0x0000000700000000, 0x00000007001006f0, 0x00000007c0000000)
  region size 1024K, 60 young (61440K), 1 survivors (1024K)
 Metaspace       used 94084K, capacity 98903K, committed 99148K, reserved 1134592K
  class space    used 13517K, capacity 14401K, committed 14412K, reserved 1048576K
}
Event: 6034.786 GC heap after
{Heap after GC invocations=261 (full 78):
 garbage-first heap   total 227328K, used 87652K [0x0000000700000000, 0x00000007001006f0, 0x00000007c0000000)
  region size 1024K, 1 young (1024K), 1 survivors (1024K)
 Metaspace       used 94084K, capacity 98903K, committed 99148K, reserved 1134592K
  class space    used 13517K, capacity 14401K, committed 14412K, reserved 1048576K
}

Deoptimization events (10 events):
Event: 6029.804 Thread 0x00000291ab726800 Uncommon trap: reason=class_check action=maybe_recompile pc=0x000002919a04c5e8 method=javax.swing.JComponent.paintChildren(Ljava/awt/Graphics;)V @ 567 c2
Event: 6029.843 Thread 0x00000291ab726800 Uncommon trap: reason=unstable_if action=reinterpret pc=0x000002919accfe2c method=javax.swing.JComponent.rectangleIsObscured(IIII)Z @ 100 c2
Event: 6029.843 Thread 0x00000291ab726800 Uncommon trap: reason=class_check action=maybe_recompile pc=0x000002919a04c5e8 method=javax.swing.JComponent.paintChildren(Ljava/awt/Graphics;)V @ 567 c2
Event: 6029.844 Thread 0x00000291ab726800 Uncommon trap: reason=unstable_if action=reinterpret pc=0x000002919a056cc0 method=javax.swing.JComponent.rectangleIsObscured(IIII)Z @ 100 c2
Event: 6029.844 Thread 0x00000291ab726800 Uncommon trap: reason=class_check action=maybe_recompile pc=0x000002919a04c5e8 method=javax.swing.JComponent.paintChildren(Ljava/awt/Graphics;)V @ 567 c2
Event: 6031.499 Thread 0x00000291ab726800 Uncommon trap: reason=unstable_if action=reinterpret pc=0x000002919ac306d0 method=javax.swing.text.DefaultCaret.handleSetDot(ILjavax/swing/text/Position$Bias;)V @ 62 c2
Event: 6031.846 Thread 0x00000291ab726800 Uncommon trap: reason=unstable_if action=reinterpret pc=0x000002919a6db00c method=javax.swing.tree.DefaultTreeCellRenderer.getTreeCellRendererComponent(Ljavax/swing/JTree;Ljava/lang/Object;ZZZIZ)Ljava/awt/Component; @ 114 c2
Event: 6031.846 Thread 0x00000291ab726800 Uncommon trap: reason=unstable_if action=reinterpret pc=0x000002919aa28034 method=ui.views.waveform.f.a.akD(Ljava/lang/String;)Ljavax/swing/Icon; @ 4 c2
Event: 6031.851 Thread 0x00000291ab726800 Uncommon trap: reason=unstable_if action=reinterpret pc=0x000002919afefd44 method=sun.awt.im.InputContext.getComponentWindow(Ljava/awt/Component;)Ljava/awt/Window; @ 1 c2
Event: 6031.870 Thread 0x00000291ab726800 Uncommon trap: reason=unstable_if action=reinterpret pc=0x000002919a7fa874 method=javax.swing.plaf.basic.BasicListUI.paintCell(Ljava/awt/Graphics;ILjava/awt/Rectangle;Ljavax/swing/ListCellRenderer;Ljavax/swing/ListModel;Ljavax/swing/ListSelectionModel;I)V

Classes redefined (0 events):
No events

Internal exceptions (10 events):
Event: 6029.570 Thread 0x00000291ab726800 Exception <a 'java/lang/NoSuchMethodError'{0x000000070b512310}: method resolution failed> (0x000000070b512310) thrown at [t:/workspace/hotspot/src/share/vm/prims/methodHandles.cpp, line 1256]
Event: 6029.765 Thread 0x00000291ab726800 Exception <a 'java/lang/NoSuchMethodError'{0x000000070c67ee18}: java.lang.invoke.DirectMethodHandle$Holder.invokeSpecial(Ljava/lang/Object;Ljava/lang/Object;Ljava/lang/Object;IILjava/lang/Object;Ljava/lang/Object;Ljava/lang/Object;Ljava/lang/Object;Ljava/
Event: 6029.765 Thread 0x00000291ab726800 Exception <a 'java/lang/NoSuchMethodError'{0x000000070c684578}: java.lang.invoke.DelegatingMethodHandle$Holder.reinvoke_L(Ljava/lang/Object;Ljava/lang/Object;IILjava/lang/Object;Ljava/lang/Object;Ljava/lang/Object;Ljava/lang/Object;Ljava/lang/Object;Ljava
Event: 6029.767 Thread 0x00000291ab726800 Exception <a 'java/lang/NoSuchMethodError'{0x000000070c6f76a8}: java.lang.invoke.DirectMethodHandle$Holder.invokeSpecial(Ljava/lang/Object;Ljava/lang/Object;IILjava/lang/Object;Ljava/lang/Object;Ljava/lang/Object;Ljava/lang/Object;Ljava/lang/Object;Ljava/
Event: 6029.767 Thread 0x00000291ab726800 Exception <a 'java/lang/NoSuchMethodError'{0x000000070c6fb8d0}: java.lang.invoke.DelegatingMethodHandle$Holder.reinvoke_L(Ljava/lang/Object;IILjava/lang/Object;Ljava/lang/Object;Ljava/lang/Object;Ljava/lang/Object;Ljava/lang/Object;Ljava/lang/Object;Ljava
Event: 6029.768 Thread 0x00000291ab726800 Exception <a 'java/lang/NoSuchMethodError'{0x000000070c54d5c8}: java.lang.invoke.DirectMethodHandle$Holder.invokeSpecial(Ljava/lang/Object;Ljava/lang/Object;Ljava/lang/Object;Ljava/lang/Object;Ljava/lang/Object;Ljava/lang/Object;Ljava/lang/Object;Ljava/la
Event: 6029.771 Thread 0x00000291ab726800 Exception <a 'java/lang/NoSuchMethodError'{0x000000070c5d4a48}: java.lang.invoke.DirectMethodHandle$Holder.invokeSpecial(Ljava/lang/Object;Ljava/lang/Object;IILjava/lang/Object;IILjava/lang/Object;Ljava/lang/Object;)Ljava/lang/Object;> (0x000000070c5d4a48
Event: 6029.771 Thread 0x00000291ab726800 Exception <a 'java/lang/NoSuchMethodError'{0x000000070c5d8380}: java.lang.invoke.DelegatingMethodHandle$Holder.reinvoke_L(Ljava/lang/Object;IILjava/lang/Object;IILjava/lang/Object;Ljava/lang/Object;)Ljava/lang/Object;> (0x000000070c5d8380) thrown at [t:/w
Event: 6029.773 Thread 0x00000291ab726800 Exception <a 'java/lang/NoSuchMethodError'{0x000000070c42fb40}: java.lang.invoke.DirectMethodHandle$Holder.invokeSpecial(Ljava/lang/Object;Ljava/lang/Object;Ljava/lang/Object;IILjava/lang/Object;Ljava/lang/Object;)Ljava/lang/Object;> (0x000000070c42fb40) 
Event: 6030.181 Thread 0x00000291ab726800 Exception <a 'java/lang/NoSuchMethodError'{0x000000070bb364c8}: java.lang.invoke.DelegatingMethodHandle$Holder.reinvoke_L(Ljava/lang/Object;IILjava/lang/Object;Ljava/lang/Object;Ljava/lang/Object;Ljava/lang/Object;)Ljava/lang/Object;> (0x000000070bb364c8)

Events (10 events):
Event: 6033.285 Thread 0x00000291b61bf800 Thread exited: 0x00000291b61bf800
Event: 6033.405 Thread 0x00000291b61c2000 Thread added: 0x00000291b61c2000
Event: 6033.419 Executing VM operation: RevokeBias
Event: 6033.419 Executing VM operation: RevokeBias done
Event: 6033.509 Thread 0x00000291b61c5800 Thread added: 0x00000291b61c5800
Event: 6033.512 Thread 0x00000291b61c5800 Thread exited: 0x00000291b61c5800
Event: 6034.509 Thread 0x00000291b61c5800 Thread added: 0x00000291b61c5800
Event: 6034.512 Thread 0x00000291b61c5800 Thread exited: 0x00000291b61c5800
Event: 6034.781 Executing VM operation: G1IncCollectionPause
Event: 6034.786 Executing VM operation: G1IncCollectionPause done


Dynamic libraries:
0x00007ff75a6d0000 - 0x00007ff75a700000 	D:\Vivado\Vivado\2020.1\bin\unwrapped\win64.o\vivado.exe
0x00007ff827b90000 - 0x00007ff827d86000 	C:\WINDOWS\SYSTEM32\ntdll.dll
0x00007ff825df0000 - 0x00007ff825ead000 	C:\WINDOWS\System32\KERNEL32.DLL
0x00007ff825700000 - 0x00007ff8259c8000 	C:\WINDOWS\System32\KERNELBASE.dll
0x00007ff825600000 - 0x00007ff825700000 	C:\WINDOWS\System32\ucrtbase.dll
0x00007ffffea60000 - 0x00007ffffeaf1000 	C:\WINDOWS\SYSTEM32\MSVCP140.dll
0x00007ff804740000 - 0x00007ff804759000 	C:\WINDOWS\SYSTEM32\VCRUNTIME140.dll
0x00007ff8126e0000 - 0x00007ff8126fa000 	D:\Vivado\Vivado\2020.1\lib\win64.o\librdi_commonmain.dll
0x00007ff8126c0000 - 0x00007ff8126d4000 	D:\Vivado\Vivado\2020.1\lib\win64.o\libboost_signals.dll
0x00007ff802910000 - 0x00007ff80291c000 	C:\WINDOWS\SYSTEM32\VCRUNTIME140_1.dll
0x00007ff809d90000 - 0x00007ff80ae56000 	D:\Vivado\Vivado\2020.1\lib\win64.o\librdi_common.dll
0x00007ff825eb0000 - 0x00007ff826050000 	C:\WINDOWS\System32\USER32.dll
0x00007ff812670000 - 0x00007ff812696000 	D:\Vivado\Vivado\2020.1\lib\win64.o\libboost_filesystem.dll
0x00007ff825b90000 - 0x00007ff825bb2000 	C:\WINDOWS\System32\win32u.dll
0x00007ff826080000 - 0x00007ff82612c000 	C:\WINDOWS\System32\ADVAPI32.dll
0x00007ff8268c0000 - 0x00007ff8268ea000 	C:\WINDOWS\System32\GDI32.dll
0x00007ff8267b0000 - 0x00007ff82684e000 	C:\WINDOWS\System32\msvcrt.dll
0x00007ff820cb0000 - 0x00007ff820cba000 	D:\Vivado\Vivado\2020.1\lib\win64.o\librdi_commonversion.dll
0x00007ff8259d0000 - 0x00007ff825ad9000 	C:\WINDOWS\System32\gdi32full.dll
0x00007ff8268f0000 - 0x00007ff82698b000 	C:\WINDOWS\System32\sechost.dll
0x00007ff8253a0000 - 0x00007ff82543d000 	C:\WINDOWS\System32\msvcp_win.dll
0x00007ff8102a0000 - 0x00007ff810441000 	D:\Vivado\Vivado\2020.1\lib\win64.o\librdi_commonxillic.dll
0x00007ff827750000 - 0x00007ff827873000 	C:\WINDOWS\System32\RPCRT4.dll
0x00007ff826990000 - 0x00007ff8270d1000 	C:\WINDOWS\System32\SHELL32.dll
0x00007ff826850000 - 0x00007ff8268bb000 	C:\WINDOWS\System32\WS2_32.dll
0x00007ff825bc0000 - 0x00007ff825be7000 	C:\WINDOWS\System32\bcrypt.dll
0x00007ff812600000 - 0x00007ff812614000 	D:\Vivado\Vivado\2020.1\lib\win64.o\libboost_date_time.dll
0x00000000645d0000 - 0x00000000646fb000 	D:\Vivado\Vivado\2020.1\lib\win64.o\tcl85t.dll
0x00007ff80f6a0000 - 0x00007ff80fa0e000 	D:\Vivado\Vivado\2020.1\lib\win64.o\libCOIN-all.dll
0x00007ff81ba50000 - 0x00007ff81ba5b000 	D:\Vivado\Vivado\2020.1\lib\win64.o\libboost_system.dll
0x00007ff8112c0000 - 0x00007ff81133f000 	D:\Vivado\Vivado\2020.1\lib\win64.o\libboost_program_options.dll
0x00007ff810180000 - 0x00007ff810294000 	D:\Vivado\Vivado\2020.1\lib\win64.o\libboost_regex.dll
0x00007ff8125d0000 - 0x00007ff8125f1000 	D:\Vivado\Vivado\2020.1\lib\win64.o\libboost_thread.dll
0x00007ff8109b0000 - 0x00007ff810a55000 	D:\Vivado\Vivado\2020.1\lib\win64.o\libhdxml.dll
0x00007ff8100f0000 - 0x00007ff810172000 	D:\Vivado\Vivado\2020.1\lib\win64.o\libhdlpsolve.dll
0x00007ff812ab0000 - 0x00007ff812abf000 	D:\Vivado\Vivado\2020.1\lib\win64.o\libboost_xilinx.dll
0x00007ff8090d0000 - 0x00007ff809d85a00 	D:\Vivado\Vivado\2020.1\lib\win64.o\libisl_iostreams.dll
0x00007ff8117e0000 - 0x00007ff811845000 	D:\Vivado\Vivado\2020.1\lib\win64.o\liblmx6.0.dll
0x00007ff8125a0000 - 0x00007ff8125ce000 	D:\Vivado\Vivado\2020.1\lib\win64.o\libisl_sysinfo.dll
0x00007ff811da0000 - 0x00007ff811dba000 	D:\Vivado\Vivado\2020.1\lib\win64.o\pthreadVC2.dll
0x00007ff811c60000 - 0x00007ff811c7c000 	D:\Vivado\Vivado\2020.1\lib\win64.o\librdiconfig.dll
0x00007ff811c30000 - 0x00007ff811c51000 	D:\Vivado\Vivado\2020.1\lib\win64.o\librdizlib.dll
0x00007ff81cf40000 - 0x00007ff81cf58000 	C:\WINDOWS\SYSTEM32\NETAPI32.dll
0x00007ff8052c0000 - 0x00007ff80579a000 	C:\WINDOWS\SYSTEM32\WININET.dll
0x00007ff81d600000 - 0x00007ff81d700000 	C:\WINDOWS\SYSTEM32\WINHTTP.dll
0x0000000012000000 - 0x0000000012270000 	D:\Vivado\Vivado\2020.1\lib\win64.o\xerces-c_3_1.dll
0x00007ff8201f0000 - 0x00007ff8203dd000 	C:\WINDOWS\SYSTEM32\urlmon.dll
0x00007ff808df0000 - 0x00007ff8090cb000 	D:\Vivado\Vivado\2020.1\lib\win64.o\libXil_lmgr11.dll
0x00007ff812660000 - 0x00007ff812669000 	C:\WINDOWS\SYSTEM32\WSOCK32.dll
0x00007ff8270e0000 - 0x00007ff8271ba000 	C:\WINDOWS\System32\COMDLG32.dll
0x00007ff811290000 - 0x00007ff8112bd000 	C:\WINDOWS\SYSTEM32\VCOMP140.DLL
0x00007ff826130000 - 0x00007ff826485000 	C:\WINDOWS\System32\combase.dll
0x00007ff827a00000 - 0x00007ff827aae000 	C:\WINDOWS\System32\shcore.dll
0x00007ff8073d0000 - 0x00007ff808261000 	D:\Vivado\Vivado\2020.1\lib\win64.o\gurobi65.dll
0x00007ff8279a0000 - 0x00007ff8279f5000 	C:\WINDOWS\System32\SHLWAPI.dll
0x00007ff825d20000 - 0x00007ff825ded000 	C:\WINDOWS\System32\OLEAUT32.dll
0x00007ff825bf0000 - 0x00007ff825d1a000 	C:\WINDOWS\System32\ole32.dll
0x00007ff812500000 - 0x00007ff81250d000 	D:\Vivado\Vivado\2020.1\lib\win64.o\libboost_chrono.dll
0x00007ff825440000 - 0x00007ff8254a0000 	C:\WINDOWS\System32\WINTRUST.dll
0x00007ff8254a0000 - 0x00007ff8255fd000 	C:\WINDOWS\System32\CRYPT32.dll
0x00007ff811270000 - 0x00007ff81128b000 	D:\Vivado\Vivado\2020.1\lib\win64.o\libboost_iostreams.dll
0x00007ff810980000 - 0x00007ff8109a5000 	D:\Vivado\Vivado\2020.1\lib\win64.o\libisl_iosutils.dll
0x00007ff81ff40000 - 0x00007ff8201f0000 	C:\WINDOWS\SYSTEM32\iertutil.dll
0x00007ff8128d0000 - 0x00007ff812980000 	C:\WINDOWS\WinSxS\amd64_microsoft.windows.common-controls_6595b64144ccf1df_5.82.19041.488_none_4238de57f6b64d28\COMCTL32.dll
0x00007ff81a410000 - 0x00007ff81a42d000 	C:\WINDOWS\SYSTEM32\dhcpcsvc.DLL
0x00007ff824820000 - 0x00007ff82482c000 	C:\WINDOWS\SYSTEM32\NETUTILS.DLL
0x00007ff824a00000 - 0x00007ff824a6a000 	C:\WINDOWS\SYSTEM32\MSWSOCK.DLL
0x00007ff826050000 - 0x00007ff826080000 	C:\WINDOWS\System32\IMM32.DLL
0x00007ff824ec0000 - 0x00007ff824ed2000 	C:\WINDOWS\SYSTEM32\MSASN1.dll
0x00007ff823200000 - 0x00007ff823212000 	C:\WINDOWS\SYSTEM32\kernel.appcore.dll
0x00007ff8084c0000 - 0x00007ff8089bc000 	D:\Vivado\Vivado\2020.1\lib\win64.o\librdi_commontasks.dll
0x00007ff81fa20000 - 0x00007ff81fa2a000 	C:\WINDOWS\SYSTEM32\VERSION.dll
0x00007ff8070e0000 - 0x00007ff8073c4000 	D:\Vivado\Vivado\2020.1\lib\win64.o\librdi_sio.dll
0x00007ff8246a0000 - 0x00007ff8246db000 	C:\WINDOWS\SYSTEM32\IPHLPAPI.DLL
0x0000000063ba0000 - 0x00000000645c5000 	D:\Vivado\Vivado\2020.1\tps\win64\jre9.0.4\bin\server\jvm.dll
0x00007ff826490000 - 0x00007ff826498000 	C:\WINDOWS\System32\PSAPI.DLL
0x00007ff81d590000 - 0x00007ff81d5b7000 	C:\WINDOWS\SYSTEM32\WINMM.dll
0x00007ff80f5b0000 - 0x00007ff80f69f000 	C:\WINDOWS\SYSTEM32\MSVCR120.dll
0x00007ff823400000 - 0x00007ff823b95000 	C:\WINDOWS\SYSTEM32\windows.storage.dll
0x00007ff824d40000 - 0x00007ff824d6c000 	C:\WINDOWS\SYSTEM32\Wldp.dll
0x00007fffa9410000 - 0x00007fffabaa5000 	D:\Vivado\Vivado\2020.1\lib\win64.o\librdi_tcltasks.dll
0x00007ff80f4b0000 - 0x00007ff80f5a6000 	D:\Vivado\Vivado\2020.1\lib\win64.o\librdi_chipscope.dll
0x00007ff808c30000 - 0x00007ff808de3000 	D:\Vivado\Vivado\2020.1\lib\win64.o\librdi_board.dll
0x00007ff80f430000 - 0x00007ff80f4ab000 	D:\Vivado\Vivado\2020.1\lib\win64.o\librdi_boarddep.dll
0x00007ffff3e30000 - 0x00007ffff42f6000 	D:\Vivado\Vivado\2020.1\lib\win64.o\librdi_bitstream.dll
0x00007ff806f10000 - 0x00007ff8070d1000 	D:\Vivado\Vivado\2020.1\lib\win64.o\librdi_chipscopeimpl.dll
0x00007ff806db0000 - 0x00007ff806f0b000 	D:\Vivado\Vivado\2020.1\lib\win64.o\librdi_containers.dll
0x00007fffa72a0000 - 0x00007fffa940d000 	D:\Vivado\Vivado\2020.1\lib\win64.o\librdi_coregen.dll
0x00007fffdb980000 - 0x00007fffdc059000 	D:\Vivado\Vivado\2020.1\lib\win64.o\librdi_coregenipxact.dll
0x00007fffa5670000 - 0x00007fffa729a000 	D:\Vivado\Vivado\2020.1\lib\win64.o\librdi_constraints.dll
0x00007fffa1340000 - 0x00007fffa566e000 	D:\Vivado\Vivado\2020.1\lib\win64.o\librdi_designutils.dll
0x00007ff801ef0000 - 0x00007ff80223b000 	D:\Vivado\Vivado\2020.1\lib\win64.o\librdi_dlyest.dll
0x00007ff8083f0000 - 0x00007ff8084b4000 	D:\Vivado\Vivado\2020.1\lib\win64.o\librdi_dsp.dll
0x00007fffdb360000 - 0x00007fffdb97e000 	D:\Vivado\Vivado\2020.1\lib\win64.o\librdi_drc.dll
0x00007fffdacd0000 - 0x00007fffdb356000 	D:\Vivado\Vivado\2020.1\lib\win64.o\librdi_filemgmt.dll
0x00007ff806230000 - 0x00007ff8062a7000 	D:\Vivado\Vivado\2020.1\lib\win64.o\librdi_hdf.dll
0x00007ffff3b10000 - 0x00007ffff3e2c000 	D:\Vivado\Vivado\2020.1\lib\win64.o\librdi_guitools.dll
0x00007ffffc3b0000 - 0x00007ffffc605000 	D:\Vivado\Vivado\2020.1\lib\win64.o\librdi_hip_devdesign.dll
0x00007fff56340000 - 0x00007fff6e210000 	D:\Vivado\Vivado\2020.1\lib\win64.o\librdi_device.dll
0x00007ffffb260000 - 0x00007ffffb3a8000 	D:\Vivado\Vivado\2020.1\lib\win64.o\librdi_hip_perf_analysis.dll
0x00007fff9f770000 - 0x00007fffa10ba000 	D:\Vivado\Vivado\2020.1\lib\win64.o\librdi_implflow.dll
0x00007ffff6b70000 - 0x00007ffff6be4000 	D:\Vivado\Vivado\2020.1\lib\win64.o\librdi_memoryarray.dll
0x00007fffb8d60000 - 0x00007fffb939e000 	D:\Vivado\Vivado\2020.1\lib\win64.o\librdi_memdata.dll
0x00007fffaeec0000 - 0x00007fffaf5c3000 	D:\Vivado\Vivado\2020.1\lib\win64.o\librdi_netlist.dll
0x00007ff8083a0000 - 0x00007ff8083ee000 	D:\Vivado\Vivado\2020.1\lib\win64.o\librdi_pfi.dll
0x00007fffda970000 - 0x00007fffdacc1000 	D:\Vivado\Vivado\2020.1\lib\win64.o\librdi_platform.dll
0x00007fffae680000 - 0x00007fffaeeb4000 	D:\Vivado\Vivado\2020.1\lib\win64.o\librdi_power.dll
0x00007fff84cc0000 - 0x00007fff87831000 	D:\Vivado\Vivado\2020.1\lib\win64.o\librdi_place.dll
0x00007fff87840000 - 0x00007fff8a6b7000 	D:\Vivado\Vivado\2020.1\lib\win64.o\librdi_mig.dll
0x00007fffb7eb0000 - 0x00007fffb84a5000 	D:\Vivado\Vivado\2020.1\lib\win64.o\librdi_project.dll
0x00007fffadf10000 - 0x00007fffae67f000 	D:\Vivado\Vivado\2020.1\lib\win64.o\librdi_rsb.dll
0x00007fff84580000 - 0x00007fff84cbc000 	D:\Vivado\Vivado\2020.1\lib\win64.o\librdi_psta.dll
0x00007ffff3a00000 - 0x00007ffff3b08000 	D:\Vivado\Vivado\2020.1\lib\win64.o\librdi_runsbase.dll
0x00007fffb9640000 - 0x00007fffb9ada000 	D:\Vivado\Vivado\2020.1\lib\win64.o\librdi_runs.dll
0x00007fffdd080000 - 0x00007fffdd2f5000 	D:\Vivado\Vivado\2020.1\lib\win64.o\librdi_simdata.dll
0x00007fff83670000 - 0x00007fff8457a000 	D:\Vivado\Vivado\2020.1\lib\win64.o\librdi_timing.dll
0x00007ffff37b0000 - 0x00007ffff3858000 	D:\Vivado\Vivado\2020.1\lib\win64.o\librdi_xhubtasks.dll
0x00007fffe1e10000 - 0x00007fffe1f0f000 	D:\Vivado\Vivado\2020.1\lib\win64.o\librdi_xhub.dll
0x00007ff806180000 - 0x00007ff8061cd000 	D:\Vivado\Vivado\2020.1\lib\win64.o\libboost_graph.dll
0x00007ff801ea0000 - 0x00007ff801eec000 	D:\Vivado\Vivado\2020.1\lib\win64.o\librdi_bva.dll
0x00007ffffc8c0000 - 0x00007ffffc92c000 	D:\Vivado\Vivado\2020.1\lib\win64.o\librdi_noc_frameworks.dll
0x00007ff801ca0000 - 0x00007ff801cec000 	D:\Vivado\Vivado\2020.1\lib\win64.o\libboost_serialization.dll
0x00007fff82b20000 - 0x00007fff83667000 	D:\Vivado\Vivado\2020.1\lib\win64.o\libverific.dll
0x00007fffdd3e0000 - 0x00007fffdd4c8000 	D:\Vivado\Vivado\2020.1\lib\win64.o\librdi_ipconfig_readwrite.dll
0x00007fff9f220000 - 0x00007fff9f76e000 	D:\Vivado\Vivado\2020.1\lib\win64.o\librdi_xdm.dll
0x00007ffff3960000 - 0x00007ffff39fe000 	D:\Vivado\Vivado\2020.1\lib\win64.o\libise.dll
0x00007ff801c20000 - 0x00007ff801c6b000 	D:\Vivado\Vivado\2020.1\lib\win64.o\librdi_wavedata_SimpleApi.dll
0x00007fff82500000 - 0x00007fff82b1e000 	D:\Vivado\Vivado\2020.1\lib\win64.o\librdi_wavedata.dll

VM Arguments:
jvm_args: -Dsun.java2d.pmoffscreen=false -Dsun.java2d.xrender=false -Dsun.java2d.d3d=false -Dsun.awt.nopixfmt=true -Dsun.java2d.dpiaware=true -Dsun.java2d.uiScale.enabled=false -Xverify:none -Dswing.aatext=true -XX:-UsePerfData -Djdk.map.althashing.threshold=512 -XX:StringTableSize=4072 --add-opens=java.base/java.nio=ALL-UNNAMED --add-opens=java.desktop/sun.swing=ALL-UNNAMED --add-opens=java.desktop/javax.swing=ALL-UNNAMED --add-opens=java.desktop/javax.swing.tree=ALL-UNNAMED --add-opens=java.desktop/javax.swing.plaf.basic=ALL-UNNAMED --add-opens=java.desktop/javax.swing.plaf.synth=ALL-UNNAMED --add-opens=java.desktop/com.sun.awt=ALL-UNNAMED -XX:NewSize=60m -XX:MaxNewSize=60m -Xms128m -Xmx3072m -Xss5m 
java_command: <unknown>
java_class_path (initial): D:/Vivado/Vivado/2020.1\lib\classes\alloy.jar;D:/Vivado/Vivado/2020.1\lib\classes\ArchiveSummary.jar;D:/Vivado/Vivado/2020.1\lib\classes\autoesl-models.jar;D:/Vivado/Vivado/2020.1\lib\classes\autopilot.scelaborator.jar;D:/Vivado/Vivado/2020.1\lib\classes\autopilot.sourceprocessor.jar;D:/Vivado/Vivado/2020.1\lib\classes\autopilot.tbprocessor.jar;D:/Vivado/Vivado/2020.1\lib\classes\batik-anim.jar;D:/Vivado/Vivado/2020.1\lib\classes\batik-awt-util.jar;D:/Vivado/Vivado/2020.1\lib\classes\batik-bridge.jar;D:/Vivado/Vivado/2020.1\lib\classes\batik-codec.jar;D:/Vivado/Vivado/2020.1\lib\classes\batik-css.jar;D:/Vivado/Vivado/2020.1\lib\classes\batik-dom.jar;D:/Vivado/Vivado/2020.1\lib\classes\batik-ext.jar;D:/Vivado/Vivado/2020.1\lib\classes\batik-gui-util.jar;D:/Vivado/Vivado/2020.1\lib\classes\batik-gvt.jar;D:/Vivado/Vivado/2020.1\lib\classes\batik-parser.jar;D:/Vivado/Vivado/2020.1\lib\classes\batik-script.jar;D:/Vivado/Vivado/2020.1\lib\classes\batik-svg-dom.jar;D:/Vivado/Vivado/2020.1\lib\classes\batik-swing.jar;D:/Vivado/Vivado/2020.1\lib\classes\batik-transcoder.jar;D:/Vivado/Vivado/2020.1\lib\classes\batik-util.jar;D:/Vivado/Vivado/2020.1\lib\classes\batik-xml.jar;D:/Vivado/Vivado/2020.1\lib\classes\com.google.gson_2.8.2.v20180104-1110.jar;D:/Vivado/Vivado/2020.1\lib\classes\com.google.guava_27.1.0.v20190517-1946.jar;D:/Vivado/Vivado/2020.1\lib\classes\com.ibm.icu_4.4.2.v20110208.jar;D:/Vivado/Vivado/2020.1\lib\classes\com.sigasi.hdt.connection_4.8.0.202004151336.jar;D:/Vivado/Vivado/2020.1\lib\classes\com.sigasi.hdt.epl_4.8.0.202004151336.jar;D:/Vivado/Vivado/2020.1\lib\classes\com.sigasi.hdt.project_4.8.0.202004151336.jar;D:/Vivado/Vivado/2020.1\lib\classes\com.sigasi.hdt.readonlyfilesystem_4.8.0.202004151336.jar;D:/Vivado/Vivado/2020.1\lib\classes\com.sigasi.lcm_4.8.0.202004151336.jar;D:/Vivado/Vivado/2020.1\lib\classes\com.sigasi.sdk.client_4.8.0.202004151336.jar;D:/Vivado/Vivado/2020.1\lib\classes\com.xilinx.hls.services.jar;D:/Viva
Launcher Type: generic

Logging:
Log output configuration:
#0: stdout all=warning uptime,level,tags
#1: stderr all=off uptime,level,tags

Environment Variables:
PATH=D:/Vivado/Vivado/2020.1/bin;D:/Vivado/Vivado/2020.1/lib/win64.o;D:/Vivado/Vivado/2020.1/tps/win64/jre9.0.4/bin/server;D:/Vivado/Vivado/2020.1/tps/win64/jre9.0.4/bin;D:/Vivado/Vivado/2020.1/ids_lite/ISE/bin/nt64;D:/Vivado/Vivado/2020.1/ids_lite/ISE/lib/nt64;E:\1.2.141.2\Bin;C:\Program Files (x86)\Common Files\Oracle\Java\javapath;C:\WINDOWS\system32;C:\WINDOWS;C:\WINDOWS\System32\Wbem;C:\WINDOWS\System32\WindowsPowerShell\v1.0\;C:\WINDOWS\System32\OpenSSH\;C:\MinGW\bin;D:\Git\cmd;C:\Program Files\LLVM\bin;C:\Program Files (x86)\NVIDIA Corporation\PhysX\Common;C:\Program Files\NVIDIA Corporation\NVIDIA NvDLISR;D:\iverilog\bin;D:\iverilog\gtkwave\bin;C:\Program Files\Microsoft SQL Server\120\Tools\Binn\;C:\Users\benja\AppData\Local\Microsoft\WindowsApps;D:\Bandizip\;C:\Users\benja\AppData\Local\GitHubDesktop\bin;D:\Microsoft VS Code\bin;;D:/Vivado/Vivado/2020.1\tps\mingw\6.2.0\win64.o\nt\bin;D:/Vivado/Vivado/2020.1\tps\mingw\6.2.0\win64.o\nt\libexec\gcc\x86_64-w64-mingw32\6.2.0;D:/Vivado/Vivado/2020.1\tps\win64\python-2.7.16;D:/Vivado/Vivado/2020.1\tps\win64\python-2.7.16\bin;D:/Vivado/Vivado/2020.1\tps\win64\python-2.7.16\lib;D:/Vivado/Vivado/2020.1\tps\win64\python-2.7.16\Lib\lib-tk;D:/Vivado/Vivado/2020.1\tps\win64\python-2.7.16\lib\site-packages
USERNAME=Ori
OS=Windows_NT
PROCESSOR_IDENTIFIER=Intel64 Family 6 Model 60 Stepping 3, GenuineIntel



---------------  S Y S T E M  ---------------

OS: Windows 10 , 64 bit Build 19041 (10.0.19041.546)

CPU:total 4 (initial active 4) (4 cores per cpu, 1 threads per core) family 6 model 60 stepping 3, cmov, cx8, fxsr, mmx, sse, sse2, sse3, ssse3, sse4.1, sse4.2, popcnt, avx, avx2, aes, clmul, erms, lzcnt, tsc, tscinvbit, bmi1, bmi2, fma

Memory: 4k page, physical 16717860k(8051988k free), swap 26155044k(13818944k free)

vm_info: Java HotSpot(TM) 64-Bit Server VM (9.0.4+11) for windows-amd64 JRE (9.0.4+11), built on Dec 20 2017 02:18:54 by "mach5one" with MS VC++ 12.0 (VS2013)

END.
