#
# A fatal error has been detected by the Java Runtime Environment:
#
#  EXCEPTION_ACCESS_VIOLATION (0xc0000005) at pc=0x00007ff91210f555, pid=31284, tid=6808
#
# JRE version: Java(TM) SE Runtime Environment (9.0+11) (build 9.0.4+11)
# Java VM: Java HotSpot(TM) 64-Bit Server VM (9.0.4+11, mixed mode, tiered, compressed oops, g1 gc, windows-amd64)
# Problematic frame:
# C  [librdi_common.dll+0x18f555]
#
# No core dump will be written. Minidumps are not enabled by default on client versions of Windows
#
# If you would like to submit a bug report, please visit:
#   http://bugreport.java.com/bugreport/crash.jsp
# The crash happened outside the Java Virtual Machine in native code.
# See problematic frame for where to report the bug.
#

---------------  S U M M A R Y ------------

Command Line: -Dsun.java2d.pmoffscreen=false -Dsun.java2d.xrender=false -Dsun.java2d.d3d=false -Dsun.awt.nopixfmt=true -Dsun.java2d.dpiaware=true -Dsun.java2d.uiScale.enabled=false -Xverify:none -Dswing.aatext=true -XX:-UsePerfData -Djdk.map.althashing.threshold=512 -XX:StringTableSize=4072 --add-opens=java.base/java.nio=ALL-UNNAMED --add-opens=java.desktop/sun.swing=ALL-UNNAMED --add-opens=java.desktop/javax.swing=ALL-UNNAMED --add-opens=java.desktop/javax.swing.tree=ALL-UNNAMED --add-opens=java.desktop/javax.swing.plaf.basic=ALL-UNNAMED --add-opens=java.desktop/javax.swing.plaf.synth=ALL-UNNAMED --add-opens=java.desktop/com.sun.awt=ALL-UNNAMED -XX:NewSize=60m -XX:MaxNewSize=60m -Xms128m -Xmx3072m -Xss5m 

Host: Intel(R) Core(TM) i5-4460  CPU @ 3.20GHz, 4 cores, 15G,  Windows 10 , 64 bit Build 19041 (10.0.19041.546)
Time: Tue Nov 10 01:05:57 2020 Taipei Standard Time elapsed time: 3387 seconds (0d 0h 56m 27s)

---------------  T H R E A D  ---------------

Current thread (0x000001e510b18000):  JavaThread "AWT-EventQueue-0" [_thread_in_native, id=6808, stack(0x0000008c8c900000,0x0000008c8ce00000)]

Stack: [0x0000008c8c900000,0x0000008c8ce00000],  sp=0x0000008c8cdfaf90,  free space=5099k
Native frames: (J=compiled Java code, j=interpreted, Vv=VM code, C=native code)
C  [librdi_common.dll+0x18f555]
C  [librdi_common.dll+0x1842d5]
C  [librdi_common.dll+0x14d40a]
C  0x00007ff8e6c91faf
C  0x00007ff8e6d12fbf
C  0x00007ff8e6d1acd9
C  0x00007ff8e6ceb40b
C  0x00007ff8e6d27c67
C  0x000001e507cd223a

Java frames: (J=compiled Java code, j=interpreted, Vv=VM code)
J 28186  ui.views.waveform.waveformi.WVExecutive_getTooltipTextDelayed(J)Ljava/lang/String; (0 bytes) @ 0x000001e507cd21a1 [0x000001e507cd2160+0x0000000000000041]
J 28183 c1 ui.views.waveform.b.a.bW(Ljava/awt/event/MouseEvent;)V (135 bytes) @ 0x000001e500758324 [0x000001e500757c80+0x00000000000006a4]
J 28056 c1 ui.views.waveform.b.a.mouseMoved(Ljava/awt/event/MouseEvent;)V (32 bytes) @ 0x000001e503d2bbd4 [0x000001e503d2b620+0x00000000000005b4]
J 17832 c2 java.awt.AWTEventMulticaster.mouseMoved(Ljava/awt/event/MouseEvent;)V java.desktop@9.0.4 (27 bytes) @ 0x000001e50897b5f4 [0x000001e50897b540+0x00000000000000b4]
J 17832 c2 java.awt.AWTEventMulticaster.mouseMoved(Ljava/awt/event/MouseEvent;)V java.desktop@9.0.4 (27 bytes) @ 0x000001e50897b5b4 [0x000001e50897b540+0x0000000000000074]
J 26131 c2 javax.swing.JComponent.processMouseMotionEvent(Ljava/awt/event/MouseEvent;)V java.desktop@9.0.4 (46 bytes) @ 0x000001e508807b44 [0x000001e508807ac0+0x0000000000000084]
J 25944 c1 ui.frmwork.c.i.processMouseMotionEvent(Ljava/awt/event/MouseEvent;)V (131 bytes) @ 0x000001e5016cd00c [0x000001e5016cc120+0x0000000000000eec]
J 22364 c2 java.awt.Container.processEvent(Ljava/awt/AWTEvent;)V java.desktop@9.0.4 (22 bytes) @ 0x000001e508ca1598 [0x000001e508ca1420+0x0000000000000178]
J 28112 c2 java.awt.Component.dispatchEventImpl(Ljava/awt/AWTEvent;)V java.desktop@9.0.4 (739 bytes) @ 0x000001e5095381dc [0x000001e509537640+0x0000000000000b9c]
J 28036 c2 java.awt.Container.dispatchEventImpl(Ljava/awt/AWTEvent;)V java.desktop@9.0.4 (129 bytes) @ 0x000001e509504e50 [0x000001e509504de0+0x0000000000000070]
J 28041 c2 java.awt.LightweightDispatcher.retargetMouseEvent(Ljava/awt/Component;ILjava/awt/event/MouseEvent;)V java.desktop@9.0.4 (350 bytes) @ 0x000001e509512d70 [0x000001e509512800+0x0000000000000570]
J 17803 c2 java.awt.LightweightDispatcher.processMouseEvent(Ljava/awt/event/MouseEvent;)Z java.desktop@9.0.4 (265 bytes) @ 0x000001e508963c48 [0x000001e508963440+0x0000000000000808]
J 28036 c2 java.awt.Container.dispatchEventImpl(Ljava/awt/AWTEvent;)V java.desktop@9.0.4 (129 bytes) @ 0x000001e509505348 [0x000001e509504de0+0x0000000000000568]
J 17765 c2 java.awt.Window.dispatchEventImpl(Ljava/awt/AWTEvent;)V java.desktop@9.0.4 (23 bytes) @ 0x000001e50893ef0c [0x000001e50893eec0+0x000000000000004c]
J 13579 c2 java.awt.EventQueue$3.run()Ljava/lang/Object; java.desktop@9.0.4 (5 bytes) @ 0x000001e507ff9034 [0x000001e507ff8ee0+0x0000000000000154]
v  ~StubRoutines::call_stub
J 4454  java.security.AccessController.doPrivileged(Ljava/security/PrivilegedAction;Ljava/security/AccessControlContext;)Ljava/lang/Object; java.base@9.0.4 (0 bytes) @ 0x000001e507d1e1c6 [0x000001e507d1e160+0x0000000000000066]
J 15660 c2 java.awt.EventQueue$4.run()Ljava/lang/Object; java.desktop@9.0.4 (5 bytes) @ 0x000001e508712834 [0x000001e5087125e0+0x0000000000000254]
v  ~StubRoutines::call_stub
J 4454  java.security.AccessController.doPrivileged(Ljava/security/PrivilegedAction;Ljava/security/AccessControlContext;)Ljava/lang/Object; java.base@9.0.4 (0 bytes) @ 0x000001e507d1e1c6 [0x000001e507d1e160+0x0000000000000066]
J 13723 c2 ui.frmwork.b.d.dispatchEvent(Ljava/awt/AWTEvent;)V (34 bytes) @ 0x000001e508490518 [0x000001e50848fee0+0x0000000000000638]
J 28087 c2 java.awt.EventDispatchThread.pumpOneEventForFilters(I)V java.desktop@9.0.4 (218 bytes) @ 0x000001e509520be0 [0x000001e5095206a0+0x0000000000000540]
J 22667% c2 java.awt.EventDispatchThread.pumpEventsForFilter(ILjava/awt/Conditional;Ljava/awt/EventFilter;)V java.desktop@9.0.4 (47 bytes) @ 0x000001e508f3a4a8 [0x000001e508f3a360+0x0000000000000148]
j  java.awt.EventDispatchThread.pumpEventsForHierarchy(ILjava/awt/Conditional;Ljava/awt/Component;)V+11 java.desktop@9.0.4
j  java.awt.EventDispatchThread.pumpEvents(ILjava/awt/Conditional;)V+4 java.desktop@9.0.4
j  java.awt.EventDispatchThread.pumpEvents(Ljava/awt/Conditional;)V+3 java.desktop@9.0.4
j  java.awt.EventDispatchThread.run()V+9 java.desktop@9.0.4
v  ~StubRoutines::call_stub

siginfo: EXCEPTION_ACCESS_VIOLATION (0xc0000005), reading address 0xffffffffffffffff


Register to memory mapping:

RIP=0x00007ff91210f555 librdi_common.dll
RAX=0x000001e567453501 is an unknown value
RBX=0x8808260063eb9ffe is an unknown value
RCX=0x000001e567453530 is an unknown value
RDX=0x8808260063eb9ffe is an unknown value
RSP=0x0000008c8cdfaf90 is pointing into the stack for thread: 0x000001e510b18000
RBP=0x0000008c8cdfb0c0 is pointing into the stack for thread: 0x000001e510b18000
RSI=0x000001e5c9bc06e0 is an unknown value
RDI=0x0000008c8cdfb1a8 is pointing into the stack for thread: 0x000001e510b18000
R8 =0x0000008c8cdfb1a8 is pointing into the stack for thread: 0x000001e510b18000
R9 =0x0000000000000000 is an unknown value
R10=0x000001e5330006f8 is an unknown value
R11=0x000001e5191cf9e8 is an unknown value
R12=0x0000008c8cdfb1a8 is pointing into the stack for thread: 0x000001e510b18000
R13=0x0000000000000000 is an unknown value
R14=0x000001e5668b0080 is an unknown value
R15=0x8808260063eb9ffe is an unknown value


Registers:
RAX=0x000001e567453501, RBX=0x8808260063eb9ffe, RCX=0x000001e567453530, RDX=0x8808260063eb9ffe
RSP=0x0000008c8cdfaf90, RBP=0x0000008c8cdfb0c0, RSI=0x000001e5c9bc06e0, RDI=0x0000008c8cdfb1a8
R8 =0x0000008c8cdfb1a8, R9 =0x0000000000000000, R10=0x000001e5330006f8, R11=0x000001e5191cf9e8
R12=0x0000008c8cdfb1a8, R13=0x0000000000000000, R14=0x000001e5668b0080, R15=0x8808260063eb9ffe
RIP=0x00007ff91210f555, EFLAGS=0x0000000000010202

Top of Stack: (sp=0x0000008c8cdfaf90)
0x0000008c8cdfaf90:   0000008c8cdfb340 00007ff951232f07
0x0000008c8cdfafa0:   0000008c00000000 8808260063eb9ffe
0x0000008c8cdfafb0:   8808260063eb9ffe 00007ff9121042d5
0x0000008c8cdfafc0:   0000000000048ee8 00007ff95123319f
0x0000008c8cdfafd0:   000042a3f849249d 0000000000000000
0x0000008c8cdfafe0:   000001e523305610 000001e5191cf9c0
0x0000008c8cdfaff0:   000000000000002f 00007ff91216cfe5
0x0000008c8cdfb000:   000001e51cf71470 000001e5191cf9c8
0x0000008c8cdfb010:   000001e5191cfa08 000001e5191cf9c0
0x0000008c8cdfb020:   fffffffffffffffe 00007ff9127cd489
0x0000008c8cdfb030:   fffffffffffffffe 00007ff912f7e630
0x0000008c8cdfb040:   000001e5191cf9c0 000001e5646b77d8
0x0000008c8cdfb050:   0000008c8cdfb1a8 00007ff91216c2d6
0x0000008c8cdfb060:   000001e5191cf9c0 0000008c8cdfb1a8
0x0000008c8cdfb070:   000001e50000002f 0000000000000000
0x0000008c8cdfb080:   fffffffffffffffe 000000000000000f 

Instructions: (pc=0x00007ff91210f555)
0x00007ff91210f535:   20 48 8b d9 e8 22 c4 04 00 48 8b c8 48 8b d3 e8
0x00007ff91210f545:   27 0d 05 00 84 c0 75 08 33 c0 48 83 c4 20 5b c3
0x00007ff91210f555:   48 8b 4b 50 48 85 c9 74 0a 48 83 c4 20 5b e9 68
0x00007ff91210f565:   e2 04 00 48 8b d3 48 8d 0d 36 71 84 00 e8 59 b7 



---------------  P R O C E S S  ---------------

Java Threads: ( => current thread )
  0x000001e563f50000 JavaThread "Relaunch Simulation Thread" [_thread_blocked, id=7332, stack(0x0000008c91e00000,0x0000008c92300000)]
  0x000001e51e54c800 JavaThread "Swing-Shell" daemon [_thread_blocked, id=23672, stack(0x0000008c91500000,0x0000008c91a00000)]
  0x000001e51e548000 JavaThread "Update Runs Swing Worker Thread" [_thread_blocked, id=9344, stack(0x0000008c90800000,0x0000008c90d00000)]
  0x000001e51e545800 JavaThread "Refresh Filesets Swing Worker Thread" [_thread_blocked, id=24208, stack(0x0000008c8fe00000,0x0000008c90300000)]
  0x000001e51270a800 JavaThread "Image Animator 2" daemon [_thread_blocked, id=22512, stack(0x0000008c90d00000,0x0000008c91200000)]
  0x000001e51270c000 JavaThread "SyntheticaAnimation 50" daemon [_thread_blocked, id=29596, stack(0x0000008c8bf00000,0x0000008c8c400000)]
  0x000001e510abd000 JavaThread "hw_ila_monitor" [_thread_blocked, id=7936, stack(0x0000008c8f900000,0x0000008c8fe00000)]
  0x000001e510abb800 JavaThread "SyntheticaAnimation 70" daemon [_thread_blocked, id=11556, stack(0x0000008c8d800000,0x0000008c8dd00000)]
  0x000001e510abd800 JavaThread "SyntheticaAnimation 25" daemon [_thread_blocked, id=26032, stack(0x0000008c8f400000,0x0000008c8f900000)]
  0x000001e510aba000 JavaThread "SyntheticaAnimation 50" daemon [_thread_blocked, id=31172, stack(0x0000008c8ef00000,0x0000008c8f400000)]
  0x000001e510abc000 JavaThread "Monitor HEventQueue Thread" [_thread_blocked, id=30728, stack(0x0000008c8ea00000,0x0000008c8ef00000)]
  0x000001e510ab8800 JavaThread "SyntheticaCleanerThread" daemon [_thread_blocked, id=26660, stack(0x0000008c8e200000,0x0000008c8e700000)]
  0x000001e510ab7800 JavaThread "Batik CleanerThread" daemon [_thread_blocked, id=11280, stack(0x0000008c8ce00000,0x0000008c8d300000)]
  0x000001e510ade800 JavaThread "Process Messages Thread" [_thread_blocked, id=11880, stack(0x0000008c8d300000,0x0000008c8d800000)]
  0x000001e510bcf000 JavaThread "Thread-1" [_thread_in_native, id=28064, stack(0x0000008c86600000,0x0000008c87a00000)]
=>0x000001e510b18000 JavaThread "AWT-EventQueue-0" [_thread_in_native, id=6808, stack(0x0000008c8c900000,0x0000008c8ce00000)]
  0x000001e510ae9000 JavaThread "AWT-Shutdown" [_thread_blocked, id=29252, stack(0x0000008c8c400000,0x0000008c8c900000)]
  0x000001e5100ac000 JavaThread "TimerQueue" daemon [_thread_blocked, id=17480, stack(0x0000008c8b500000,0x0000008c8ba00000)]
  0x000001e5100cf800 JavaThread "AWT-Windows" daemon [_thread_in_native, id=28356, stack(0x0000008c8ba00000,0x0000008c8bf00000)]
  0x000001e5100ab800 JavaThread "Java2D Disposer" daemon [_thread_blocked, id=20772, stack(0x0000008c8b000000,0x0000008c8b500000)]
  0x000001e56da76000 JavaThread "Service Thread" daemon [_thread_blocked, id=28016, stack(0x0000008c8aa00000,0x0000008c8af00000)]
  0x000001e56c3f8000 JavaThread "Common-Cleaner" daemon [_thread_blocked, id=30632, stack(0x0000008c8a500000,0x0000008c8aa00000)]
  0x000001e56be05000 JavaThread "Sweeper thread" daemon [_thread_blocked, id=14944, stack(0x0000008c8a000000,0x0000008c8a500000)]
  0x000001e56be04800 JavaThread "C1 CompilerThread2" daemon [_thread_blocked, id=10520, stack(0x0000008c89f00000,0x0000008c8a000000)]
  0x000001e56aaa1000 JavaThread "C2 CompilerThread1" daemon [_thread_blocked, id=17248, stack(0x0000008c89e00000,0x0000008c89f00000)]
  0x000001e56aaa0800 JavaThread "C2 CompilerThread0" daemon [_thread_blocked, id=30636, stack(0x0000008c89d00000,0x0000008c89e00000)]
  0x000001e56c996000 JavaThread "Attach Listener" daemon [_thread_blocked, id=14376, stack(0x0000008c89800000,0x0000008c89d00000)]
  0x000001e5673d9000 JavaThread "Signal Dispatcher" daemon [_thread_blocked, id=18652, stack(0x0000008c89300000,0x0000008c89800000)]
  0x000001e56da1b800 JavaThread "Finalizer" daemon [_thread_blocked, id=31628, stack(0x0000008c88e00000,0x0000008c89300000)]
  0x000001e56f3ad800 JavaThread "Reference Handler" daemon [_thread_blocked, id=17196, stack(0x0000008c88900000,0x0000008c88e00000)]
  0x000001e56eca2000 JavaThread "main" [_thread_blocked, id=30268, stack(0x0000008c87c00000,0x0000008c87d00000)]

Other Threads:
  0x000001e56dbb4000 VMThread "VM Thread" [stack: 0x0000008c88800000,0x0000008c88900000] [id=9036]
  0x000001e56498b800 WatcherThread [stack: 0x0000008c8af00000,0x0000008c8b000000] [id=7376]
  0x000001e56ec4d800 GCTaskThread "GC Thread#0" [stack: 0x0000008c87d00000,0x0000008c87e00000] [id=13420]
  0x000001e56ed19800 GCTaskThread "GC Thread#1" [stack: 0x0000008c87e00000,0x0000008c87f00000] [id=23040]
  0x000001e5703a6800 GCTaskThread "GC Thread#2" [stack: 0x0000008c87f00000,0x0000008c88000000] [id=28296]
  0x000001e56ffae000 GCTaskThread "GC Thread#3" [stack: 0x0000008c88000000,0x0000008c88100000] [id=4100]
  0x000001e56bc09800 ConcurrentGCThread "G1 Main Marker" [stack: 0x0000008c88600000,0x0000008c88700000] [id=21300]
  0x000001e56eda6000 ConcurrentGCThread "G1 Marker#0" [stack: 0x0000008c88700000,0x0000008c88800000] [id=26604]
  0x000001e56c6f2000 ConcurrentGCThread "G1 Refine#0" [stack: 0x0000008c88400000,0x0000008c88500000] [id=19336]
  0x000001e56c6f1800 ConcurrentGCThread "G1 Refine#1" [stack: 0x0000008c88300000,0x0000008c88400000] [id=6228]
  0x000001e56c0fe000 ConcurrentGCThread "G1 Refine#2" [stack: 0x0000008c88200000,0x0000008c88300000] [id=23732]
  0x000001e56fda8000 ConcurrentGCThread "G1 Refine#3" [stack: 0x0000008c88100000,0x0000008c88200000] [id=5984]
  0x000001e56c9de800 ConcurrentGCThread "G1 Young RemSet Sampling" [stack: 0x0000008c88500000,0x0000008c88600000] [id=26716]

Threads with active compile tasks:

VM state:not at safepoint (normal execution)

VM Mutex/Monitor currently owned by a thread: None

Heap address: 0x0000000700000000, size: 3072 MB, Compressed Oops mode: Zero based, Oop shift amount: 3
Narrow klass base: 0x0000000000000000, Narrow klass shift: 3
Compressed class space size: 1073741824 Address: 0x00000007c0000000

Heap:
 garbage-first heap   total 226304K, used 176226K [0x0000000700000000, 0x00000007001006e8, 0x00000007c0000000)
  region size 1024K, 52 young (53248K), 1 survivors (1024K)
 Metaspace       used 107465K, capacity 112653K, committed 116736K, reserved 1148928K
  class space    used 15577K, capacity 16506K, committed 17408K, reserved 1048576K
Heap Regions: E=young(eden), S=young(survivor), O=old, HS=humongous(starts), HC=humongous(continues), CS=collection set, F=free, A=archive, TS=gc time stamp, AC=allocation context, TAMS=top-at-mark-start (previous, next)
|   0|0x0000000700000000, 0x00000007000f87b8, 0x0000000700100000| 97%| O|  |TS  0|AC  0|TAMS 0x00000007000f87b8, 0x00000007000f87b8|
|   1|0x0000000700100000, 0x00000007001cf3c8, 0x0000000700200000| 80%| O|  |TS  0|AC  0|TAMS 0x00000007001cf3c8, 0x00000007001cf3c8|
|   2|0x0000000700200000, 0x0000000700300000, 0x0000000700300000|100%|HS|  |TS  0|AC  0|TAMS 0x0000000700300000, 0x0000000700300000|
|   3|0x0000000700300000, 0x0000000700400000, 0x0000000700400000|100%|HC|  |TS  0|AC  0|TAMS 0x0000000700400000, 0x0000000700400000|
|   4|0x0000000700400000, 0x0000000700500000, 0x0000000700500000|100%|HS|  |TS  0|AC  0|TAMS 0x0000000700500000, 0x0000000700500000|
|   5|0x0000000700500000, 0x00000007005edc00, 0x0000000700600000| 92%| O|  |TS  0|AC  0|TAMS 0x00000007005edc00, 0x00000007005edc00|
|   6|0x0000000700600000, 0x00000007006ffff0, 0x0000000700700000| 99%| O|  |TS  0|AC  0|TAMS 0x00000007006ffff0, 0x00000007006ffff0|
|   7|0x0000000700700000, 0x00000007007fc528, 0x0000000700800000| 98%| O|  |TS  0|AC  0|TAMS 0x00000007007fc528, 0x00000007007fc528|
|   8|0x0000000700800000, 0x00000007008ffc30, 0x0000000700900000| 99%| O|  |TS  0|AC  0|TAMS 0x00000007008ffc30, 0x00000007008ffc30|
|   9|0x0000000700900000, 0x00000007009fe3f8, 0x0000000700a00000| 99%| O|  |TS  0|AC  0|TAMS 0x00000007009fe3f8, 0x00000007009fe3f8|
|  10|0x0000000700a00000, 0x0000000700aec308, 0x0000000700b00000| 92%| O|  |TS  0|AC  0|TAMS 0x0000000700aec308, 0x0000000700aec308|
|  11|0x0000000700b00000, 0x0000000700bffff8, 0x0000000700c00000| 99%| O|  |TS  0|AC  0|TAMS 0x0000000700bffff8, 0x0000000700bffff8|
|  12|0x0000000700c00000, 0x0000000700cfffe8, 0x0000000700d00000| 99%| O|  |TS  0|AC  0|TAMS 0x0000000700cfffe8, 0x0000000700cfffe8|
|  13|0x0000000700d00000, 0x0000000700dfffe0, 0x0000000700e00000| 99%| O|  |TS  0|AC  0|TAMS 0x0000000700dfffe0, 0x0000000700dfffe0|
|  14|0x0000000700e00000, 0x0000000700effff0, 0x0000000700f00000| 99%| O|  |TS  0|AC  0|TAMS 0x0000000700effff0, 0x0000000700effff0|
|  15|0x0000000700f00000, 0x0000000700fef878, 0x0000000701000000| 93%| O|  |TS  0|AC  0|TAMS 0x0000000700fef878, 0x0000000700fef878|
|  16|0x0000000701000000, 0x00000007010ffeb0, 0x0000000701100000| 99%| O|  |TS  0|AC  0|TAMS 0x00000007010ffeb0, 0x00000007010ffeb0|
|  17|0x0000000701100000, 0x00000007011ffff0, 0x0000000701200000| 99%| O|  |TS  0|AC  0|TAMS 0x00000007011ffff0, 0x00000007011ffff0|
|  18|0x0000000701200000, 0x00000007012ffff0, 0x0000000701300000| 99%| O|  |TS  0|AC  0|TAMS 0x00000007012ffff0, 0x00000007012ffff0|
|  19|0x0000000701300000, 0x00000007013ffff0, 0x0000000701400000| 99%| O|  |TS  0|AC  0|TAMS 0x00000007013ffff0, 0x00000007013ffff0|
|  20|0x0000000701400000, 0x00000007014fab68, 0x0000000701500000| 97%| O|  |TS  0|AC  0|TAMS 0x00000007014fab68, 0x00000007014fab68|
|  21|0x0000000701500000, 0x0000000701600000, 0x0000000701600000|100%| O|  |TS  0|AC  0|TAMS 0x0000000701600000, 0x0000000701600000|
|  22|0x0000000701600000, 0x0000000701700000, 0x0000000701700000|100%| O|  |TS  0|AC  0|TAMS 0x0000000701700000, 0x0000000701700000|
|  23|0x0000000701700000, 0x00000007017ffff8, 0x0000000701800000| 99%| O|  |TS  0|AC  0|TAMS 0x00000007017ffff8, 0x00000007017ffff8|
|  24|0x0000000701800000, 0x0000000701900000, 0x0000000701900000|100%| O|  |TS  0|AC  0|TAMS 0x0000000701900000, 0x0000000701900000|
|  25|0x0000000701900000, 0x00000007019fff10, 0x0000000701a00000| 99%| O|  |TS  0|AC  0|TAMS 0x00000007019fff10, 0x00000007019fff10|
|  26|0x0000000701a00000, 0x0000000701b00000, 0x0000000701b00000|100%| O|  |TS  0|AC  0|TAMS 0x0000000701b00000, 0x0000000701b00000|
|  27|0x0000000701b00000, 0x0000000701bffff8, 0x0000000701c00000| 99%| O|  |TS  0|AC  0|TAMS 0x0000000701bffff8, 0x0000000701bffff8|
|  28|0x0000000701c00000, 0x0000000701d00000, 0x0000000701d00000|100%| O|  |TS  0|AC  0|TAMS 0x0000000701d00000, 0x0000000701d00000|
|  29|0x0000000701d00000, 0x0000000701dffff0, 0x0000000701e00000| 99%| O|  |TS  0|AC  0|TAMS 0x0000000701dffff0, 0x0000000701dffff0|
|  30|0x0000000701e00000, 0x0000000701efffc8, 0x0000000701f00000| 99%| O|  |TS  0|AC  0|TAMS 0x0000000701efffc8, 0x0000000701efffc8|
|  31|0x0000000701f00000, 0x0000000701ffffc8, 0x0000000702000000| 99%| O|  |TS  0|AC  0|TAMS 0x0000000701ffffc8, 0x0000000701ffffc8|
|  32|0x0000000702000000, 0x00000007020ffff8, 0x0000000702100000| 99%| O|  |TS  0|AC  0|TAMS 0x00000007020ffff8, 0x00000007020ffff8|
|  33|0x0000000702100000, 0x00000007021ffff8, 0x0000000702200000| 99%| O|  |TS  0|AC  0|TAMS 0x00000007021ffff8, 0x00000007021ffff8|
|  34|0x0000000702200000, 0x00000007022fffc0, 0x0000000702300000| 99%| O|  |TS  0|AC  0|TAMS 0x00000007022fffc0, 0x00000007022fffc0|
|  35|0x0000000702300000, 0x00000007023c7c70, 0x0000000702400000| 78%| O|  |TS  0|AC  0|TAMS 0x00000007023c7c70, 0x00000007023c7c70|
|  36|0x0000000702400000, 0x00000007024fffe0, 0x0000000702500000| 99%| O|  |TS  0|AC  0|TAMS 0x00000007024fffe0, 0x00000007024fffe0|
|  37|0x0000000702500000, 0x0000000702600000, 0x0000000702600000|100%| O|  |TS  0|AC  0|TAMS 0x0000000702600000, 0x0000000702600000|
|  38|0x0000000702600000, 0x00000007026ffff0, 0x0000000702700000| 99%| O|  |TS  0|AC  0|TAMS 0x00000007026ffff0, 0x00000007026ffff0|
|  39|0x0000000702700000, 0x00000007027fff48, 0x0000000702800000| 99%| O|  |TS  0|AC  0|TAMS 0x00000007027fff48, 0x00000007027fff48|
|  40|0x0000000702800000, 0x00000007028fffd0, 0x0000000702900000| 99%| O|  |TS  0|AC  0|TAMS 0x00000007028fffd0, 0x00000007028fffd0|
|  41|0x0000000702900000, 0x00000007029ffff0, 0x0000000702a00000| 99%| O|  |TS  0|AC  0|TAMS 0x00000007029ffff0, 0x00000007029ffff0|
|  42|0x0000000702a00000, 0x0000000702afff70, 0x0000000702b00000| 99%| O|  |TS  0|AC  0|TAMS 0x0000000702afff70, 0x0000000702afff70|
|  43|0x0000000702b00000, 0x0000000702bffff8, 0x0000000702c00000| 99%| O|  |TS  0|AC  0|TAMS 0x0000000702bffff8, 0x0000000702bffff8|
|  44|0x0000000702c00000, 0x0000000702cffff8, 0x0000000702d00000| 99%| O|  |TS  0|AC  0|TAMS 0x0000000702cffff8, 0x0000000702cffff8|
|  45|0x0000000702d00000, 0x0000000702dfe2b0, 0x0000000702e00000| 99%| O|  |TS  0|AC  0|TAMS 0x0000000702dfe2b0, 0x0000000702dfe2b0|
|  46|0x0000000702e00000, 0x0000000702effff8, 0x0000000702f00000| 99%| O|  |TS  0|AC  0|TAMS 0x0000000702effff8, 0x0000000702effff8|
|  47|0x0000000702f00000, 0x0000000702fffef8, 0x0000000703000000| 99%| O|  |TS  0|AC  0|TAMS 0x0000000702fffef8, 0x0000000702fffef8|
|  48|0x0000000703000000, 0x00000007030ffff0, 0x0000000703100000| 99%| O|  |TS  0|AC  0|TAMS 0x00000007030ffff0, 0x00000007030ffff0|
|  49|0x0000000703100000, 0x00000007031ffff8, 0x0000000703200000| 99%| O|  |TS  0|AC  0|TAMS 0x00000007031ffff8, 0x00000007031ffff8|
|  50|0x0000000703200000, 0x00000007032ffff8, 0x0000000703300000| 99%| O|  |TS  0|AC  0|TAMS 0x00000007032ffff8, 0x00000007032ffff8|
|  51|0x0000000703300000, 0x00000007033ffff0, 0x0000000703400000| 99%| O|  |TS  0|AC  0|TAMS 0x00000007033ffff0, 0x00000007033ffff0|
|  52|0x0000000703400000, 0x00000007034ffff0, 0x0000000703500000| 99%| O|  |TS  0|AC  0|TAMS 0x00000007034ffff0, 0x00000007034ffff0|
|  53|0x0000000703500000, 0x0000000703600000, 0x0000000703600000|100%| O|  |TS  0|AC  0|TAMS 0x0000000703600000, 0x0000000703600000|
|  54|0x0000000703600000, 0x00000007036ffff0, 0x0000000703700000| 99%| O|  |TS  0|AC  0|TAMS 0x00000007036ffff0, 0x00000007036ffff0|
|  55|0x0000000703700000, 0x0000000703800000, 0x0000000703800000|100%| O|  |TS  0|AC  0|TAMS 0x0000000703800000, 0x0000000703800000|
|  56|0x0000000703800000, 0x00000007038fffe8, 0x0000000703900000| 99%| O|  |TS  0|AC  0|TAMS 0x00000007038fffe8, 0x00000007038fffe8|
|  57|0x0000000703900000, 0x00000007039ffff0, 0x0000000703a00000| 99%| O|  |TS  0|AC  0|TAMS 0x00000007039ffff0, 0x00000007039ffff0|
|  58|0x0000000703a00000, 0x0000000703affff8, 0x0000000703b00000| 99%| O|  |TS  0|AC  0|TAMS 0x0000000703affff8, 0x0000000703affff8|
|  59|0x0000000703b00000, 0x0000000703bfffe8, 0x0000000703c00000| 99%| O|  |TS  0|AC  0|TAMS 0x0000000703bfffe8, 0x0000000703bfffe8|
|  60|0x0000000703c00000, 0x0000000703cfffe0, 0x0000000703d00000| 99%| O|  |TS  0|AC  0|TAMS 0x0000000703cfffe0, 0x0000000703cfffe0|
|  61|0x0000000703d00000, 0x0000000703dffff8, 0x0000000703e00000| 99%| O|  |TS  0|AC  0|TAMS 0x0000000703dffff8, 0x0000000703dffff8|
|  62|0x0000000703e00000, 0x0000000703f00000, 0x0000000703f00000|100%| O|  |TS  0|AC  0|TAMS 0x0000000703f00000, 0x0000000703f00000|
|  63|0x0000000703f00000, 0x0000000703ffff38, 0x0000000704000000| 99%| O|  |TS  0|AC  0|TAMS 0x0000000703ffff38, 0x0000000703ffff38|
|  64|0x0000000704000000, 0x00000007040ffff8, 0x0000000704100000| 99%| O|  |TS  0|AC  0|TAMS 0x00000007040ffff8, 0x00000007040ffff8|
|  65|0x0000000704100000, 0x00000007041fffe8, 0x0000000704200000| 99%| O|  |TS  0|AC  0|TAMS 0x00000007041fffe8, 0x00000007041fffe8|
|  66|0x0000000704200000, 0x00000007042fffe8, 0x0000000704300000| 99%| O|  |TS  0|AC  0|TAMS 0x00000007042fffe8, 0x00000007042fffe8|
|  67|0x0000000704300000, 0x00000007043ffff0, 0x0000000704400000| 99%| O|  |TS  0|AC  0|TAMS 0x00000007043ffff0, 0x00000007043ffff0|
|  68|0x0000000704400000, 0x00000007044fffe8, 0x0000000704500000| 99%| O|  |TS  0|AC  0|TAMS 0x00000007044fffe8, 0x00000007044fffe8|
|  69|0x0000000704500000, 0x0000000704600000, 0x0000000704600000|100%| O|  |TS  0|AC  0|TAMS 0x0000000704600000, 0x0000000704600000|
|  70|0x0000000704600000, 0x0000000704700000, 0x0000000704700000|100%| O|  |TS  0|AC  0|TAMS 0x0000000704700000, 0x0000000704700000|
|  71|0x0000000704700000, 0x00000007047fff78, 0x0000000704800000| 99%| O|  |TS  0|AC  0|TAMS 0x00000007047fff78, 0x00000007047fff78|
|  72|0x0000000704800000, 0x00000007048ffff8, 0x0000000704900000| 99%| O|  |TS  0|AC  0|TAMS 0x00000007048ffff8, 0x00000007048ffff8|
|  73|0x0000000704900000, 0x00000007049fffe0, 0x0000000704a00000| 99%| O|  |TS  0|AC  0|TAMS 0x00000007049fffe0, 0x00000007049fffe0|
|  74|0x0000000704a00000, 0x0000000704affff8, 0x0000000704b00000| 99%| O|  |TS  0|AC  0|TAMS 0x0000000704affff8, 0x0000000704affff8|
|  75|0x0000000704b00000, 0x0000000704c00000, 0x0000000704c00000|100%| O|  |TS  0|AC  0|TAMS 0x0000000704c00000, 0x0000000704c00000|
|  76|0x0000000704c00000, 0x0000000704cfff88, 0x0000000704d00000| 99%| O|  |TS  0|AC  0|TAMS 0x0000000704cfff88, 0x0000000704cfff88|
|  77|0x0000000704d00000, 0x0000000704e00000, 0x0000000704e00000|100%| O|  |TS  0|AC  0|TAMS 0x0000000704e00000, 0x0000000704e00000|
|  78|0x0000000704e00000, 0x0000000704efffb8, 0x0000000704f00000| 99%| O|  |TS  0|AC  0|TAMS 0x0000000704efffb8, 0x0000000704efffb8|
|  79|0x0000000704f00000, 0x0000000704fffff0, 0x0000000705000000| 99%| O|  |TS  0|AC  0|TAMS 0x0000000704fffff0, 0x0000000704fffff0|
|  80|0x0000000705000000, 0x00000007050ffff8, 0x0000000705100000| 99%| O|  |TS  0|AC  0|TAMS 0x00000007050ffff8, 0x00000007050ffff8|
|  81|0x0000000705100000, 0x00000007051ffff8, 0x0000000705200000| 99%| O|  |TS  0|AC  0|TAMS 0x00000007051ffff8, 0x00000007051ffff8|
|  82|0x0000000705200000, 0x00000007052ffff0, 0x0000000705300000| 99%| O|  |TS  0|AC  0|TAMS 0x00000007052ffff0, 0x00000007052ffff0|
|  83|0x0000000705300000, 0x0000000705400000, 0x0000000705400000|100%| O|  |TS  0|AC  0|TAMS 0x0000000705400000, 0x0000000705400000|
|  84|0x0000000705400000, 0x00000007054ffff0, 0x0000000705500000| 99%| O|  |TS  0|AC  0|TAMS 0x00000007054ffff0, 0x00000007054ffff0|
|  85|0x0000000705500000, 0x00000007055ffff0, 0x0000000705600000| 99%| O|  |TS  0|AC  0|TAMS 0x00000007055ffff0, 0x00000007055ffff0|
|  86|0x0000000705600000, 0x00000007056fffe8, 0x0000000705700000| 99%| O|  |TS  0|AC  0|TAMS 0x00000007056fffe8, 0x00000007056fffe8|
|  87|0x0000000705700000, 0x00000007057ffff0, 0x0000000705800000| 99%| O|  |TS  0|AC  0|TAMS 0x00000007057ffff0, 0x00000007057ffff0|
|  88|0x0000000705800000, 0x00000007058ffff8, 0x0000000705900000| 99%| O|  |TS  0|AC  0|TAMS 0x00000007058ffff8, 0x00000007058ffff8|
|  89|0x0000000705900000, 0x0000000705a00000, 0x0000000705a00000|100%| O|  |TS  0|AC  0|TAMS 0x0000000705a00000, 0x0000000705a00000|
|  90|0x0000000705a00000, 0x0000000705afebe8, 0x0000000705b00000| 99%| O|  |TS  0|AC  0|TAMS 0x0000000705afebe8, 0x0000000705afebe8|
|  91|0x0000000705b00000, 0x0000000705bfff50, 0x0000000705c00000| 99%| O|  |TS  0|AC  0|TAMS 0x0000000705bfff50, 0x0000000705bfff50|
|  92|0x0000000705c00000, 0x0000000705cffff0, 0x0000000705d00000| 99%| O|  |TS  0|AC  0|TAMS 0x0000000705cffff0, 0x0000000705cffff0|
|  93|0x0000000705d00000, 0x0000000705dfab08, 0x0000000705e00000| 97%| O|  |TS  0|AC  0|TAMS 0x0000000705dfab08, 0x0000000705dfab08|
|  94|0x0000000705e00000, 0x0000000705efe4c0, 0x0000000705f00000| 99%| O|  |TS  0|AC  0|TAMS 0x0000000705efe4c0, 0x0000000705efe4c0|
|  95|0x0000000705f00000, 0x0000000705fffff8, 0x0000000706000000| 99%| O|  |TS  0|AC  0|TAMS 0x0000000705fffff8, 0x0000000705fffff8|
|  96|0x0000000706000000, 0x00000007060fffd8, 0x0000000706100000| 99%| O|  |TS  0|AC  0|TAMS 0x00000007060fffd8, 0x00000007060fffd8|
|  97|0x0000000706100000, 0x00000007061fffe8, 0x0000000706200000| 99%| O|  |TS  0|AC  0|TAMS 0x00000007061fffe8, 0x00000007061fffe8|
|  98|0x0000000706200000, 0x0000000706300000, 0x0000000706300000|100%| O|  |TS  0|AC  0|TAMS 0x0000000706300000, 0x0000000706300000|
|  99|0x0000000706300000, 0x00000007063fffe8, 0x0000000706400000| 99%| O|  |TS  0|AC  0|TAMS 0x00000007063fffe8, 0x00000007063fffe8|
| 100|0x0000000706400000, 0x00000007064fff48, 0x0000000706500000| 99%| O|  |TS  0|AC  0|TAMS 0x00000007064fff48, 0x00000007064fff48|
| 101|0x0000000706500000, 0x00000007065ffee8, 0x0000000706600000| 99%| O|  |TS  0|AC  0|TAMS 0x00000007065ffee8, 0x00000007065ffee8|
| 102|0x0000000706600000, 0x00000007066fff40, 0x0000000706700000| 99%| O|  |TS  0|AC  0|TAMS 0x00000007066fff40, 0x00000007066fff40|
| 103|0x0000000706700000, 0x00000007067feaf8, 0x0000000706800000| 99%| O|  |TS  0|AC  0|TAMS 0x00000007067feaf8, 0x00000007067feaf8|
| 104|0x0000000706800000, 0x00000007068ffff8, 0x0000000706900000| 99%| O|  |TS  0|AC  0|TAMS 0x00000007068ffff8, 0x00000007068ffff8|
| 105|0x0000000706900000, 0x00000007069fff20, 0x0000000706a00000| 99%| O|  |TS  0|AC  0|TAMS 0x00000007069fff20, 0x00000007069fff20|
| 106|0x0000000706a00000, 0x0000000706affff8, 0x0000000706b00000| 99%| O|  |TS  0|AC  0|TAMS 0x0000000706affff8, 0x0000000706affff8|
| 107|0x0000000706b00000, 0x0000000706bffff8, 0x0000000706c00000| 99%| O|  |TS  0|AC  0|TAMS 0x0000000706bffff8, 0x0000000706bffff8|
| 108|0x0000000706c00000, 0x0000000706cfffe8, 0x0000000706d00000| 99%| O|  |TS  0|AC  0|TAMS 0x0000000706cfffe8, 0x0000000706cfffe8|
| 109|0x0000000706d00000, 0x0000000706d567f8, 0x0000000706e00000| 33%| O|  |TS  0|AC  0|TAMS 0x0000000706d567f8, 0x0000000706d567f8|
| 110|0x0000000706e00000, 0x0000000706e00000, 0x0000000706f00000|  0%| F|  |TS  0|AC  0|TAMS 0x0000000706e00000, 0x0000000706e00000|
| 111|0x0000000706f00000, 0x0000000707000000, 0x0000000707000000|100%|HS|  |TS  0|AC  0|TAMS 0x0000000707000000, 0x0000000707000000|
| 112|0x0000000707000000, 0x0000000707100000, 0x0000000707100000|100%|HC|  |TS  0|AC  0|TAMS 0x0000000707100000, 0x0000000707100000|
| 113|0x0000000707100000, 0x0000000707100000, 0x0000000707200000|  0%| F|  |TS  0|AC  0|TAMS 0x0000000707100000, 0x0000000707100000|
| 114|0x0000000707200000, 0x0000000707200000, 0x0000000707300000|  0%| F|  |TS  0|AC  0|TAMS 0x0000000707200000, 0x0000000707200000|
| 115|0x0000000707300000, 0x0000000707300000, 0x0000000707400000|  0%| F|  |TS  0|AC  0|TAMS 0x0000000707300000, 0x0000000707300000|
| 116|0x0000000707400000, 0x0000000707500000, 0x0000000707500000|100%|HS|  |TS  0|AC  0|TAMS 0x0000000707500000, 0x0000000707500000|
| 117|0x0000000707500000, 0x0000000707600000, 0x0000000707600000|100%|HC|  |TS  0|AC  0|TAMS 0x0000000707600000, 0x0000000707600000|
| 118|0x0000000707600000, 0x0000000707700000, 0x0000000707700000|100%|HC|  |TS  0|AC  0|TAMS 0x0000000707700000, 0x0000000707700000|
| 119|0x0000000707700000, 0x0000000707700000, 0x0000000707800000|  0%| F|  |TS  0|AC  0|TAMS 0x0000000707700000, 0x0000000707700000|
| 120|0x0000000707800000, 0x0000000707800000, 0x0000000707900000|  0%| F|  |TS  0|AC  0|TAMS 0x0000000707800000, 0x0000000707800000|
| 121|0x0000000707900000, 0x0000000707900000, 0x0000000707a00000|  0%| F|  |TS  0|AC  0|TAMS 0x0000000707900000, 0x0000000707900000|
| 122|0x0000000707a00000, 0x0000000707a00000, 0x0000000707b00000|  0%| F|  |TS  0|AC  0|TAMS 0x0000000707a00000, 0x0000000707a00000|
| 123|0x0000000707b00000, 0x0000000707b00000, 0x0000000707c00000|  0%| F|  |TS  0|AC  0|TAMS 0x0000000707b00000, 0x0000000707b00000|
| 124|0x0000000707c00000, 0x0000000707d00000, 0x0000000707d00000|100%|HS|  |TS  0|AC  0|TAMS 0x0000000707d00000, 0x0000000707d00000|
| 125|0x0000000707d00000, 0x0000000707e00000, 0x0000000707e00000|100%|HC|  |TS  0|AC  0|TAMS 0x0000000707e00000, 0x0000000707e00000|
| 126|0x0000000707e00000, 0x0000000707f00000, 0x0000000707f00000|100%|HC|  |TS  0|AC  0|TAMS 0x0000000707f00000, 0x0000000707f00000|
| 127|0x0000000707f00000, 0x0000000708000000, 0x0000000708000000|100%|HC|  |TS  0|AC  0|TAMS 0x0000000708000000, 0x0000000708000000|
| 128|0x0000000708000000, 0x0000000708100000, 0x0000000708100000|100%|HC|  |TS  0|AC  0|TAMS 0x0000000708100000, 0x0000000708100000|
| 129|0x0000000708100000, 0x0000000708200000, 0x0000000708200000|100%|HC|  |TS  0|AC  0|TAMS 0x0000000708200000, 0x0000000708200000|
| 130|0x0000000708200000, 0x0000000708300000, 0x0000000708300000|100%|HC|  |TS  0|AC  0|TAMS 0x0000000708300000, 0x0000000708300000|
| 131|0x0000000708300000, 0x0000000708400000, 0x0000000708400000|100%|HC|  |TS  0|AC  0|TAMS 0x0000000708400000, 0x0000000708400000|
| 132|0x0000000708400000, 0x0000000708400000, 0x0000000708500000|  0%| F|  |TS  0|AC  0|TAMS 0x0000000708400000, 0x0000000708400000|
| 133|0x0000000708500000, 0x0000000708500000, 0x0000000708600000|  0%| F|  |TS  0|AC  0|TAMS 0x0000000708500000, 0x0000000708500000|
| 134|0x0000000708600000, 0x0000000708600000, 0x0000000708700000|  0%| F|  |TS  0|AC  0|TAMS 0x0000000708600000, 0x0000000708600000|
| 135|0x0000000708700000, 0x0000000708700000, 0x0000000708800000|  0%| F|  |TS  0|AC  0|TAMS 0x0000000708700000, 0x0000000708700000|
| 136|0x0000000708800000, 0x0000000708800000, 0x0000000708900000|  0%| F|  |TS  0|AC  0|TAMS 0x0000000708800000, 0x0000000708800000|
| 137|0x0000000708900000, 0x0000000708900000, 0x0000000708a00000|  0%| F|  |TS  0|AC  0|TAMS 0x0000000708900000, 0x0000000708900000|
| 138|0x0000000708a00000, 0x0000000708a00000, 0x0000000708b00000|  0%| F|  |TS  0|AC  0|TAMS 0x0000000708a00000, 0x0000000708a00000|
| 139|0x0000000708b00000, 0x0000000708b00000, 0x0000000708c00000|  0%| F|  |TS  0|AC  0|TAMS 0x0000000708b00000, 0x0000000708b00000|
| 140|0x0000000708c00000, 0x0000000708c00000, 0x0000000708d00000|  0%| F|  |TS  0|AC  0|TAMS 0x0000000708c00000, 0x0000000708c00000|
| 141|0x0000000708d00000, 0x0000000708d00000, 0x0000000708e00000|  0%| F|  |TS  0|AC  0|TAMS 0x0000000708d00000, 0x0000000708d00000|
| 142|0x0000000708e00000, 0x0000000708e00000, 0x0000000708f00000|  0%| F|  |TS  0|AC  0|TAMS 0x0000000708e00000, 0x0000000708e00000|
| 143|0x0000000708f00000, 0x0000000708f00000, 0x0000000709000000|  0%| F|  |TS  0|AC  0|TAMS 0x0000000708f00000, 0x0000000708f00000|
| 144|0x0000000709000000, 0x0000000709000000, 0x0000000709100000|  0%| F|  |TS  0|AC  0|TAMS 0x0000000709000000, 0x0000000709000000|
| 145|0x0000000709100000, 0x0000000709100000, 0x0000000709200000|  0%| F|  |TS  0|AC  0|TAMS 0x0000000709100000, 0x0000000709100000|
| 146|0x0000000709200000, 0x0000000709200000, 0x0000000709300000|  0%| F|  |TS  0|AC  0|TAMS 0x0000000709200000, 0x0000000709200000|
| 147|0x0000000709300000, 0x0000000709300000, 0x0000000709400000|  0%| F|  |TS  0|AC  0|TAMS 0x0000000709300000, 0x0000000709300000|
| 148|0x0000000709400000, 0x0000000709400000, 0x0000000709500000|  0%| F|  |TS  0|AC  0|TAMS 0x0000000709400000, 0x0000000709400000|
| 149|0x0000000709500000, 0x0000000709500000, 0x0000000709600000|  0%| F|  |TS  0|AC  0|TAMS 0x0000000709500000, 0x0000000709500000|
| 150|0x0000000709600000, 0x0000000709600000, 0x0000000709700000|  0%| F|  |TS  0|AC  0|TAMS 0x0000000709600000, 0x0000000709600000|
| 151|0x0000000709700000, 0x0000000709700000, 0x0000000709800000|  0%| F|  |TS  0|AC  0|TAMS 0x0000000709700000, 0x0000000709700000|
| 152|0x0000000709800000, 0x0000000709800000, 0x0000000709900000|  0%| F|  |TS  0|AC  0|TAMS 0x0000000709800000, 0x0000000709800000|
| 153|0x0000000709900000, 0x0000000709900000, 0x0000000709a00000|  0%| F|  |TS  0|AC  0|TAMS 0x0000000709900000, 0x0000000709900000|
| 154|0x0000000709a00000, 0x0000000709a00000, 0x0000000709b00000|  0%| F|  |TS  0|AC  0|TAMS 0x0000000709a00000, 0x0000000709a00000|
| 155|0x0000000709b00000, 0x0000000709b00000, 0x0000000709c00000|  0%| F|  |TS  0|AC  0|TAMS 0x0000000709b00000, 0x0000000709b00000|
| 156|0x0000000709c00000, 0x0000000709c00000, 0x0000000709d00000|  0%| F|  |TS  0|AC  0|TAMS 0x0000000709c00000, 0x0000000709c00000|
| 157|0x0000000709d00000, 0x0000000709d00000, 0x0000000709e00000|  0%| F|  |TS  0|AC  0|TAMS 0x0000000709d00000, 0x0000000709d00000|
| 158|0x0000000709e00000, 0x0000000709e00000, 0x0000000709f00000|  0%| F|  |TS  0|AC  0|TAMS 0x0000000709e00000, 0x0000000709e00000|
| 159|0x0000000709f00000, 0x0000000709f808a8, 0x000000070a000000| 50%| S|CS|TS  1|AC  0|TAMS 0x0000000709f00000, 0x0000000709f00000|
| 160|0x000000070a000000, 0x000000070a000000, 0x000000070a100000|  0%| F|  |TS  1|AC  0|TAMS 0x000000070a000000, 0x000000070a000000|
| 161|0x000000070a100000, 0x000000070a100000, 0x000000070a200000|  0%| F|  |TS  1|AC  0|TAMS 0x000000070a100000, 0x000000070a100000|
| 162|0x000000070a200000, 0x000000070a200000, 0x000000070a300000|  0%| F|  |TS  1|AC  0|TAMS 0x000000070a200000, 0x000000070a200000|
| 163|0x000000070a300000, 0x000000070a300000, 0x000000070a400000|  0%| F|  |TS  1|AC  0|TAMS 0x000000070a300000, 0x000000070a300000|
| 164|0x000000070a400000, 0x000000070a400000, 0x000000070a500000|  0%| F|  |TS  1|AC  0|TAMS 0x000000070a400000, 0x000000070a400000|
| 165|0x000000070a500000, 0x000000070a500000, 0x000000070a600000|  0%| F|  |TS  1|AC  0|TAMS 0x000000070a500000, 0x000000070a500000|
| 166|0x000000070a600000, 0x000000070a600000, 0x000000070a700000|  0%| F|  |TS  1|AC  0|TAMS 0x000000070a600000, 0x000000070a600000|
| 167|0x000000070a700000, 0x000000070a700000, 0x000000070a800000|  0%| F|  |TS  1|AC  0|TAMS 0x000000070a700000, 0x000000070a700000|
| 168|0x000000070a800000, 0x000000070a800000, 0x000000070a900000|  0%| F|  |TS  1|AC  0|TAMS 0x000000070a800000, 0x000000070a800000|
| 169|0x000000070a900000, 0x000000070a900000, 0x000000070aa00000|  0%| F|  |TS  1|AC  0|TAMS 0x000000070a900000, 0x000000070a900000|
| 170|0x000000070aa00000, 0x000000070aa37ae0, 0x000000070ab00000| 21%| E|  |TS  1|AC  0|TAMS 0x000000070aa00000, 0x000000070aa00000|
| 171|0x000000070ab00000, 0x000000070ac00000, 0x000000070ac00000|100%| E|CS|TS  1|AC  0|TAMS 0x000000070ab00000, 0x000000070ab00000|
| 172|0x000000070ac00000, 0x000000070ad00000, 0x000000070ad00000|100%| E|CS|TS  1|AC  0|TAMS 0x000000070ac00000, 0x000000070ac00000|
| 173|0x000000070ad00000, 0x000000070ae00000, 0x000000070ae00000|100%| E|CS|TS  1|AC  0|TAMS 0x000000070ad00000, 0x000000070ad00000|
| 174|0x000000070ae00000, 0x000000070af00000, 0x000000070af00000|100%| E|CS|TS  1|AC  0|TAMS 0x000000070ae00000, 0x000000070ae00000|
| 175|0x000000070af00000, 0x000000070b000000, 0x000000070b000000|100%| E|CS|TS  1|AC  0|TAMS 0x000000070af00000, 0x000000070af00000|
| 176|0x000000070b000000, 0x000000070b100000, 0x000000070b100000|100%| E|CS|TS  1|AC  0|TAMS 0x000000070b000000, 0x000000070b000000|
| 177|0x000000070b100000, 0x000000070b200000, 0x000000070b200000|100%| E|CS|TS  1|AC  0|TAMS 0x000000070b100000, 0x000000070b100000|
| 178|0x000000070b200000, 0x000000070b300000, 0x000000070b300000|100%| E|CS|TS  1|AC  0|TAMS 0x000000070b200000, 0x000000070b200000|
| 179|0x000000070b300000, 0x000000070b400000, 0x000000070b400000|100%| E|CS|TS  1|AC  0|TAMS 0x000000070b300000, 0x000000070b300000|
| 180|0x000000070b400000, 0x000000070b500000, 0x000000070b500000|100%| E|CS|TS  1|AC  0|TAMS 0x000000070b400000, 0x000000070b400000|
| 181|0x000000070b500000, 0x000000070b600000, 0x000000070b600000|100%| E|CS|TS  1|AC  0|TAMS 0x000000070b500000, 0x000000070b500000|
| 182|0x000000070b600000, 0x000000070b700000, 0x000000070b700000|100%| E|CS|TS  1|AC  0|TAMS 0x000000070b600000, 0x000000070b600000|
| 183|0x000000070b700000, 0x000000070b800000, 0x000000070b800000|100%| E|CS|TS  1|AC  0|TAMS 0x000000070b700000, 0x000000070b700000|
| 184|0x000000070b800000, 0x000000070b900000, 0x000000070b900000|100%| E|CS|TS  1|AC  0|TAMS 0x000000070b800000, 0x000000070b800000|
| 185|0x000000070b900000, 0x000000070ba00000, 0x000000070ba00000|100%| E|CS|TS  1|AC  0|TAMS 0x000000070b900000, 0x000000070b900000|
| 186|0x000000070ba00000, 0x000000070bb00000, 0x000000070bb00000|100%| E|CS|TS  1|AC  0|TAMS 0x000000070ba00000, 0x000000070ba00000|
| 187|0x000000070bb00000, 0x000000070bc00000, 0x000000070bc00000|100%| E|CS|TS  1|AC  0|TAMS 0x000000070bb00000, 0x000000070bb00000|
| 188|0x000000070bc00000, 0x000000070bd00000, 0x000000070bd00000|100%| E|CS|TS  1|AC  0|TAMS 0x000000070bc00000, 0x000000070bc00000|
| 189|0x000000070bd00000, 0x000000070be00000, 0x000000070be00000|100%| E|CS|TS  1|AC  0|TAMS 0x000000070bd00000, 0x000000070bd00000|
| 190|0x000000070be00000, 0x000000070bf00000, 0x000000070bf00000|100%| E|CS|TS  1|AC  0|TAMS 0x000000070be00000, 0x000000070be00000|
| 191|0x000000070bf00000, 0x000000070c000000, 0x000000070c000000|100%| E|CS|TS  1|AC  0|TAMS 0x000000070bf00000, 0x000000070bf00000|
| 192|0x000000070c000000, 0x000000070c100000, 0x000000070c100000|100%| E|CS|TS  1|AC  0|TAMS 0x000000070c000000, 0x000000070c000000|
| 193|0x000000070c100000, 0x000000070c200000, 0x000000070c200000|100%| E|CS|TS  1|AC  0|TAMS 0x000000070c100000, 0x000000070c100000|
| 194|0x000000070c200000, 0x000000070c300000, 0x000000070c300000|100%| E|CS|TS  1|AC  0|TAMS 0x000000070c200000, 0x000000070c200000|
| 195|0x000000070c300000, 0x000000070c400000, 0x000000070c400000|100%| E|CS|TS  1|AC  0|TAMS 0x000000070c300000, 0x000000070c300000|
| 196|0x000000070c400000, 0x000000070c500000, 0x000000070c500000|100%| E|CS|TS  1|AC  0|TAMS 0x000000070c400000, 0x000000070c400000|
| 197|0x000000070c500000, 0x000000070c600000, 0x000000070c600000|100%| E|CS|TS  1|AC  0|TAMS 0x000000070c500000, 0x000000070c500000|
| 198|0x000000070c600000, 0x000000070c700000, 0x000000070c700000|100%| E|CS|TS  1|AC  0|TAMS 0x000000070c600000, 0x000000070c600000|
| 199|0x000000070c700000, 0x000000070c800000, 0x000000070c800000|100%| E|CS|TS  1|AC  0|TAMS 0x000000070c700000, 0x000000070c700000|
| 200|0x000000070c800000, 0x000000070c900000, 0x000000070c900000|100%| E|CS|TS  1|AC  0|TAMS 0x000000070c800000, 0x000000070c800000|
| 201|0x000000070c900000, 0x000000070ca00000, 0x000000070ca00000|100%| E|CS|TS  1|AC  0|TAMS 0x000000070c900000, 0x000000070c900000|
| 202|0x000000070ca00000, 0x000000070cb00000, 0x000000070cb00000|100%| E|CS|TS  1|AC  0|TAMS 0x000000070ca00000, 0x000000070ca00000|
| 203|0x000000070cb00000, 0x000000070cc00000, 0x000000070cc00000|100%| E|CS|TS  1|AC  0|TAMS 0x000000070cb00000, 0x000000070cb00000|
| 204|0x000000070cc00000, 0x000000070cd00000, 0x000000070cd00000|100%| E|CS|TS  1|AC  0|TAMS 0x000000070cc00000, 0x000000070cc00000|
| 205|0x000000070cd00000, 0x000000070ce00000, 0x000000070ce00000|100%| E|CS|TS  1|AC  0|TAMS 0x000000070cd00000, 0x000000070cd00000|
| 206|0x000000070ce00000, 0x000000070cf00000, 0x000000070cf00000|100%| E|CS|TS  1|AC  0|TAMS 0x000000070ce00000, 0x000000070ce00000|
| 207|0x000000070cf00000, 0x000000070d000000, 0x000000070d000000|100%| E|CS|TS  1|AC  0|TAMS 0x000000070cf00000, 0x000000070cf00000|
| 208|0x000000070d000000, 0x000000070d100000, 0x000000070d100000|100%| E|CS|TS  1|AC  0|TAMS 0x000000070d000000, 0x000000070d000000|
| 209|0x000000070d100000, 0x000000070d200000, 0x000000070d200000|100%| E|CS|TS  1|AC  0|TAMS 0x000000070d100000, 0x000000070d100000|
| 210|0x000000070d200000, 0x000000070d300000, 0x000000070d300000|100%| E|CS|TS  1|AC  0|TAMS 0x000000070d200000, 0x000000070d200000|
| 211|0x000000070d300000, 0x000000070d400000, 0x000000070d400000|100%| E|CS|TS  1|AC  0|TAMS 0x000000070d300000, 0x000000070d300000|
| 212|0x000000070d400000, 0x000000070d500000, 0x000000070d500000|100%| E|CS|TS  1|AC  0|TAMS 0x000000070d400000, 0x000000070d400000|
| 213|0x000000070d500000, 0x000000070d600000, 0x000000070d600000|100%| E|CS|TS  1|AC  0|TAMS 0x000000070d500000, 0x000000070d500000|
| 214|0x000000070d600000, 0x000000070d700000, 0x000000070d700000|100%| E|CS|TS  1|AC  0|TAMS 0x000000070d600000, 0x000000070d600000|
| 215|0x000000070d700000, 0x000000070d800000, 0x000000070d800000|100%| E|CS|TS  1|AC  0|TAMS 0x000000070d700000, 0x000000070d700000|
| 216|0x000000070d800000, 0x000000070d900000, 0x000000070d900000|100%| E|CS|TS  1|AC  0|TAMS 0x000000070d800000, 0x000000070d800000|
| 217|0x000000070d900000, 0x000000070da00000, 0x000000070da00000|100%| E|CS|TS  1|AC  0|TAMS 0x000000070d900000, 0x000000070d900000|
| 218|0x000000070da00000, 0x000000070db00000, 0x000000070db00000|100%| E|CS|TS  1|AC  0|TAMS 0x000000070da00000, 0x000000070da00000|
| 219|0x000000070db00000, 0x000000070dc00000, 0x000000070dc00000|100%| E|CS|TS  1|AC  0|TAMS 0x000000070db00000, 0x000000070db00000|
| 220|0x000000070dc00000, 0x000000070dd00000, 0x000000070dd00000|100%| E|CS|TS  1|AC  0|TAMS 0x000000070dc00000, 0x000000070dc00000|

Card table byte_map: [0x000001e577350000,0x000001e577950000] byte_map_base: 0x000001e573b50000

Marking Bits (Prev, Next): (CMBitMap*) 0x000001e56bc08d98, (CMBitMap*) 0x000001e56bc08d60
 Prev Bits: [0x000001e57af50000, 0x000001e57df50000)
 Next Bits: [0x000001e577f50000, 0x000001e57af50000)

Polling page: 0x000001e566320000

CodeHeap 'non-profiled nmethods': size=120064Kb used=27768Kb max_used=27768Kb free=92295Kb
 bounds [0x000001e507ac0000, 0x000001e5095f0000, 0x000001e50f000000]
CodeHeap 'profiled nmethods': size=120000Kb used=55892Kb max_used=56965Kb free=64107Kb
 bounds [0x000001e500590000, 0x000001e503d80000, 0x000001e507ac0000]
CodeHeap 'non-nmethods': size=5696Kb used=1921Kb max_used=1998Kb free=3774Kb
 bounds [0x000001e500000000, 0x000001e500270000, 0x000001e500590000]
 total_blobs=42461 nmethods=22111 adapters=1317
 compilation: enabled

Compilation events (10 events):
Event: 3386.427 Thread 0x000001e56be04800 29113   !   3       sun.nio.cs.StreamEncoder::write (78 bytes)
Event: 3386.428 Thread 0x000001e56be04800 nmethod 29113 0x000001e502c8fc90 code [0x000001e502c8ff00, 0x000001e502c90a10]
Event: 3386.428 Thread 0x000001e56be04800 29114       3       sun.nio.cs.StreamEncoder::implWrite (15 bytes)
Event: 3386.428 Thread 0x000001e56be04800 nmethod 29114 0x000001e502ba5710 code [0x000001e502ba5900, 0x000001e502ba5df0]
Event: 3387.037 Thread 0x000001e56be04800 29115       3       com.jidesoft.status.StatusBar::componentShown (34 bytes)
Event: 3387.037 Thread 0x000001e56be04800 nmethod 29115 0x000001e502c8ee10 code [0x000001e502c8f020, 0x000001e502c8fae0]
Event: 3387.041 Thread 0x000001e56be04800 29116       3       ui.views.waveform.d.a::jCI (62 bytes)
Event: 3387.041 Thread 0x000001e56be04800 nmethod 29116 0x000001e502cff690 code [0x000001e502cff940, 0x000001e502d00870]
Event: 3387.164 Thread 0x000001e56aaa1000 29117       4       com.jidesoft.swing.FontUtils::getCachedDerivedFont (71 bytes)
Event: 3387.210 Thread 0x000001e56aaa1000 nmethod 29117 0x000001e5095e0d10 code [0x000001e5095e0fe0, 0x000001e5095e2ea8]

GC Heap History (10 events):
Event: 3336.201 GC heap before
{Heap before GC invocations=672 (full 37):
 garbage-first heap   total 226304K, used 139414K [0x0000000700000000, 0x00000007001006e8, 0x00000007c0000000)
  region size 1024K, 16 young (16384K), 1 survivors (1024K)
 Metaspace       used 107456K, capacity 112653K, committed 116736K, reserved 1148928K
  class space    used 15577K, capacity 16506K, committed 17408K, reserved 1048576K
}
Event: 3336.584 GC heap after
{Heap after GC invocations=673 (full 38):
 garbage-first heap   total 226304K, used 124512K [0x0000000700000000, 0x00000007001006e8, 0x00000007c0000000)
  region size 1024K, 0 young (0K), 0 survivors (0K)
 Metaspace       used 107456K, capacity 112653K, committed 116736K, reserved 1148928K
  class space    used 15577K, capacity 16506K, committed 17408K, reserved 1048576K
}
Event: 3356.493 GC heap before
{Heap before GC invocations=673 (full 38):
 garbage-first heap   total 226304K, used 185952K [0x0000000700000000, 0x00000007001006e8, 0x00000007c0000000)
  region size 1024K, 60 young (61440K), 0 survivors (0K)
 Metaspace       used 107462K, capacity 112653K, committed 116736K, reserved 1148928K
  class space    used 15577K, capacity 16506K, committed 17408K, reserved 1048576K
}
Event: 3356.498 GC heap after
{Heap after GC invocations=674 (full 38):
 garbage-first heap   total 226304K, used 124921K [0x0000000700000000, 0x00000007001006e8, 0x00000007c0000000)
  region size 1024K, 1 young (1024K), 1 survivors (1024K)
 Metaspace       used 107462K, capacity 112653K, committed 116736K, reserved 1148928K
  class space    used 15577K, capacity 16506K, committed 17408K, reserved 1048576K
}
Event: 3384.097 GC heap before
{Heap before GC invocations=675 (full 38):
 garbage-first heap   total 226304K, used 185337K [0x0000000700000000, 0x00000007001006e8, 0x00000007c0000000)
  region size 1024K, 60 young (61440K), 1 survivors (1024K)
 Metaspace       used 107463K, capacity 112653K, committed 116736K, reserved 1148928K
  class space    used 15577K, capacity 16506K, committed 17408K, reserved 1048576K
}
Event: 3384.101 GC heap after
{Heap after GC invocations=676 (full 38):
 garbage-first heap   total 226304K, used 125004K [0x0000000700000000, 0x00000007001006e8, 0x00000007c0000000)
  region size 1024K, 1 young (1024K), 1 survivors (1024K)
 Metaspace       used 107463K, capacity 112653K, committed 116736K, reserved 1148928K
  class space    used 15577K, capacity 16506K, committed 17408K, reserved 1048576K
}
Event: 3385.168 GC heap before
{Heap before GC invocations=676 (full 38):
 garbage-first heap   total 226304K, used 185420K [0x0000000700000000, 0x00000007001006e8, 0x00000007c0000000)
  region size 1024K, 60 young (61440K), 1 survivors (1024K)
 Metaspace       used 107463K, capacity 112653K, committed 116736K, reserved 1148928K
  class space    used 15577K, capacity 16506K, committed 17408K, reserved 1048576K
}
Event: 3385.171 GC heap after
{Heap after GC invocations=677 (full 38):
 garbage-first heap   total 226304K, used 124946K [0x0000000700000000, 0x00000007001006e8, 0x00000007c0000000)
  region size 1024K, 1 young (1024K), 1 survivors (1024K)
 Metaspace       used 107463K, capacity 112653K, committed 116736K, reserved 1148928K
  class space    used 15577K, capacity 16506K, committed 17408K, reserved 1048576K
}
Event: 3386.983 GC heap before
{Heap before GC invocations=678 (full 38):
 garbage-first heap   total 226304K, used 185362K [0x0000000700000000, 0x00000007001006e8, 0x00000007c0000000)
  region size 1024K, 61 young (62464K), 1 survivors (1024K)
 Metaspace       used 107464K, capacity 112653K, committed 116736K, reserved 1148928K
  class space    used 15577K, capacity 16506K, committed 17408K, reserved 1048576K
}
Event: 3386.987 GC heap after
{Heap after GC invocations=679 (full 38):
 garbage-first heap   total 226304K, used 125026K [0x0000000700000000, 0x00000007001006e8, 0x00000007c0000000)
  region size 1024K, 1 young (1024K), 1 survivors (1024K)
 Metaspace       used 107464K, capacity 112653K, committed 116736K, reserved 1148928K
  class space    used 15577K, capacity 16506K, committed 17408K, reserved 1048576K
}

Deoptimization events (10 events):
Event: 3253.752 Thread 0x000001e510b18000 Uncommon trap: reason=speculate_class_check action=maybe_recompile pc=0x000001e50952adb0 method=javax.swing.JTree.setExpandedState(Ljavax/swing/tree/TreePath;Z)V @ 311 c2
Event: 3254.453 Thread 0x000001e510b18000 Uncommon trap: reason=unstable_if action=reinterpret pc=0x000001e5084a6380 method=java.util.HashMap.removeNode(ILjava/lang/Object;Ljava/lang/Object;ZZ)Ljava/util/HashMap$Node; @ 71 c2
Event: 3255.005 Thread 0x000001e510b18000 Uncommon trap: reason=speculate_class_check action=maybe_recompile pc=0x000001e50952adb0 method=javax.swing.JTree.setExpandedState(Ljavax/swing/tree/TreePath;Z)V @ 311 c2
Event: 3256.095 Thread 0x000001e510b18000 Uncommon trap: reason=unstable_if action=reinterpret pc=0x000001e509041d94 method=javax.swing.tree.VariableHeightLayoutCache$TreeStateNode.getXOrigin()I @ 4 c2
Event: 3256.095 Thread 0x000001e510b18000 Uncommon trap: reason=unstable_if action=reinterpret pc=0x000001e5080c4678 method=javax.swing.tree.VariableHeightLayoutCache$TreeStateNode.hasValidSize()Z @ 4 c2
Event: 3256.646 Thread 0x000001e510b18000 Uncommon trap: reason=unstable_if action=reinterpret pc=0x000001e507e5a9f8 method=javax.swing.tree.VariableHeightLayoutCache$TreeStateNode.hasValidSize()Z @ 4 c2
Event: 3293.520 Thread 0x000001e510b18000 Uncommon trap: reason=unstable_if action=reinterpret pc=0x000001e5095043ac method=java.awt.Rectangle.add(Ljava/awt/Rectangle;)V @ 136 c2
Event: 3331.515 Thread 0x000001e510b18000 Uncommon trap: reason=array_check action=maybe_recompile pc=0x000001e5095ad9d8 method=javax.swing.SortingFocusTraversalPolicy.mergeSort([Ljava/lang/Object;[Ljava/lang/Object;IIILjava/util/Comparator;)V @ 76 c2
Event: 3331.515 Thread 0x000001e510b18000 Uncommon trap: reason=array_check action=maybe_recompile pc=0x000001e5095ad9d8 method=javax.swing.SortingFocusTraversalPolicy.mergeSort([Ljava/lang/Object;[Ljava/lang/Object;IIILjava/util/Comparator;)V @ 76 c2
Event: 3336.095 Thread 0x000001e510b18000 Uncommon trap: reason=unstable_if action=reinterpret pc=0x000001e5090b410c method=ui.utils.ar.a(Ljava/awt/FontMetrics;Ljava/lang/String;Ljava/awt/Rectangle;Ljava/awt/Insets;Lui/utils/j;)Ljava/lang/String; @ 48 c2

Classes redefined (0 events):
No events

Internal exceptions (10 events):
Event: 2998.929 Thread 0x000001e510b18000 Exception <a 'java/lang/NoSuchMethodError'{0x000000070c461f88}: java.lang.invoke.DirectMethodHandle$Holder.invokeSpecial(Ljava/lang/Object;Ljava/lang/Object;IIII)Ljava/lang/Object;> (0x000000070c461f88) thrown at [t:/workspace/hotspot/src/share/vm/interpr
Event: 3002.593 Thread 0x000001e510b18000 Implicit null exception at 0x000001e507de45cc to 0x000001e507de4ed5
Event: 3005.480 Thread 0x000001e563f56000 Exception <a 'java/lang/InterruptedException'{0x000000070a89a010}: sleep interrupted> (0x000000070a89a010) thrown at [t:/workspace/hotspot/src/share/vm/prims/jvm.cpp, line 2984]
Event: 3010.581 Thread 0x000001e510b18000 Exception <a 'java/lang/NoSuchMethodError'{0x000000070b6def48}: method resolution failed> (0x000000070b6def48) thrown at [t:/workspace/hotspot/src/share/vm/prims/methodHandles.cpp, line 1256]
Event: 3010.581 Thread 0x000001e510b18000 Exception <a 'java/lang/NoSuchMethodError'{0x000000070b6e5170}: java.lang.invoke.DirectMethodHandle$Holder.invokeStatic(Ljava/lang/Object;Ljava/lang/Object;IILjava/lang/Object;)Ljava/lang/Object;> (0x000000070b6e5170) thrown at [t:/workspace/hotspot/src/s
Event: 3010.581 Thread 0x000001e510b18000 Exception <a 'java/lang/NoSuchMethodError'{0x000000070b6e8e20}: java.lang.invoke.DirectMethodHandle$Holder.invokeSpecial(Ljava/lang/Object;Ljava/lang/Object;Ljava/lang/Object;IILjava/lang/Object;)Ljava/lang/Object;> (0x000000070b6e8e20) thrown at [t:/work
Event: 3076.443 Thread 0x000001e510b18000 Implicit null exception at 0x000001e507ccd295 to 0x000001e507ccdbdf
Event: 3136.917 Thread 0x000001e563f54800 Exception <a 'java/lang/InterruptedException'{0x000000070b752318}: sleep interrupted> (0x000000070b752318) thrown at [t:/workspace/hotspot/src/share/vm/prims/jvm.cpp, line 3023]
Event: 3235.674 Thread 0x000001e510b18000 Implicit null exception at 0x000001e50863dd9d to 0x000001e508644ecd
Event: 3330.435 Thread 0x000001e510b18000 Exception <a 'java/awt/IllegalComponentStateException'{0x000000070cc1c1b0}> (0x000000070cc1c1b0) thrown at [t:/workspace/hotspot/src/share/vm/prims/jvm.cpp, line 1314]

Events (10 events):
Event: 3385.885 Executing VM operation: RevokeBias
Event: 3385.889 Executing VM operation: RevokeBias done
Event: 3386.047 Thread 0x000001e563f53000 Thread added: 0x000001e563f53000
Event: 3386.054 Thread 0x000001e563f53000 Thread exited: 0x000001e563f53000
Event: 3386.982 Executing VM operation: G1IncCollectionPause
Event: 3386.982 Executing VM operation: G1IncCollectionPause done
Event: 3386.982 Executing VM operation: G1IncCollectionPause
Event: 3386.987 Executing VM operation: G1IncCollectionPause done
Event: 3387.211 Thread 0x000001e563f51800 Thread added: 0x000001e563f51800
Event: 3387.215 Thread 0x000001e563f51800 Thread exited: 0x000001e563f51800


Dynamic libraries:
0x00007ff709b60000 - 0x00007ff709b90000 	D:\Vivado\Vivado\2020.1\bin\unwrapped\win64.o\vivado.exe
0x00007ff976010000 - 0x00007ff976206000 	C:\WINDOWS\SYSTEM32\ntdll.dll
0x00007ff975d70000 - 0x00007ff975e2d000 	C:\WINDOWS\System32\KERNEL32.DLL
0x00007ff973c10000 - 0x00007ff973ed8000 	C:\WINDOWS\System32\KERNELBASE.dll
0x00007ff973a60000 - 0x00007ff973b60000 	C:\WINDOWS\System32\ucrtbase.dll
0x00007ff951220000 - 0x00007ff9512b1000 	C:\WINDOWS\SYSTEM32\MSVCP140.dll
0x00007ff96ea30000 - 0x00007ff96ea44000 	D:\Vivado\Vivado\2020.1\lib\win64.o\libboost_signals.dll
0x00007ff953510000 - 0x00007ff953529000 	C:\WINDOWS\SYSTEM32\VCRUNTIME140.dll
0x00007ff9544f0000 - 0x00007ff9544fc000 	C:\WINDOWS\SYSTEM32\VCRUNTIME140_1.dll
0x00007ff911f80000 - 0x00007ff913046000 	D:\Vivado\Vivado\2020.1\lib\win64.o\librdi_common.dll
0x00007ff9752b0000 - 0x00007ff975450000 	C:\WINDOWS\System32\USER32.dll
0x00007ff973a30000 - 0x00007ff973a52000 	C:\WINDOWS\System32\win32u.dll
0x00007ff975e30000 - 0x00007ff975e5a000 	C:\WINDOWS\System32\GDI32.dll
0x00007ff937b20000 - 0x00007ff937e8e000 	D:\Vivado\Vivado\2020.1\lib\win64.o\libCOIN-all.dll
0x00007ff973f10000 - 0x00007ff974019000 	C:\WINDOWS\System32\gdi32full.dll
0x00007ff973990000 - 0x00007ff973a2d000 	C:\WINDOWS\System32\msvcp_win.dll
0x00007ff975160000 - 0x00007ff97520c000 	C:\WINDOWS\System32\ADVAPI32.dll
0x00007ff974fb0000 - 0x00007ff97504e000 	C:\WINDOWS\System32\msvcrt.dll
0x00007ff9646e0000 - 0x00007ff9646f4000 	D:\Vivado\Vivado\2020.1\lib\win64.o\libboost_date_time.dll
0x00007ff975210000 - 0x00007ff9752ab000 	C:\WINDOWS\System32\sechost.dll
0x00007ff975b70000 - 0x00007ff975c93000 	C:\WINDOWS\System32\RPCRT4.dll
0x00007ff974690000 - 0x00007ff974dd1000 	C:\WINDOWS\System32\SHELL32.dll
0x00007ff963af0000 - 0x00007ff963b16000 	D:\Vivado\Vivado\2020.1\lib\win64.o\libboost_filesystem.dll
0x00007ff9757a0000 - 0x00007ff97580b000 	C:\WINDOWS\System32\WS2_32.dll
0x00007ff973ee0000 - 0x00007ff973f07000 	C:\WINDOWS\System32\bcrypt.dll
0x00007ff963940000 - 0x00007ff9639bf000 	D:\Vivado\Vivado\2020.1\lib\win64.o\libboost_program_options.dll
0x00007ff958f30000 - 0x00007ff959044000 	D:\Vivado\Vivado\2020.1\lib\win64.o\libboost_regex.dll
0x00007ff96f3f0000 - 0x00007ff96f3fb000 	D:\Vivado\Vivado\2020.1\lib\win64.o\libboost_system.dll
0x00007ff963820000 - 0x00007ff963841000 	D:\Vivado\Vivado\2020.1\lib\win64.o\libboost_thread.dll
0x00007ff96ea90000 - 0x00007ff96ea9f000 	D:\Vivado\Vivado\2020.1\lib\win64.o\libboost_xilinx.dll
0x00007ff958ea0000 - 0x00007ff958f22000 	D:\Vivado\Vivado\2020.1\lib\win64.o\libhdlpsolve.dll
0x00007ff9576c0000 - 0x00007ff957765000 	D:\Vivado\Vivado\2020.1\lib\win64.o\libhdxml.dll
0x00007ff961b50000 - 0x00007ff961b7e000 	D:\Vivado\Vivado\2020.1\lib\win64.o\libisl_sysinfo.dll
0x00007ff95b6e0000 - 0x00007ff95b745000 	D:\Vivado\Vivado\2020.1\lib\win64.o\liblmx6.0.dll
0x00007ff9112c0000 - 0x00007ff911f75a00 	D:\Vivado\Vivado\2020.1\lib\win64.o\libisl_iostreams.dll
0x00007ff961bf0000 - 0x00007ff961c0a000 	D:\Vivado\Vivado\2020.1\lib\win64.o\pthreadVC2.dll
0x00007ff94f170000 - 0x00007ff94f311000 	D:\Vivado\Vivado\2020.1\lib\win64.o\librdi_commonxillic.dll
0x00007ff961b30000 - 0x00007ff961b4c000 	D:\Vivado\Vivado\2020.1\lib\win64.o\librdiconfig.dll
0x00007ff960060000 - 0x00007ff960081000 	D:\Vivado\Vivado\2020.1\lib\win64.o\librdizlib.dll
0x0000000073110000 - 0x000000007323b000 	D:\Vivado\Vivado\2020.1\lib\win64.o\tcl85t.dll
0x00007ff969f20000 - 0x00007ff969f38000 	C:\WINDOWS\SYSTEM32\NETAPI32.dll
0x00007ff952b60000 - 0x00007ff95303a000 	C:\WINDOWS\SYSTEM32\WININET.dll
0x00007ff96a990000 - 0x00007ff96aa90000 	C:\WINDOWS\SYSTEM32\WINHTTP.dll
0x00007ff96e5b0000 - 0x00007ff96e79d000 	C:\WINDOWS\SYSTEM32\urlmon.dll
0x0000000012000000 - 0x0000000012270000 	D:\Vivado\Vivado\2020.1\lib\win64.o\xerces-c_3_1.dll
0x00007ff910420000 - 0x00007ff9112b1000 	D:\Vivado\Vivado\2020.1\lib\win64.o\gurobi65.dll
0x00007ff9647e0000 - 0x00007ff9647e9000 	C:\WINDOWS\SYSTEM32\WSOCK32.dll
0x00007ff95c060000 - 0x00007ff95c08d000 	C:\WINDOWS\SYSTEM32\VCOMP140.DLL
0x00007ff964710000 - 0x00007ff96471d000 	D:\Vivado\Vivado\2020.1\lib\win64.o\libboost_chrono.dll
0x00007ff95d910000 - 0x00007ff95d92b000 	D:\Vivado\Vivado\2020.1\lib\win64.o\libboost_iostreams.dll
0x00007ff95b940000 - 0x00007ff95b965000 	D:\Vivado\Vivado\2020.1\lib\win64.o\libisl_iosutils.dll
0x00007ff96e250000 - 0x00007ff96e500000 	C:\WINDOWS\SYSTEM32\iertutil.dll
0x00007ff92a840000 - 0x00007ff92ab1b000 	D:\Vivado\Vivado\2020.1\lib\win64.o\libXil_lmgr11.dll
0x00007ff975810000 - 0x00007ff975b65000 	C:\WINDOWS\System32\combase.dll
0x00007ff975e60000 - 0x00007ff975f3a000 	C:\WINDOWS\System32\COMDLG32.dll
0x00007ff974f00000 - 0x00007ff974fae000 	C:\WINDOWS\System32\shcore.dll
0x00007ff95d2d0000 - 0x00007ff95d2ea000 	D:\Vivado\Vivado\2020.1\lib\win64.o\librdi_commonmain.dll
0x00007ff975f70000 - 0x00007ff975fc5000 	C:\WINDOWS\System32\SHLWAPI.dll
0x00007ff975ca0000 - 0x00007ff975d6d000 	C:\WINDOWS\System32\OLEAUT32.dll
0x00007ff9740f0000 - 0x00007ff97421a000 	C:\WINDOWS\System32\ole32.dll
0x00007ff973750000 - 0x00007ff9737b0000 	C:\WINDOWS\System32\WINTRUST.dll
0x00007ff964630000 - 0x00007ff96463a000 	D:\Vivado\Vivado\2020.1\lib\win64.o\librdi_commonversion.dll
0x00007ff960f30000 - 0x00007ff960fe0000 	C:\WINDOWS\WinSxS\amd64_microsoft.windows.common-controls_6595b64144ccf1df_5.82.19041.488_none_4238de57f6b64d28\COMCTL32.dll
0x00007ff9737b0000 - 0x00007ff97390d000 	C:\WINDOWS\System32\CRYPT32.dll
0x00007ff972c40000 - 0x00007ff972c4c000 	C:\WINDOWS\SYSTEM32\NETUTILS.DLL
0x00007ff9683d0000 - 0x00007ff9683ed000 	C:\WINDOWS\SYSTEM32\dhcpcsvc.DLL
0x00007ff972e20000 - 0x00007ff972e8a000 	C:\WINDOWS\SYSTEM32\MSWSOCK.DLL
0x00007ff975f40000 - 0x00007ff975f70000 	C:\WINDOWS\System32\IMM32.DLL
0x00007ff9732f0000 - 0x00007ff973302000 	C:\WINDOWS\SYSTEM32\MSASN1.dll
0x00007ff971680000 - 0x00007ff971692000 	C:\WINDOWS\SYSTEM32\kernel.appcore.dll
0x00007ff921320000 - 0x00007ff92181c000 	D:\Vivado\Vivado\2020.1\lib\win64.o\librdi_commontasks.dll
0x00007ff96b590000 - 0x00007ff96b59a000 	C:\WINDOWS\SYSTEM32\VERSION.dll
0x00007ff92a550000 - 0x00007ff92a834000 	D:\Vivado\Vivado\2020.1\lib\win64.o\librdi_sio.dll
0x00007ff972b20000 - 0x00007ff972b5b000 	C:\WINDOWS\SYSTEM32\IPHLPAPI.DLL
0x00000000726e0000 - 0x0000000073105000 	D:\Vivado\Vivado\2020.1\tps\win64\jre9.0.4\bin\server\jvm.dll
0x00007ff974080000 - 0x00007ff974088000 	C:\WINDOWS\System32\PSAPI.DLL
0x00007ff96afe0000 - 0x00007ff96b007000 	C:\WINDOWS\SYSTEM32\WINMM.dll
0x00007ff94f670000 - 0x00007ff94f75f000 	C:\WINDOWS\SYSTEM32\MSVCR120.dll
0x00007ff971880000 - 0x00007ff972015000 	C:\WINDOWS\SYSTEM32\windows.storage.dll
0x00007ff973150000 - 0x00007ff97317c000 	C:\WINDOWS\SYSTEM32\Wldp.dll
0x00007ff90dd80000 - 0x00007ff910415000 	D:\Vivado\Vivado\2020.1\lib\win64.o\librdi_tcltasks.dll
0x00007ff95a6a0000 - 0x00007ff95a71b000 	D:\Vivado\Vivado\2020.1\lib\win64.o\librdi_boarddep.dll
0x00007ff942c70000 - 0x00007ff942e23000 	D:\Vivado\Vivado\2020.1\lib\win64.o\librdi_board.dll
0x00007ff94dc10000 - 0x00007ff94dd06000 	D:\Vivado\Vivado\2020.1\lib\win64.o\librdi_chipscope.dll
0x00007ff914f40000 - 0x00007ff915406000 	D:\Vivado\Vivado\2020.1\lib\win64.o\librdi_bitstream.dll
0x00007ff9422e0000 - 0x00007ff94243b000 	D:\Vivado\Vivado\2020.1\lib\win64.o\librdi_containers.dll
0x00007ff93e4a0000 - 0x00007ff93e661000 	D:\Vivado\Vivado\2020.1\lib\win64.o\librdi_chipscopeimpl.dll
0x00007ff9145a0000 - 0x00007ff914c79000 	D:\Vivado\Vivado\2020.1\lib\win64.o\librdi_coregenipxact.dll
0x00007ff90c150000 - 0x00007ff90dd7a000 	D:\Vivado\Vivado\2020.1\lib\win64.o\librdi_constraints.dll
0x00007ff902350000 - 0x00007ff9044bd000 	D:\Vivado\Vivado\2020.1\lib\win64.o\librdi_coregen.dll
0x00007ff8c39d0000 - 0x00007ff8db8a0000 	D:\Vivado\Vivado\2020.1\lib\win64.o\librdi_device.dll
0x00007ff8ef330000 - 0x00007ff8f365e000 	D:\Vivado\Vivado\2020.1\lib\win64.o\librdi_designutils.dll
0x00007ff9228b0000 - 0x00007ff922bfb000 	D:\Vivado\Vivado\2020.1\lib\win64.o\librdi_dlyest.dll
0x00007ff90bb30000 - 0x00007ff90c14e000 	D:\Vivado\Vivado\2020.1\lib\win64.o\librdi_drc.dll
0x00007ff956e90000 - 0x00007ff9571ac000 	D:\Vivado\Vivado\2020.1\lib\win64.o\librdi_guitools.dll
0x00007ff956dc0000 - 0x00007ff956e84000 	D:\Vivado\Vivado\2020.1\lib\win64.o\librdi_dsp.dll
0x00007ff959540000 - 0x00007ff9595b7000 	D:\Vivado\Vivado\2020.1\lib\win64.o\librdi_hdf.dll
0x00007ff90b4a0000 - 0x00007ff90bb26000 	D:\Vivado\Vivado\2020.1\lib\win64.o\librdi_filemgmt.dll
0x00007ff93c230000 - 0x00007ff93c485000 	D:\Vivado\Vivado\2020.1\lib\win64.o\librdi_hip_devdesign.dll
0x00007ff9413f0000 - 0x00007ff941538000 	D:\Vivado\Vivado\2020.1\lib\win64.o\librdi_hip_perf_analysis.dll
0x00007ff9574f0000 - 0x00007ff957564000 	D:\Vivado\Vivado\2020.1\lib\win64.o\librdi_memoryarray.dll
0x00007ff90ae60000 - 0x00007ff90b49e000 	D:\Vivado\Vivado\2020.1\lib\win64.o\librdi_memdata.dll
0x00007ff963cb0000 - 0x00007ff963cfe000 	D:\Vivado\Vivado\2020.1\lib\win64.o\librdi_pfi.dll
0x00007ff8ed9e0000 - 0x00007ff8ef32a000 	D:\Vivado\Vivado\2020.1\lib\win64.o\librdi_implflow.dll
0x00007ff905610000 - 0x00007ff905d13000 	D:\Vivado\Vivado\2020.1\lib\win64.o\librdi_netlist.dll
0x00007ff8eab60000 - 0x00007ff8ed9d7000 	D:\Vivado\Vivado\2020.1\lib\win64.o\librdi_mig.dll
0x00007ff904dd0000 - 0x00007ff905604000 	D:\Vivado\Vivado\2020.1\lib\win64.o\librdi_power.dll
0x00007ff9218e0000 - 0x00007ff921c31000 	D:\Vivado\Vivado\2020.1\lib\win64.o\librdi_platform.dll
0x00007ff8e7fe0000 - 0x00007ff8eab51000 	D:\Vivado\Vivado\2020.1\lib\win64.o\librdi_place.dll
0x00007ff901d50000 - 0x00007ff902345000 	D:\Vivado\Vivado\2020.1\lib\win64.o\librdi_project.dll
0x00007ff9015e0000 - 0x00007ff901d4f000 	D:\Vivado\Vivado\2020.1\lib\win64.o\librdi_rsb.dll
0x00007ff900ea0000 - 0x00007ff9015dc000 	D:\Vivado\Vivado\2020.1\lib\win64.o\librdi_psta.dll
0x00007ff943920000 - 0x00007ff943a28000 	D:\Vivado\Vivado\2020.1\lib\win64.o\librdi_runsbase.dll
0x00007ff913470000 - 0x00007ff91390a000 	D:\Vivado\Vivado\2020.1\lib\win64.o\librdi_runs.dll
0x00007ff9210a0000 - 0x00007ff921315000 	D:\Vivado\Vivado\2020.1\lib\win64.o\librdi_simdata.dll
0x00007ff9566a0000 - 0x00007ff956748000 	D:\Vivado\Vivado\2020.1\lib\win64.o\librdi_xhubtasks.dll
0x00007ff9421e0000 - 0x00007ff9422df000 	D:\Vivado\Vivado\2020.1\lib\win64.o\librdi_xhub.dll
0x00007ff95b2a0000 - 0x00007ff95b2ec000 	D:\Vivado\Vivado\2020.1\lib\win64.o\libboost_serialization.dll
0x00007ff9411b0000 - 0x00007ff941298000 	D:\Vivado\Vivado\2020.1\lib\win64.o\librdi_ipconfig_readwrite.dll
0x00007ff8e70d0000 - 0x00007ff8e7fda000 	D:\Vivado\Vivado\2020.1\lib\win64.o\librdi_timing.dll
0x00007ff957650000 - 0x00007ff9576bc000 	D:\Vivado\Vivado\2020.1\lib\win64.o\librdi_noc_frameworks.dll
0x00007ff8fb1a0000 - 0x00007ff8fbce7000 	D:\Vivado\Vivado\2020.1\lib\win64.o\libverific.dll
0x00007ff93be60000 - 0x00007ff93c033000 	D:\Vivado\Vivado\2020.1\lib\win64.o\librdi_advchipscopeimpl.dll
0x00007ff95aa30000 - 0x00007ff95aa7d000 	D:\Vivado\Vivado\2020.1\lib\win64.o\libboost_graph.dll
0x00007ff95a780000 - 0x00007ff95a7cc000 	D:\Vivado\Vivado\2020.1\lib\win64.o\librdi_bva.dll
0x00007ff955d10000 - 0x00007ff955dae000 	D:\Vivado\Vivado\2020.1\lib\win64.o\libise.dll
0x00007ff908ee0000 - 0x00007ff90942e000 	D:\Vivado\Vivado\2020.1\lib\win64.o\librdi_xdm.dll
0x00007ff95a3f0000 - 0x00007ff95a43b000 	D:\Vivado\Vivado\2020.1\lib\win64.o\librdi_wavedata_SimpleApi.dll

VM Arguments:
jvm_args: -Dsun.java2d.pmoffscreen=false -Dsun.java2d.xrender=false -Dsun.java2d.d3d=false -Dsun.awt.nopixfmt=true -Dsun.java2d.dpiaware=true -Dsun.java2d.uiScale.enabled=false -Xverify:none -Dswing.aatext=true -XX:-UsePerfData -Djdk.map.althashing.threshold=512 -XX:StringTableSize=4072 --add-opens=java.base/java.nio=ALL-UNNAMED --add-opens=java.desktop/sun.swing=ALL-UNNAMED --add-opens=java.desktop/javax.swing=ALL-UNNAMED --add-opens=java.desktop/javax.swing.tree=ALL-UNNAMED --add-opens=java.desktop/javax.swing.plaf.basic=ALL-UNNAMED --add-opens=java.desktop/javax.swing.plaf.synth=ALL-UNNAMED --add-opens=java.desktop/com.sun.awt=ALL-UNNAMED -XX:NewSize=60m -XX:MaxNewSize=60m -Xms128m -Xmx3072m -Xss5m 
java_command: <unknown>
java_class_path (initial): D:/Vivado/Vivado/2020.1\lib\classes\alloy.jar;D:/Vivado/Vivado/2020.1\lib\classes\ArchiveSummary.jar;D:/Vivado/Vivado/2020.1\lib\classes\autoesl-models.jar;D:/Vivado/Vivado/2020.1\lib\classes\autopilot.scelaborator.jar;D:/Vivado/Vivado/2020.1\lib\classes\autopilot.sourceprocessor.jar;D:/Vivado/Vivado/2020.1\lib\classes\autopilot.tbprocessor.jar;D:/Vivado/Vivado/2020.1\lib\classes\batik-anim.jar;D:/Vivado/Vivado/2020.1\lib\classes\batik-awt-util.jar;D:/Vivado/Vivado/2020.1\lib\classes\batik-bridge.jar;D:/Vivado/Vivado/2020.1\lib\classes\batik-codec.jar;D:/Vivado/Vivado/2020.1\lib\classes\batik-css.jar;D:/Vivado/Vivado/2020.1\lib\classes\batik-dom.jar;D:/Vivado/Vivado/2020.1\lib\classes\batik-ext.jar;D:/Vivado/Vivado/2020.1\lib\classes\batik-gui-util.jar;D:/Vivado/Vivado/2020.1\lib\classes\batik-gvt.jar;D:/Vivado/Vivado/2020.1\lib\classes\batik-parser.jar;D:/Vivado/Vivado/2020.1\lib\classes\batik-script.jar;D:/Vivado/Vivado/2020.1\lib\classes\batik-svg-dom.jar;D:/Vivado/Vivado/2020.1\lib\classes\batik-swing.jar;D:/Vivado/Vivado/2020.1\lib\classes\batik-transcoder.jar;D:/Vivado/Vivado/2020.1\lib\classes\batik-util.jar;D:/Vivado/Vivado/2020.1\lib\classes\batik-xml.jar;D:/Vivado/Vivado/2020.1\lib\classes\com.google.gson_2.8.2.v20180104-1110.jar;D:/Vivado/Vivado/2020.1\lib\classes\com.google.guava_27.1.0.v20190517-1946.jar;D:/Vivado/Vivado/2020.1\lib\classes\com.ibm.icu_4.4.2.v20110208.jar;D:/Vivado/Vivado/2020.1\lib\classes\com.sigasi.hdt.connection_4.8.0.202004151336.jar;D:/Vivado/Vivado/2020.1\lib\classes\com.sigasi.hdt.epl_4.8.0.202004151336.jar;D:/Vivado/Vivado/2020.1\lib\classes\com.sigasi.hdt.project_4.8.0.202004151336.jar;D:/Vivado/Vivado/2020.1\lib\classes\com.sigasi.hdt.readonlyfilesystem_4.8.0.202004151336.jar;D:/Vivado/Vivado/2020.1\lib\classes\com.sigasi.lcm_4.8.0.202004151336.jar;D:/Vivado/Vivado/2020.1\lib\classes\com.sigasi.sdk.client_4.8.0.202004151336.jar;D:/Vivado/Vivado/2020.1\lib\classes\com.xilinx.hls.services.jar;D:/Viva
Launcher Type: generic

Logging:
Log output configuration:
#0: stdout all=warning uptime,level,tags
#1: stderr all=off uptime,level,tags

Environment Variables:
PATH=D:/Vivado/Vivado/2020.1/bin;D:/Vivado/Vivado/2020.1/lib/win64.o;D:/Vivado/Vivado/2020.1/tps/win64/jre9.0.4/bin/server;D:/Vivado/Vivado/2020.1/tps/win64/jre9.0.4/bin;D:/Vivado/Vivado/2020.1/ids_lite/ISE/bin/nt64;D:/Vivado/Vivado/2020.1/ids_lite/ISE/lib/nt64;E:\1.2.141.2\Bin;C:\Program Files (x86)\Common Files\Oracle\Java\javapath;C:\WINDOWS\system32;C:\WINDOWS;C:\WINDOWS\System32\Wbem;C:\WINDOWS\System32\WindowsPowerShell\v1.0\;C:\WINDOWS\System32\OpenSSH\;C:\MinGW\bin;D:\Git\cmd;C:\Program Files\LLVM\bin;C:\Program Files (x86)\NVIDIA Corporation\PhysX\Common;C:\Program Files\NVIDIA Corporation\NVIDIA NvDLISR;D:\iverilog\bin;D:\iverilog\gtkwave\bin;C:\Program Files\Microsoft SQL Server\120\Tools\Binn\;C:\Users\benja\AppData\Local\Microsoft\WindowsApps;D:\Bandizip\;C:\Users\benja\AppData\Local\GitHubDesktop\bin;D:\Microsoft VS Code\bin;;D:/Vivado/Vivado/2020.1\tps\mingw\6.2.0\win64.o\nt\bin;D:/Vivado/Vivado/2020.1\tps\mingw\6.2.0\win64.o\nt\libexec\gcc\x86_64-w64-mingw32\6.2.0;D:/Vivado/Vivado/2020.1\tps\win64\python-2.7.16;D:/Vivado/Vivado/2020.1\tps\win64\python-2.7.16\bin;D:/Vivado/Vivado/2020.1\tps\win64\python-2.7.16\lib;D:/Vivado/Vivado/2020.1\tps\win64\python-2.7.16\Lib\lib-tk;D:/Vivado/Vivado/2020.1\tps\win64\python-2.7.16\lib\site-packages
USERNAME=Ori
OS=Windows_NT
PROCESSOR_IDENTIFIER=Intel64 Family 6 Model 60 Stepping 3, GenuineIntel



---------------  S Y S T E M  ---------------

OS: Windows 10 , 64 bit Build 19041 (10.0.19041.546)

CPU:total 4 (initial active 4) (4 cores per cpu, 1 threads per core) family 6 model 60 stepping 3, cmov, cx8, fxsr, mmx, sse, sse2, sse3, ssse3, sse4.1, sse4.2, popcnt, avx, avx2, aes, clmul, erms, lzcnt, tsc, tscinvbit, bmi1, bmi2, fma

Memory: 4k page, physical 16717860k(4972672k free), swap 27465764k(12060612k free)

vm_info: Java HotSpot(TM) 64-Bit Server VM (9.0.4+11) for windows-amd64 JRE (9.0.4+11), built on Dec 20 2017 02:18:54 by "mach5one" with MS VC++ 12.0 (VS2013)

END.
