Vivado Simulator 2020.1
Copyright 1986-1999, 2001-2020 Xilinx, Inc. All Rights Reserved.
Running: D:/Vivado/Vivado/2020.1/bin/unwrapped/win64.o/xelab.exe -wto e9baf42fbaa643989a8e12abb3f627f9 --incr --debug typical --relax --mt 2 -L xil_defaultlib -L unisims_ver -L unimacro_ver -L secureip --snapshot NOR_Implement_t_behav xil_defaultlib.NOR_Implement_t xil_defaultlib.glbl -log elaborate.log 
Using 2 slave threads.
Starting static elaboration
Pass Through NonSizing Optimizer
Completed static elaboration
Starting simulation data flow analysis
Completed simulation data flow analysis
Time Resolution for simulation is 1ps
Compiling module xil_defaultlib.NOT
Compiling module xil_defaultlib.AND
Compiling module xil_defaultlib.OR
Compiling module xil_defaultlib.MUX
Compiling module xil_defaultlib.NAND
Compiling module xil_defaultlib.XOR
Compiling module xil_defaultlib.XNOR
Compiling module xil_defaultlib.NOR_Implement
Compiling module xil_defaultlib.NOR_Implement_t
Compiling module xil_defaultlib.glbl
Built simulation snapshot NOR_Implement_t_behav
