
*** Running vivado
    with args -log Game_TOP.vds -m64 -product Vivado -mode batch -messageDb vivado.pb -notrace -source Game_TOP.tcl



****** Vivado v2020.1 (64-bit)
  **** SW Build 2902540 on Wed May 27 19:54:49 MDT 2020
  **** IP Build 2902112 on Wed May 27 22:43:36 MDT 2020
    ** Copyright 1986-2020 Xilinx, Inc. All Rights Reserved.

source Game_TOP.tcl -notrace
Command: synth_design -top Game_TOP -part xc7a35tcpg236-1
Starting synth_design
Attempting to get a license for feature 'Synthesis' and/or device 'xc7a35t'
INFO: [Common 17-349] Got license for feature 'Synthesis' and/or device 'xc7a35t'
INFO: [Synth 8-7079] Multithreading enabled for synth_design using a maximum of 2 processes.
INFO: [Synth 8-7078] Launching helper process for spawning children vivado processes
INFO: [Synth 8-7075] Helper process launched with PID 12744
---------------------------------------------------------------------------------
Starting Synthesize : Time (s): cpu = 00:00:04 ; elapsed = 00:00:06 . Memory (MB): peak = 1024.410 ; gain = 0.000
---------------------------------------------------------------------------------
INFO: [Synth 8-6157] synthesizing module 'Game_TOP' [E:/Code/Vivado/Final Project/main/main.srcs/sources_1/new/Game_TOP.v:23]
	Parameter IDLE bound to: 4'b0000 
	Parameter waiting_hit_signal bound to: 4'b0001 
	Parameter waiting_reset bound to: 4'b0010 
	Parameter clear bound to: 4'b0011 
	Parameter DONE bound to: 4'b0100 
	Parameter STRIKE bound to: 3'b000 
	Parameter B1 bound to: 3'b001 
	Parameter B2 bound to: 3'b010 
	Parameter B3 bound to: 3'b011 
	Parameter OUT bound to: 3'b100 
	Parameter HR bound to: 3'b101 
	Parameter VOID bound to: 3'b110 
INFO: [Synth 8-6157] synthesizing module 'debounce' [E:/Code/Vivado/Final Project/main/main.srcs/sources_1/new/Game_TOP.v:358]
INFO: [Synth 8-6155] done synthesizing module 'debounce' (1#1) [E:/Code/Vivado/Final Project/main/main.srcs/sources_1/new/Game_TOP.v:358]
INFO: [Synth 8-6157] synthesizing module 'onepulse' [E:/Code/Vivado/Final Project/main/main.srcs/sources_1/new/Game_TOP.v:373]
INFO: [Synth 8-6155] done synthesizing module 'onepulse' (2#1) [E:/Code/Vivado/Final Project/main/main.srcs/sources_1/new/Game_TOP.v:373]
INFO: [Synth 8-155] case statement is not full and has no default [E:/Code/Vivado/Final Project/main/main.srcs/sources_1/new/Game_TOP.v:189]
INFO: [Synth 8-155] case statement is not full and has no default [E:/Code/Vivado/Final Project/main/main.srcs/sources_1/new/Game_TOP.v:172]
INFO: [Synth 8-6157] synthesizing module 'engine' [E:/Code/Vivado/Final Project/main/main.srcs/sources_1/new/Game_TOP.v:331]
INFO: [Synth 8-6155] done synthesizing module 'engine' (3#1) [E:/Code/Vivado/Final Project/main/main.srcs/sources_1/new/Game_TOP.v:331]
INFO: [Synth 8-6157] synthesizing module 'counter' [E:/Code/Vivado/Final Project/main/main.srcs/sources_1/new/Game_TOP.v:340]
INFO: [Synth 8-6155] done synthesizing module 'counter' (4#1) [E:/Code/Vivado/Final Project/main/main.srcs/sources_1/new/Game_TOP.v:340]
INFO: [Synth 8-6155] done synthesizing module 'Game_TOP' (5#1) [E:/Code/Vivado/Final Project/main/main.srcs/sources_1/new/Game_TOP.v:23]
---------------------------------------------------------------------------------
Finished Synthesize : Time (s): cpu = 00:00:06 ; elapsed = 00:00:07 . Memory (MB): peak = 1024.410 ; gain = 0.000
---------------------------------------------------------------------------------
---------------------------------------------------------------------------------
Finished Constraint Validation : Time (s): cpu = 00:00:06 ; elapsed = 00:00:08 . Memory (MB): peak = 1024.410 ; gain = 0.000
---------------------------------------------------------------------------------
---------------------------------------------------------------------------------
Start Loading Part and Timing Information
---------------------------------------------------------------------------------
Loading part: xc7a35tcpg236-1
---------------------------------------------------------------------------------
Finished Loading Part and Timing Information : Time (s): cpu = 00:00:06 ; elapsed = 00:00:08 . Memory (MB): peak = 1024.410 ; gain = 0.000
