#-----------------------------------------------------------
# Vivado v2020.1 (64-bit)
# SW Build 2902540 on Wed May 27 19:54:49 MDT 2020
# IP Build 2902112 on Wed May 27 22:43:36 MDT 2020
# Start of session at: Fri Dec 18 17:41:34 2020
# Process ID: 26244
# Current directory: E:/Code/Vivado/Lab 6/Final/project_2
# Command line: vivado.exe -gui_launcher_event rodinguilauncherevent22620 E:\Code\Vivado\Lab 6\Final\project_2\project_2.xpr
# Log file: E:/Code/Vivado/Lab 6/Final/project_2/vivado.log
# Journal file: E:/Code/Vivado/Lab 6/Final/project_2\vivado.jou
#-----------------------------------------------------------
start_gui
open_project {E:/Code/Vivado/Lab 6/Final/project_2/project_2.xpr}
INFO: [Project 1-313] Project file moved from 'C:/Users/nthu-326/project_2' since last save.
CRITICAL WARNING: [Project 1-311] Could not find the file 'E:/Code/Vivado/Lab 6/Final/Downloads/slot_machine/out.coe', nor could it be found using path 'C:/Users/nthu-326/Downloads/slot_machine/out.coe'.
CRITICAL WARNING: [Project 1-311] Could not find the file 'E:/Code/Vivado/Lab 6/Final/Downloads/slot_machine/cons.xdc', nor could it be found using path 'C:/Users/nthu-326/Downloads/slot_machine/cons.xdc'.
Scanning sources...
Finished scanning sources
INFO: [IP_Flow 19-234] Refreshing IP repositories
INFO: [IP_Flow 19-1704] No user IP repositories specified
INFO: [IP_Flow 19-2313] Loaded Vivado IP repository 'D:/Vivado/Vivado/2020.1/data/ip'.
open_project: Time (s): cpu = 00:00:12 ; elapsed = 00:00:17 . Memory (MB): peak = 963.055 ; gain = 0.000
update_compile_order -fileset sources_1
close_project
open_project {E:/Code/Vivado/Lab 6/Final/car/car.xpr}
INFO: [Project 1-313] Project file moved from 'C:/Users/nthu-326/Downloads/car/car' since last save.
Scanning sources...
Finished scanning sources
INFO: [IP_Flow 19-234] Refreshing IP repositories
INFO: [IP_Flow 19-1704] No user IP repositories specified
INFO: [IP_Flow 19-2313] Loaded Vivado IP repository 'D:/Vivado/Vivado/2020.1/data/ip'.
update_compile_order -fileset sources_1
open_project {E:/Code/Vivado/Lab 6/Final/project_2/project_2.xpr}
INFO: [Project 1-313] Project file moved from 'C:/Users/nthu-326/project_2' since last save.
CRITICAL WARNING: [Project 1-311] Could not find the file 'E:/Code/Vivado/Lab 6/Final/Downloads/slot_machine/out.coe', nor could it be found using path 'C:/Users/nthu-326/Downloads/slot_machine/out.coe'.
CRITICAL WARNING: [Project 1-311] Could not find the file 'E:/Code/Vivado/Lab 6/Final/Downloads/slot_machine/cons.xdc', nor could it be found using path 'C:/Users/nthu-326/Downloads/slot_machine/cons.xdc'.
Scanning sources...
Finished scanning sources
INFO: [IP_Flow 19-234] Refreshing IP repositories
INFO: [IP_Flow 19-1704] No user IP repositories specified
INFO: [IP_Flow 19-2313] Loaded Vivado IP repository 'D:/Vivado/Vivado/2020.1/data/ip'.
update_compile_order -fileset sources_1
close_project
update_compile_order -fileset sources_1
update_compile_order -fileset sources_1
export_ip_user_files -of_objects  [get_files {{E:/Code/Vivado/Lab 6/Final/car/car.srcs/sources_1/imports/sample_code/motor.v}}] -no_script -reset -force -quiet
remove_files  {{E:/Code/Vivado/Lab 6/Final/car/car.srcs/sources_1/imports/sample_code/motor.v}}
export_ip_user_files -of_objects  [get_files {{E:/Code/Vivado/Lab 6/Final/car/car.srcs/sources_1/imports/sample_code/sonic.v}}] -no_script -reset -force -quiet
remove_files  {{E:/Code/Vivado/Lab 6/Final/car/car.srcs/sources_1/imports/sample_code/sonic.v}}
export_ip_user_files -of_objects  [get_files {{E:/Code/Vivado/Lab 6/Final/car/car.srcs/sources_1/imports/sample_code/tracker_sensor.v}}] -no_script -reset -force -quiet
remove_files  {{E:/Code/Vivado/Lab 6/Final/car/car.srcs/sources_1/imports/sample_code/tracker_sensor.v}}
exit
INFO: [Common 17-206] Exiting Vivado at Fri Dec 18 17:54:30 2020...
