Copyright 1986-2020 Xilinx, Inc. All Rights Reserved.
------------------------------------------------------------------------------------
| Tool Version : Vivado v.2020.1 (win64) Build 2902540 Wed May 27 19:54:49 MDT 2020
| Date         : Thu Dec 17 00:48:17 2020
| Host         : R326-10 running 64-bit major release  (build 9200)
| Command      : report_control_sets -verbose -file Top_control_sets_placed.rpt
| Design       : Top
| Device       : xc7a35t
------------------------------------------------------------------------------------

Control Set Information

Table of Contents
-----------------
1. Summary
2. Histogram
3. Flip-Flop Distribution
4. Detailed Control Set Information

1. Summary
----------

+----------------------------------------------------------+-------+
|                          Status                          | Count |
+----------------------------------------------------------+-------+
| Total control sets                                       |    10 |
|    Minimum number of control sets                        |    10 |
|    Addition due to synthesis replication                 |     0 |
|    Addition due to physical synthesis replication        |     0 |
| Unused register locations in slices containing registers |    48 |
+----------------------------------------------------------+-------+
* Control sets can be merged at opt_design using control_set_merge or merge_equivalent_drivers
** Run report_qor_suggestions for automated merging and remapping suggestions


2. Histogram
------------

+--------------------+-------+
|       Fanout       | Count |
+--------------------+-------+
| Total control sets |    10 |
| >= 0 to < 4        |     3 |
| >= 4 to < 6        |     0 |
| >= 6 to < 8        |     1 |
| >= 8 to < 10       |     0 |
| >= 10 to < 12      |     4 |
| >= 12 to < 14      |     0 |
| >= 14 to < 16      |     0 |
| >= 16              |     2 |
+--------------------+-------+
* Control sets can be remapped at either synth_design or opt_design


3. Flip-Flop Distribution
-------------------------

+--------------+-----------------------+------------------------+-----------------+--------------+
| Clock Enable | Synchronous Set/Reset | Asynchronous Set/Reset | Total Registers | Total Slices |
+--------------+-----------------------+------------------------+-----------------+--------------+
| No           | No                    | No                     |              36 |           15 |
| No           | No                    | Yes                    |               0 |            0 |
| No           | Yes                   | No                     |              18 |           11 |
| Yes          | No                    | No                     |               0 |            0 |
| Yes          | No                    | Yes                    |               0 |            0 |
| Yes          | Yes                   | No                     |              50 |           21 |
+--------------+-----------------------+------------------------+-----------------+--------------+


4. Detailed Control Set Information
-----------------------------------

+-----------------------------------------+------------------------+--------------------------+------------------+----------------+--------------+
|               Clock Signal              |      Enable Signal     |     Set/Reset Signal     | Slice Load Count | Bel Load Count | Bels / Slice |
+-----------------------------------------+------------------------+--------------------------+------------------+----------------+--------------+
|  SC0/down__0                            |                        |                          |                1 |              2 |         2.00 |
|  SC0/FSM_sequential_A_to_reg[1]_i_2_n_0 |                        |                          |                1 |              2 |         2.00 |
|  CD0/Q_BUFG[0]                          |                        | rst_IBUF                 |                2 |              2 |         1.00 |
|  clk_d22_BUFG                           |                        | rst_IBUF                 |                4 |              6 |         1.50 |
|  clk_d22_BUFG                           | SC0/counter[9]_i_1_n_0 | rst_IBUF                 |                4 |             10 |         2.50 |
|  CD0/Q_BUFG[0]                          |                        | VC0/pixel_cnt[9]_i_1_n_0 |                5 |             10 |         2.00 |
|  CD0/Q_BUFG[0]                          | VC0/line_cnt           | VC0/line_cnt[9]_i_1_n_0  |                4 |             10 |         2.50 |
|  CD0/Q_BUFG[0]                          |                        |                          |                7 |             11 |         1.57 |
|  clk_IBUF_BUFG                          |                        |                          |                6 |             21 |         3.50 |
|  clk_d22_BUFG                           | SC0/next_C_v_count     | rst_IBUF                 |               13 |             30 |         2.31 |
+-----------------------------------------+------------------------+--------------------------+------------------+----------------+--------------+


