Vivado Simulator 2020.1
Time resolution is 1 ps
Now a =  0, b =  0
Now a =  0, b =  1
Now a =  0, b =  2
correct
Now a =  0, b =  3
correct
Now a =  0, b =  4
correct
Now a =  0, b =  5
correct
Now a =  0, b =  6
correct
Now a =  0, b =  7
correct
Now a =  0, b =  8
correct
Now a =  0, b =  9
correct
Now a =  0, b = 10
correct
Now a =  0, b = 11
correct
Now a =  0, b = 12
correct
Now a =  0, b = 13
correct
Now a =  0, b = 14
correct
Now a =  0, b = 15
correct
Now a =  1, b =  0
Now a =  1, b =  1
Now a =  1, b =  2
Now a =  1, b =  3
correct
Now a =  1, b =  4
correct
Now a =  1, b =  5
correct
Now a =  1, b =  6
correct
Now a =  1, b =  7
correct
Now a =  1, b =  8
correct
Now a =  1, b =  9
correct
Now a =  1, b = 10
correct
Now a =  1, b = 11
correct
Now a =  1, b = 12
correct
Now a =  1, b = 13
correct
Now a =  1, b = 14
correct
Now a =  1, b = 15
correct
Now a =  2, b =  0
correct
Now a =  2, b =  1
correct
Now a =  2, b =  2
Now a =  2, b =  3
Now a =  2, b =  4
correct
Now a =  2, b =  5
correct
Now a =  2, b =  6
correct
Now a =  2, b =  7
correct
Now a =  2, b =  8
correct
Now a =  2, b =  9
correct
Now a =  2, b = 10
correct
Now a =  2, b = 11
correct
Now a =  2, b = 12
correct
Now a =  2, b = 13
correct
Now a =  2, b = 14
correct
Now a =  2, b = 15
correct
Now a =  3, b =  0
correct
Now a =  3, b =  1
correct
Now a =  3, b =  2
correct
Now a =  3, b =  3
Now a =  3, b =  4
Now a =  3, b =  5
correct
Now a =  3, b =  6
correct
Now a =  3, b =  7
correct
Now a =  3, b =  8
correct
Now a =  3, b =  9
correct
Now a =  3, b = 10
correct
Now a =  3, b = 11
correct
Now a =  3, b = 12
correct
Now a =  3, b = 13
correct
Now a =  3, b = 14
correct
Now a =  3, b = 15
correct
Now a =  4, b =  0
correct
Now a =  4, b =  1
correct
Now a =  4, b =  2
correct
Now a =  4, b =  3
correct
Now a =  4, b =  4
Now a =  4, b =  5
Now a =  4, b =  6
correct
Now a =  4, b =  7
correct
Now a =  4, b =  8
correct
Now a =  4, b =  9
correct
Now a =  4, b = 10
correct
Now a =  4, b = 11
correct
Now a =  4, b = 12
correct
Now a =  4, b = 13
correct
Now a =  4, b = 14
correct
Now a =  4, b = 15
correct
Now a =  5, b =  0
correct
Now a =  5, b =  1
correct
Now a =  5, b =  2
correct
Now a =  5, b =  3
correct
Now a =  5, b =  4
correct
Now a =  5, b =  5
Now a =  5, b =  6
Now a =  5, b =  7
correct
Now a =  5, b =  8
correct
Now a =  5, b =  9
correct
Now a =  5, b = 10
correct
Now a =  5, b = 11
correct
Now a =  5, b = 12
correct
Now a =  5, b = 13
correct
Now a =  5, b = 14
correct
Now a =  5, b = 15
correct
Now a =  6, b =  0
correct
Now a =  6, b =  1
correct
Now a =  6, b =  2
correct
Now a =  6, b =  3
correct
Now a =  6, b =  4
correct
Now a =  6, b =  5
correct
Now a =  6, b =  6
Now a =  6, b =  7
Now a =  6, b =  8
correct
Now a =  6, b =  9
correct
Now a =  6, b = 10
correct
Now a =  6, b = 11
correct
Now a =  6, b = 12
correct
Now a =  6, b = 13
correct
Now a =  6, b = 14
correct
Now a =  6, b = 15
correct
Now a =  7, b =  0
correct
Now a =  7, b =  1
correct
Now a =  7, b =  2
correct
Now a =  7, b =  3
correct
Now a =  7, b =  4
correct
Now a =  7, b =  5
correct
Now a =  7, b =  6
correct
Now a =  7, b =  7
Now a =  7, b =  8
Now a =  7, b =  9
correct
Now a =  7, b = 10
correct
Now a =  7, b = 11
correct
Now a =  7, b = 12
correct
Now a =  7, b = 13
correct
Now a =  7, b = 14
correct
Now a =  7, b = 15
correct
Now a =  8, b =  0
correct
Now a =  8, b =  1
correct
Now a =  8, b =  2
correct
Now a =  8, b =  3
correct
Now a =  8, b =  4
correct
Now a =  8, b =  5
correct
Now a =  8, b =  6
correct
Now a =  8, b =  7
correct
Now a =  8, b =  8
Now a =  8, b =  9
Now a =  8, b = 10
correct
Now a =  8, b = 11
correct
Now a =  8, b = 12
correct
Now a =  8, b = 13
correct
Now a =  8, b = 14
correct
Now a =  8, b = 15
correct
Now a =  9, b =  0
correct
Now a =  9, b =  1
correct
Now a =  9, b =  2
correct
Now a =  9, b =  3
correct
Now a =  9, b =  4
correct
Now a =  9, b =  5
correct
Now a =  9, b =  6
correct
Now a =  9, b =  7
correct
Now a =  9, b =  8
correct
Now a =  9, b =  9
Now a =  9, b = 10
Now a =  9, b = 11
correct
Now a =  9, b = 12
correct
Now a =  9, b = 13
correct
Now a =  9, b = 14
correct
Now a =  9, b = 15
correct
Now a = 10, b =  0
correct
Now a = 10, b =  1
correct
Now a = 10, b =  2
correct
Now a = 10, b =  3
correct
Now a = 10, b =  4
correct
Now a = 10, b =  5
correct
Now a = 10, b =  6
correct
Now a = 10, b =  7
correct
Now a = 10, b =  8
correct
Now a = 10, b =  9
correct
Now a = 10, b = 10
Now a = 10, b = 11
Now a = 10, b = 12
correct
Now a = 10, b = 13
correct
Now a = 10, b = 14
correct
Now a = 10, b = 15
correct
Now a = 11, b =  0
correct
Now a = 11, b =  1
correct
Now a = 11, b =  2
correct
Now a = 11, b =  3
correct
Now a = 11, b =  4
correct
Now a = 11, b =  5
correct
Now a = 11, b =  6
correct
Now a = 11, b =  7
correct
Now a = 11, b =  8
correct
Now a = 11, b =  9
correct
Now a = 11, b = 10
correct
Now a = 11, b = 11
Now a = 11, b = 12
Now a = 11, b = 13
correct
Now a = 11, b = 14
correct
Now a = 11, b = 15
correct
Now a = 12, b =  0
correct
Now a = 12, b =  1
correct
Now a = 12, b =  2
correct
Now a = 12, b =  3
correct
Now a = 12, b =  4
correct
Now a = 12, b =  5
correct
Now a = 12, b =  6
correct
Now a = 12, b =  7
correct
Now a = 12, b =  8
correct
Now a = 12, b =  9
correct
Now a = 12, b = 10
correct
Now a = 12, b = 11
correct
Now a = 12, b = 12
Now a = 12, b = 13
Now a = 12, b = 14
correct
Now a = 12, b = 15
correct
Now a = 13, b =  0
correct
Now a = 13, b =  1
correct
Now a = 13, b =  2
correct
Now a = 13, b =  3
correct
Now a = 13, b =  4
correct
Now a = 13, b =  5
correct
Now a = 13, b =  6
correct
Now a = 13, b =  7
correct
Now a = 13, b =  8
correct
Now a = 13, b =  9
correct
Now a = 13, b = 10
correct
Now a = 13, b = 11
correct
Now a = 13, b = 12
correct
Now a = 13, b = 13
Now a = 13, b = 14
Now a = 13, b = 15
correct
Now a = 14, b =  0
correct
Now a = 14, b =  1
correct
Now a = 14, b =  2
correct
Now a = 14, b =  3
correct
Now a = 14, b =  4
correct
Now a = 14, b =  5
correct
Now a = 14, b =  6
correct
Now a = 14, b =  7
correct
Now a = 14, b =  8
correct
Now a = 14, b =  9
correct
Now a = 14, b = 10
correct
Now a = 14, b = 11
correct
Now a = 14, b = 12
correct
Now a = 14, b = 13
correct
Now a = 14, b = 14
Now a = 14, b = 15
Now a = 15, b =  0
correct
Now a = 15, b =  1
correct
Now a = 15, b =  2
correct
Now a = 15, b =  3
correct
Now a = 15, b =  4
correct
Now a = 15, b =  5
correct
Now a = 15, b =  6
correct
Now a = 15, b =  7
correct
Now a = 15, b =  8
correct
Now a = 15, b =  9
correct
Now a = 15, b = 10
correct
Now a = 15, b = 11
correct
Now a = 15, b = 12
correct
Now a = 15, b = 13
correct
Now a = 15, b = 14
correct
Now a = 15, b = 15
$finish called at time : 273 ns : File "E:/Code/Vivado/Lab 1/Comparator_4bits/Comparator_4bits.srcs/sources_1/new/Lab1_TeamX_Comparator_4bits_t.v" Line 30
