Copyright 1986-2020 Xilinx, Inc. All Rights Reserved.
------------------------------------------------------------------------------------------------------------------------------------------------------------------
| Tool Version : Vivado v.2020.1 (win64) Build 2902540 Wed May 27 19:54:49 MDT 2020
| Date         : Tue Nov 10 14:06:35 2020
| Host         : Ori-PC running 64-bit major release  (build 9200)
| Command      : report_drc -file Lab4_Team3_Stopwatch_fpga_drc_opted.rpt -pb Lab4_Team3_Stopwatch_fpga_drc_opted.pb -rpx Lab4_Team3_Stopwatch_fpga_drc_opted.rpx
| Design       : Lab4_Team3_Stopwatch_fpga
| Device       : xc7a35tcpg236-1
| Speed File   : -1
| Design State : Synthesized
------------------------------------------------------------------------------------------------------------------------------------------------------------------

Report DRC

Table of Contents
-----------------
1. REPORT SUMMARY
2. REPORT DETAILS

1. REPORT SUMMARY
-----------------
            Netlist: netlist
          Floorplan: design_1
      Design limits: <entire design considered>
           Ruledeck: default
             Max violations: <unlimited>
             Violations found: 3
+-------------+----------+-------------------------------------------------------------+------------+
| Rule        | Severity | Description                                                 | Violations |
+-------------+----------+-------------------------------------------------------------+------------+
| CFGBVS-1    | Warning  | Missing CFGBVS and CONFIG_VOLTAGE Design Properties         | 1          |
| PLHOLDVIO-2 | Warning  | Non-Optimal connections which could lead to hold violations | 2          |
+-------------+----------+-------------------------------------------------------------+------------+

2. REPORT DETAILS
-----------------
CFGBVS-1#1 Warning
Missing CFGBVS and CONFIG_VOLTAGE Design Properties  
Neither the CFGBVS nor CONFIG_VOLTAGE voltage property is set in the current_design.  Configuration bank voltage select (CFGBVS) must be set to VCCO or GND, and CONFIG_VOLTAGE must be set to the correct configuration voltage, in order to determine the I/O voltage support for the pins in bank 0.  It is suggested to specify these either using the 'Edit Device Properties' function in the GUI or directly in the XDC file using the following syntax:

 set_property CFGBVS value1 [current_design]
 #where value1 is either VCCO or GND

 set_property CONFIG_VOLTAGE value2 [current_design]
 #where value2 is the voltage provided to configuration bank 0

Refer to the device configuration user guide for more information.
Related violations: <none>

PLHOLDVIO-2#1 Warning
Non-Optimal connections which could lead to hold violations  
A LUT d1/display[7]_i_1 is driving clock pin of 12 cells. This could lead to large hold time violations. Involved cells are:
display_reg[0], display_reg[1], display_reg[2], display_reg[3],
display_reg[4], display_reg[5], display_reg[6], display_reg[7], led_reg[0],
led_reg[1], led_reg[2], led_reg[3]
Related violations: <none>

PLHOLDVIO-2#2 Warning
Non-Optimal connections which could lead to hold violations  
A LUT d2/FSM_sequential_state[1]_i_1 is driving clock pin of 22 cells. This could lead to large hold time violations. Involved cells are:
FSM_sequential_state_reg[0], FSM_sequential_state_reg[1], dsec_reg[0],
dsec_reg[1], dsec_reg[2], dsec_reg[3], min_reg[0], min_reg[1], min_reg[2],
min_reg[3], oprst/delay_reg, oprst/out_reg, optri/delay_reg, optri/out_reg,
sec_reg[0] (the first 15 of 22 listed)
Related violations: <none>


