
*** Running vivado
    with args -log Top.vds -m64 -product Vivado -mode batch -messageDb vivado.pb -notrace -source Top.tcl



****** Vivado v2020.1 (64-bit)
  **** SW Build 2902540 on Wed May 27 19:54:49 MDT 2020
  **** IP Build 2902112 on Wed May 27 22:43:36 MDT 2020
    ** Copyright 1986-2020 Xilinx, Inc. All Rights Reserved.

source Top.tcl -notrace
Command: synth_design -top Top -part xc7a35tcpg236-1
Starting synth_design
Attempting to get a license for feature 'Synthesis' and/or device 'xc7a35t'
INFO: [Common 17-349] Got license for feature 'Synthesis' and/or device 'xc7a35t'
INFO: [Device 21-403] Loading part xc7a35tcpg236-1
INFO: [Synth 8-7079] Multithreading enabled for synth_design using a maximum of 2 processes.
INFO: [Synth 8-7078] Launching helper process for spawning children vivado processes
INFO: [Synth 8-7075] Helper process launched with PID 4656
WARNING: [Synth 8-2611] redeclaration of ansi port motor is not allowed [C:/Users/nthu-326/Downloads/car/car/car.srcs/sources_1/imports/sample_code/top.v:15]
WARNING: [Synth 8-2611] redeclaration of ansi port stop is not allowed [C:/Users/nthu-326/Downloads/car/car/car.srcs/sources_1/imports/sample_code/top.v:19]
---------------------------------------------------------------------------------
Starting RTL Elaboration : Time (s): cpu = 00:00:03 ; elapsed = 00:00:04 . Memory (MB): peak = 1011.742 ; gain = 0.000
---------------------------------------------------------------------------------
INFO: [Synth 8-6157] synthesizing module 'Top' [C:/Users/nthu-326/Downloads/car/car/car.srcs/sources_1/imports/sample_code/top.v:1]
INFO: [Synth 8-6157] synthesizing module 'debounce' [C:/Users/nthu-326/Downloads/car/car/car.srcs/sources_1/imports/sample_code/top.v:112]
INFO: [Synth 8-6155] done synthesizing module 'debounce' (1#1) [C:/Users/nthu-326/Downloads/car/car/car.srcs/sources_1/imports/sample_code/top.v:112]
INFO: [Synth 8-6157] synthesizing module 'onepulse' [C:/Users/nthu-326/Downloads/car/car/car.srcs/sources_1/imports/sample_code/top.v:125]
INFO: [Synth 8-6155] done synthesizing module 'onepulse' (2#1) [C:/Users/nthu-326/Downloads/car/car/car.srcs/sources_1/imports/sample_code/top.v:125]
INFO: [Synth 8-6157] synthesizing module 'motor' [C:/Users/nthu-326/Downloads/car/car/car.srcs/sources_1/imports/sample_code/motor.v:1]
INFO: [Synth 8-6157] synthesizing module 'motor_pwm' [C:/Users/nthu-326/Downloads/car/car/car.srcs/sources_1/imports/sample_code/motor.v:71]
INFO: [Synth 8-6157] synthesizing module 'PWM_gen' [C:/Users/nthu-326/Downloads/car/car/car.srcs/sources_1/imports/sample_code/motor.v:89]
INFO: [Synth 8-6155] done synthesizing module 'PWM_gen' (3#1) [C:/Users/nthu-326/Downloads/car/car/car.srcs/sources_1/imports/sample_code/motor.v:89]
INFO: [Synth 8-6155] done synthesizing module 'motor_pwm' (4#1) [C:/Users/nthu-326/Downloads/car/car/car.srcs/sources_1/imports/sample_code/motor.v:71]
INFO: [Synth 8-155] case statement is not full and has no default [C:/Users/nthu-326/Downloads/car/car/car.srcs/sources_1/imports/sample_code/motor.v:28]
INFO: [Synth 8-6155] done synthesizing module 'motor' (5#1) [C:/Users/nthu-326/Downloads/car/car/car.srcs/sources_1/imports/sample_code/motor.v:1]
INFO: [Synth 8-6157] synthesizing module 'sonic_top' [C:/Users/nthu-326/Downloads/car/car/car.srcs/sources_1/imports/sample_code/sonic.v:1]
INFO: [Synth 8-6157] synthesizing module 'div' [C:/Users/nthu-326/Downloads/car/car/car.srcs/sources_1/imports/sample_code/sonic.v:107]
INFO: [Synth 8-6155] done synthesizing module 'div' (6#1) [C:/Users/nthu-326/Downloads/car/car/car.srcs/sources_1/imports/sample_code/sonic.v:107]
INFO: [Synth 8-6157] synthesizing module 'TrigSignal' [C:/Users/nthu-326/Downloads/car/car/car.srcs/sources_1/imports/sample_code/sonic.v:77]
INFO: [Synth 8-6155] done synthesizing module 'TrigSignal' (7#1) [C:/Users/nthu-326/Downloads/car/car/car.srcs/sources_1/imports/sample_code/sonic.v:77]
INFO: [Synth 8-6157] synthesizing module 'PosCounter' [C:/Users/nthu-326/Downloads/car/car/car.srcs/sources_1/imports/sample_code/sonic.v:21]
	Parameter S0 bound to: 2'b00 
	Parameter S1 bound to: 2'b01 
	Parameter S2 bound to: 2'b10 
INFO: [Synth 8-155] case statement is not full and has no default [C:/Users/nthu-326/Downloads/car/car/car.srcs/sources_1/imports/sample_code/sonic.v:46]
INFO: [Synth 8-155] case statement is not full and has no default [C:/Users/nthu-326/Downloads/car/car/car.srcs/sources_1/imports/sample_code/sonic.v:65]
INFO: [Synth 8-6155] done synthesizing module 'PosCounter' (8#1) [C:/Users/nthu-326/Downloads/car/car/car.srcs/sources_1/imports/sample_code/sonic.v:21]
INFO: [Synth 8-6155] done synthesizing module 'sonic_top' (9#1) [C:/Users/nthu-326/Downloads/car/car/car.srcs/sources_1/imports/sample_code/sonic.v:1]
INFO: [Synth 8-6157] synthesizing module 'tracker_sensor' [C:/Users/nthu-326/Downloads/car/car/car.srcs/sources_1/imports/sample_code/tracker_sensor.v:2]
	Parameter Straight bound to: 3'b000 
	Parameter LLLLEFT bound to: 3'b010 
	Parameter LEFT bound to: 3'b011 
	Parameter RIGHT bound to: 3'b100 
	Parameter RRRRIGHT bound to: 3'b101 
	Parameter TURN bound to: 3'b110 
INFO: [Synth 8-6155] done synthesizing module 'tracker_sensor' (10#1) [C:/Users/nthu-326/Downloads/car/car/car.srcs/sources_1/imports/sample_code/tracker_sensor.v:2]
INFO: [Synth 8-6155] done synthesizing module 'Top' (11#1) [C:/Users/nthu-326/Downloads/car/car/car.srcs/sources_1/imports/sample_code/top.v:1]
---------------------------------------------------------------------------------
Finished RTL Elaboration : Time (s): cpu = 00:00:04 ; elapsed = 00:00:05 . Memory (MB): peak = 1011.742 ; gain = 0.000
---------------------------------------------------------------------------------
---------------------------------------------------------------------------------
Start Handling Custom Attributes
---------------------------------------------------------------------------------
---------------------------------------------------------------------------------
Finished Handling Custom Attributes : Time (s): cpu = 00:00:04 ; elapsed = 00:00:05 . Memory (MB): peak = 1011.742 ; gain = 0.000
---------------------------------------------------------------------------------
---------------------------------------------------------------------------------
Finished RTL Optimization Phase 1 : Time (s): cpu = 00:00:04 ; elapsed = 00:00:05 . Memory (MB): peak = 1011.742 ; gain = 0.000
---------------------------------------------------------------------------------
Netlist sorting complete. Time (s): cpu = 00:00:00 ; elapsed = 00:00:00.006 . Memory (MB): peak = 1011.742 ; gain = 0.000
INFO: [Project 1-570] Preparing netlist for logic optimization

Processing XDC Constraints
Initializing timing engine
Parsing XDC File [C:/Users/nthu-326/Downloads/car/car/car.srcs/constrs_1/new/yccc.xdc]
Finished Parsing XDC File [C:/Users/nthu-326/Downloads/car/car/car.srcs/constrs_1/new/yccc.xdc]
INFO: [Project 1-236] Implementation specific constraints were found while reading constraint file [C:/Users/nthu-326/Downloads/car/car/car.srcs/constrs_1/new/yccc.xdc]. These constraints will be ignored for synthesis but will be used in implementation. Impacted constraints are listed in the file [.Xil/Top_propImpl.xdc].
Resolution: To avoid this warning, move constraints listed in [.Xil/Top_propImpl.xdc] to another XDC file and exclude this new file from synthesis with the used_in_synthesis property (File Properties dialog in GUI) and re-run elaboration/synthesis.
Completed Processing XDC Constraints

Netlist sorting complete. Time (s): cpu = 00:00:00 ; elapsed = 00:00:00 . Memory (MB): peak = 1054.066 ; gain = 0.000
INFO: [Project 1-111] Unisim Transformation Summary:
No Unisim elements were transformed.

Constraint Validation Runtime : Time (s): cpu = 00:00:00 ; elapsed = 00:00:00.007 . Memory (MB): peak = 1054.066 ; gain = 0.000
---------------------------------------------------------------------------------
Finished Constraint Validation : Time (s): cpu = 00:00:10 ; elapsed = 00:00:11 . Memory (MB): peak = 1054.066 ; gain = 42.324
---------------------------------------------------------------------------------
---------------------------------------------------------------------------------
Start Loading Part and Timing Information
---------------------------------------------------------------------------------
Loading part: xc7a35tcpg236-1
---------------------------------------------------------------------------------
Finished Loading Part and Timing Information : Time (s): cpu = 00:00:10 ; elapsed = 00:00:11 . Memory (MB): peak = 1054.066 ; gain = 42.324
---------------------------------------------------------------------------------
---------------------------------------------------------------------------------
Start Applying 'set_property' XDC Constraints
---------------------------------------------------------------------------------
---------------------------------------------------------------------------------
Finished applying 'set_property' XDC Constraints : Time (s): cpu = 00:00:10 ; elapsed = 00:00:11 . Memory (MB): peak = 1054.066 ; gain = 42.324
---------------------------------------------------------------------------------
INFO: [Synth 8-802] inferred FSM for state register 'curr_state_reg' in module 'PosCounter'
WARNING: [Synth 8-327] inferring latch for variable 'next_right_motor_reg' [C:/Users/nthu-326/Downloads/car/car/car.srcs/sources_1/imports/sample_code/motor.v:32]
WARNING: [Synth 8-327] inferring latch for variable 'next_left_motor_reg' [C:/Users/nthu-326/Downloads/car/car/car.srcs/sources_1/imports/sample_code/motor.v:31]
WARNING: [Synth 8-327] inferring latch for variable 'FSM_sequential_next_state_reg' [C:/Users/nthu-326/Downloads/car/car/car.srcs/sources_1/imports/sample_code/sonic.v:66]
WARNING: [Synth 8-327] inferring latch for variable 'FSM_onehot_next_state_reg' [C:/Users/nthu-326/Downloads/car/car/car.srcs/sources_1/imports/sample_code/sonic.v:66]
---------------------------------------------------------------------------------------------------
                   State |                     New Encoding |                Previous Encoding 
---------------------------------------------------------------------------------------------------
                      S0 |                              001 |                               00
                      S1 |                              010 |                               01
                      S2 |                              100 |                               10
---------------------------------------------------------------------------------------------------
INFO: [Synth 8-3354] encoded FSM with state register 'curr_state_reg' using encoding 'one-hot' in module 'PosCounter'
WARNING: [Synth 8-327] inferring latch for variable 'FSM_onehot_next_state_reg' [C:/Users/nthu-326/Downloads/car/car/car.srcs/sources_1/imports/sample_code/sonic.v:66]
---------------------------------------------------------------------------------
Finished RTL Optimization Phase 2 : Time (s): cpu = 00:00:10 ; elapsed = 00:00:11 . Memory (MB): peak = 1054.066 ; gain = 42.324
---------------------------------------------------------------------------------
---------------------------------------------------------------------------------
Start RTL Component Statistics 
---------------------------------------------------------------------------------
Detailed RTL Component Info : 
+---Adders : 
	   2 Input   24 Bit       Adders := 1     
	   2 Input   20 Bit       Adders := 1     
	   2 Input    7 Bit       Adders := 2     
+---Registers : 
	               24 Bit    Registers := 1     
	               20 Bit    Registers := 2     
	               10 Bit    Registers := 2     
	                7 Bit    Registers := 1     
	                5 Bit    Registers := 1     
	                1 Bit    Registers := 9     
+---Muxes : 
	   3 Input   24 Bit        Muxes := 1     
	   3 Input   20 Bit        Muxes := 1     
	   9 Input   10 Bit        Muxes := 2     
	   8 Input    8 Bit        Muxes := 1     
	   2 Input    7 Bit        Muxes := 2     
	   8 Input    4 Bit        Muxes := 1     
	   7 Input    3 Bit        Muxes := 1     
	   2 Input    3 Bit        Muxes := 1     
	   2 Input    2 Bit        Muxes := 2     
	   8 Input    1 Bit        Muxes := 1     
	   2 Input    1 Bit        Muxes := 4     
	   3 Input    1 Bit        Muxes := 5     
	   5 Input    1 Bit        Muxes := 1     
---------------------------------------------------------------------------------
Finished RTL Component Statistics 
---------------------------------------------------------------------------------
---------------------------------------------------------------------------------
Start Part Resource Summary
---------------------------------------------------------------------------------
Part Resources:
DSPs: 90 (col length:60)
BRAMs: 100 (col length: RAMB18 60 RAMB36 30)
---------------------------------------------------------------------------------
Finished Part Resource Summary
---------------------------------------------------------------------------------
---------------------------------------------------------------------------------
Start Cross Boundary and Area Optimization
---------------------------------------------------------------------------------
DSP Report: Generating DSP pwm_0/count_duty0, operation Mode is: A*B.
DSP Report: operator pwm_0/count_duty0 is absorbed into DSP pwm_0/count_duty0.
DSP Report: operator pwm_0/count_duty0 is absorbed into DSP pwm_0/count_duty0.
DSP Report: Generating DSP pwm_0/count_duty0, operation Mode is: (A:0xfa0)*B.
DSP Report: operator pwm_0/count_duty0 is absorbed into DSP pwm_0/count_duty0.
DSP Report: operator pwm_0/count_duty0 is absorbed into DSP pwm_0/count_duty0.
DSP Report: Generating DSP B/u2/distance_count0, operation Mode is: A''*(B:0x64).
DSP Report: register B/u2/count_reg is absorbed into DSP B/u2/distance_count0.
DSP Report: register B/u2/distance_register_reg is absorbed into DSP B/u2/distance_count0.
DSP Report: operator B/u2/distance_count0 is absorbed into DSP B/u2/distance_count0.
---------------------------------------------------------------------------------
Finished Cross Boundary and Area Optimization : Time (s): cpu = 00:00:13 ; elapsed = 00:00:14 . Memory (MB): peak = 1054.066 ; gain = 42.324
---------------------------------------------------------------------------------
---------------------------------------------------------------------------------
Start ROM, RAM, DSP and Shift Register Reporting
---------------------------------------------------------------------------------

DSP: Preliminary Mapping	Report (see note below)
+------------+--------------+--------+--------+--------+--------+--------+------+------+------+------+-------+------+------+
|Module Name | DSP Mapping  | A Size | B Size | C Size | D Size | P Size | AREG | BREG | CREG | DREG | ADREG | MREG | PREG | 
+------------+--------------+--------+--------+--------+--------+--------+------+------+------+------+-------+------+------+
|PWM_gen     | A*B          | 14     | 11     | -      | -      | 48     | 0    | 0    | -    | -    | -     | 0    | 0    | 
|PWM_gen     | (A:0xfa0)*B  | 11     | 13     | -      | -      | 32     | 0    | 0    | -    | -    | -     | 0    | 0    | 
|Top         | A''*(B:0x64) | 20     | 7      | -      | -      | 27     | 2    | 0    | -    | -    | -     | 0    | 0    | 
+------------+--------------+--------+--------+--------+--------+--------+------+------+------+------+-------+------+------+

Note: The table above is a preliminary report that shows the DSPs inferred at the current stage of the synthesis flow. Some DSP may be reimplemented as non DSP primitives later in the synthesis flow. Multiple instantiated DSPs are reported only once.
---------------------------------------------------------------------------------
Finished ROM, RAM, DSP and Shift Register Reporting
---------------------------------------------------------------------------------
---------------------------------------------------------------------------------
Start Applying XDC Timing Constraints
---------------------------------------------------------------------------------
---------------------------------------------------------------------------------
Finished Applying XDC Timing Constraints : Time (s): cpu = 00:00:22 ; elapsed = 00:00:23 . Memory (MB): peak = 1066.246 ; gain = 54.504
---------------------------------------------------------------------------------
---------------------------------------------------------------------------------
Start Timing Optimization
---------------------------------------------------------------------------------
---------------------------------------------------------------------------------
Finished Timing Optimization : Time (s): cpu = 00:00:22 ; elapsed = 00:00:23 . Memory (MB): peak = 1066.840 ; gain = 55.098
---------------------------------------------------------------------------------
---------------------------------------------------------------------------------
Start Technology Mapping
---------------------------------------------------------------------------------
---------------------------------------------------------------------------------
Finished Technology Mapping : Time (s): cpu = 00:00:22 ; elapsed = 00:00:23 . Memory (MB): peak = 1095.434 ; gain = 83.691
---------------------------------------------------------------------------------
---------------------------------------------------------------------------------
Start IO Insertion
---------------------------------------------------------------------------------
---------------------------------------------------------------------------------
Start Flattening Before IO Insertion
---------------------------------------------------------------------------------
---------------------------------------------------------------------------------
Finished Flattening Before IO Insertion
---------------------------------------------------------------------------------
---------------------------------------------------------------------------------
Start Final Netlist Cleanup
---------------------------------------------------------------------------------
---------------------------------------------------------------------------------
Finished Final Netlist Cleanup
---------------------------------------------------------------------------------
---------------------------------------------------------------------------------
Finished IO Insertion : Time (s): cpu = 00:00:25 ; elapsed = 00:00:26 . Memory (MB): peak = 1095.484 ; gain = 83.742
---------------------------------------------------------------------------------
---------------------------------------------------------------------------------
Start Renaming Generated Instances
---------------------------------------------------------------------------------
---------------------------------------------------------------------------------
Finished Renaming Generated Instances : Time (s): cpu = 00:00:25 ; elapsed = 00:00:26 . Memory (MB): peak = 1095.484 ; gain = 83.742
---------------------------------------------------------------------------------
---------------------------------------------------------------------------------
Start Rebuilding User Hierarchy
---------------------------------------------------------------------------------
---------------------------------------------------------------------------------
Finished Rebuilding User Hierarchy : Time (s): cpu = 00:00:25 ; elapsed = 00:00:26 . Memory (MB): peak = 1095.484 ; gain = 83.742
---------------------------------------------------------------------------------
---------------------------------------------------------------------------------
Start Renaming Generated Ports
---------------------------------------------------------------------------------
---------------------------------------------------------------------------------
Finished Renaming Generated Ports : Time (s): cpu = 00:00:25 ; elapsed = 00:00:26 . Memory (MB): peak = 1095.484 ; gain = 83.742
---------------------------------------------------------------------------------
---------------------------------------------------------------------------------
Start Handling Custom Attributes
---------------------------------------------------------------------------------
---------------------------------------------------------------------------------
Finished Handling Custom Attributes : Time (s): cpu = 00:00:25 ; elapsed = 00:00:26 . Memory (MB): peak = 1095.484 ; gain = 83.742
---------------------------------------------------------------------------------
---------------------------------------------------------------------------------
Start Renaming Generated Nets
---------------------------------------------------------------------------------
---------------------------------------------------------------------------------
Finished Renaming Generated Nets : Time (s): cpu = 00:00:25 ; elapsed = 00:00:26 . Memory (MB): peak = 1095.484 ; gain = 83.742
---------------------------------------------------------------------------------
---------------------------------------------------------------------------------
Start Writing Synthesis Report
---------------------------------------------------------------------------------

Report BlackBoxes: 
+-+--------------+----------+
| |BlackBox name |Instances |
+-+--------------+----------+
+-+--------------+----------+

Report Cell Usage: 
+------+--------+------+
|      |Cell    |Count |
+------+--------+------+
|1     |BUFG    |     1|
|2     |CARRY4  |    88|
|3     |DSP48E1 |     3|
|5     |LUT1    |    11|
|6     |LUT2    |   122|
|7     |LUT3    |   150|
|8     |LUT4    |   197|
|9     |LUT5    |    58|
|10    |LUT6    |    79|
|11    |MUXF7   |     1|
|12    |FDCE    |    53|
|13    |FDRE    |    34|
|14    |LD      |     3|
|15    |IBUF    |     6|
|16    |OBUF    |    20|
+------+--------+------+
---------------------------------------------------------------------------------
Finished Writing Synthesis Report : Time (s): cpu = 00:00:25 ; elapsed = 00:00:26 . Memory (MB): peak = 1095.484 ; gain = 83.742
---------------------------------------------------------------------------------
Synthesis finished with 0 errors, 0 critical warnings and 5 warnings.
Synthesis Optimization Runtime : Time (s): cpu = 00:00:19 ; elapsed = 00:00:25 . Memory (MB): peak = 1095.484 ; gain = 41.418
Synthesis Optimization Complete : Time (s): cpu = 00:00:25 ; elapsed = 00:00:27 . Memory (MB): peak = 1095.484 ; gain = 83.742
INFO: [Project 1-571] Translating synthesized netlist
Netlist sorting complete. Time (s): cpu = 00:00:00 ; elapsed = 00:00:00.009 . Memory (MB): peak = 1107.551 ; gain = 0.000
INFO: [Netlist 29-17] Analyzing 95 Unisim elements for replacement
INFO: [Netlist 29-28] Unisim Transformation completed in 0 CPU seconds
INFO: [Project 1-570] Preparing netlist for logic optimization
INFO: [Opt 31-138] Pushed 0 inverter(s) to 0 load pin(s).
Netlist sorting complete. Time (s): cpu = 00:00:00 ; elapsed = 00:00:00 . Memory (MB): peak = 1107.551 ; gain = 0.000
INFO: [Project 1-111] Unisim Transformation Summary:
  A total of 3 instances were transformed.
  LD => LDCE: 3 instances

INFO: [Common 17-83] Releasing license: Synthesis
42 Infos, 7 Warnings, 0 Critical Warnings and 0 Errors encountered.
synth_design completed successfully
synth_design: Time (s): cpu = 00:00:30 ; elapsed = 00:00:37 . Memory (MB): peak = 1107.551 ; gain = 95.809
INFO: [Common 17-1381] The checkpoint 'C:/Users/nthu-326/Downloads/car/car/car.runs/synth_1/Top.dcp' has been generated.
INFO: [runtcl-4] Executing : report_utilization -file Top_utilization_synth.rpt -pb Top_utilization_synth.pb
INFO: [Common 17-206] Exiting Vivado at Thu Dec 17 00:31:59 2020...
