Copyright 1986-2020 Xilinx, Inc. All Rights Reserved.
----------------------------------------------------------------------------------------------------------------------------------------------
| Tool Version     : Vivado v.2020.1 (win64) Build 2902540 Wed May 27 19:54:49 MDT 2020
| Date             : Thu Jan 14 12:14:05 2021
| Host             : MSI running 64-bit major release  (build 9200)
| Command          : report_power -file Game_TOP_power_routed.rpt -pb Game_TOP_power_summary_routed.pb -rpx Game_TOP_power_routed.rpx
| Design           : Game_TOP
| Device           : xc7a35tcpg236-1
| Design State     : routed
| Grade            : commercial
| Process          : typical
| Characterization : Production
----------------------------------------------------------------------------------------------------------------------------------------------

Power Report

Table of Contents
-----------------
1. Summary
1.1 On-Chip Components
1.2 Power Supply Summary
1.3 Confidence Level
2. Settings
2.1 Environment
2.2 Clock Constraints
3. Detailed Reports
3.1 By Hierarchy

1. Summary
----------

+--------------------------+-----------------------------------+
| Total On-Chip Power (W)  | 110.228 (Junction temp exceeded!) |
| Design Power Budget (W)  | Unspecified*                      |
| Power Budget Margin (W)  | NA                                |
| Dynamic (W)              | 109.742                           |
| Device Static (W)        | 0.486                             |
| Effective TJA (C/W)      | 5.0                               |
| Max Ambient (C)          | 0.0                               |
| Junction Temperature (C) | 125.0                             |
| Confidence Level         | Low                               |
| Setting File             | ---                               |
| Simulation Activity File | ---                               |
| Design Nets Matched      | NA                                |
+--------------------------+-----------------------------------+
* Specify Design Power Budget using, set_operating_conditions -design_power_budget <value in Watts>


1.1 On-Chip Components
----------------------

+----------------+-----------+----------+-----------+-----------------+
| On-Chip        | Power (W) | Used     | Available | Utilization (%) |
+----------------+-----------+----------+-----------+-----------------+
| Slice Logic    |    17.723 |    27416 |       --- |             --- |
|   LUT as Logic |    11.402 |     4795 |     20800 |           23.05 |
|   Register     |     6.250 |    22388 |     41600 |           53.82 |
|   CARRY4       |     0.065 |       54 |      8150 |            0.66 |
|   BUFG         |     0.006 |        1 |        32 |            3.13 |
|   Others       |     0.000 |       76 |       --- |             --- |
| Signals        |    48.461 |    27131 |       --- |             --- |
| DSPs           |     0.067 |        1 |        90 |            1.11 |
| I/O            |    43.491 |       65 |       106 |           61.32 |
| Static Power   |     0.486 |          |           |                 |
| Total          |   110.228 |          |           |                 |
+----------------+-----------+----------+-----------+-----------------+


1.2 Power Supply Summary
------------------------

+-----------+-------------+-----------+-------------+------------+-------------+-------------+------------+
| Source    | Voltage (V) | Total (A) | Dynamic (A) | Static (A) | Powerup (A) | Budget (A)  | Margin (A) |
+-----------+-------------+-----------+-------------+------------+-------------+-------------+------------+
| Vccint    |       1.000 |    66.667 |      66.327 |      0.341 |       NA    | Unspecified | NA         |
| Vccaux    |       1.800 |     1.644 |       1.591 |      0.053 |       NA    | Unspecified | NA         |
| Vcco33    |       3.300 |    12.289 |      12.288 |      0.001 |       NA    | Unspecified | NA         |
| Vcco25    |       2.500 |     0.000 |       0.000 |      0.000 |       NA    | Unspecified | NA         |
| Vcco18    |       1.800 |     0.000 |       0.000 |      0.000 |       NA    | Unspecified | NA         |
| Vcco15    |       1.500 |     0.000 |       0.000 |      0.000 |       NA    | Unspecified | NA         |
| Vcco135   |       1.350 |     0.000 |       0.000 |      0.000 |       NA    | Unspecified | NA         |
| Vcco12    |       1.200 |     0.000 |       0.000 |      0.000 |       NA    | Unspecified | NA         |
| Vccaux_io |       1.800 |     0.000 |       0.000 |      0.000 |       NA    | Unspecified | NA         |
| Vccbram   |       1.000 |     0.010 |       0.000 |      0.010 |       NA    | Unspecified | NA         |
| MGTAVcc   |       1.000 |     0.000 |       0.000 |      0.000 |       NA    | Unspecified | NA         |
| MGTAVtt   |       1.200 |     0.000 |       0.000 |      0.000 |       NA    | Unspecified | NA         |
| Vccadc    |       1.800 |     0.020 |       0.000 |      0.020 |       NA    | Unspecified | NA         |
+-----------+-------------+-----------+-------------+------------+-------------+-------------+------------+


1.3 Confidence Level
--------------------

+-----------------------------+------------+--------------------------------------------------------+--------------------------------------------------------------------------------------------------------------------+
| User Input Data             | Confidence | Details                                                | Action                                                                                                             |
+-----------------------------+------------+--------------------------------------------------------+--------------------------------------------------------------------------------------------------------------------+
| Design implementation state | High       | Design is routed                                       |                                                                                                                    |
| Clock nodes activity        | Low        | User specified less than 75% of clocks                 | Provide missing clock activity with a constraint file, simulation results or by editing the "By Clock Domain" view |
| I/O nodes activity          | Low        | More than 75% of inputs are missing user specification | Provide missing input activity with simulation results or by editing the "By Resource Type -> I/Os" view           |
| Internal nodes activity     | Medium     | User specified less than 25% of internal nodes         | Provide missing internal nodes activity with simulation results or by editing the "By Resource Type" views         |
| Device models               | High       | Device models are Production                           |                                                                                                                    |
|                             |            |                                                        |                                                                                                                    |
| Overall confidence level    | Low        |                                                        |                                                                                                                    |
+-----------------------------+------------+--------------------------------------------------------+--------------------------------------------------------------------------------------------------------------------+


2. Settings
-----------

2.1 Environment
---------------

+-----------------------+--------------------------+
| Ambient Temp (C)      | 25.0                     |
| ThetaJA (C/W)         | 5.0                      |
| Airflow (LFM)         | 250                      |
| Heat Sink             | medium (Medium Profile)  |
| ThetaSA (C/W)         | 4.6                      |
| Board Selection       | medium (10"x10")         |
| # of Board Layers     | 12to15 (12 to 15 Layers) |
| Board Temperature (C) | 25.0                     |
+-----------------------+--------------------------+


2.2 Clock Constraints
---------------------

+-------+--------+-----------------+
| Clock | Domain | Constraint (ns) |
+-------+--------+-----------------+


3. Detailed Reports
-------------------

3.1 By Hierarchy
----------------

+-------------+-----------+
| Name        | Power (W) |
+-------------+-----------+
| Game_TOP    |   109.742 |
|   C         |     0.115 |
|   c1        |     0.016 |
|   RDC1      |     0.109 |
|   S1        |     0.618 |
|   S2        |     0.611 |
|   C2        |     0.153 |
|   c2        |     0.020 |
|   c3        |     0.030 |
|   c4        |     0.036 |
|   c5        |     0.045 |
|   c6        |     0.022 |
|   dbtnc     |     5.702 |
|   dbtnd     |     5.674 |
|   dbtnl     |     5.826 |
|   dbtnr     |     5.728 |
|   dhs[0]    |     5.727 |
|   dhs[1]    |     5.746 |
|   dhs[2]    |     5.671 |
|   dhs[3]    |     5.753 |
|   dhs[4]    |     5.796 |
|   dhs[5]    |     5.639 |
|   drst      |     5.708 |
|   m1        |     0.162 |
|     ac1     |     0.038 |
|     m0      |     0.114 |
|       pwm_0 |     0.114 |
|   obtnc     |     0.006 |
|   obtnd     |     0.005 |
|   ohs[0]    |     0.003 |
|   ohs[1]    |     0.029 |
|   ohs[5]    |     0.026 |
|   orst      |     0.024 |
+-------------+-----------+


